mode: set
github.com/yourorg/md-spec-tool/internal/converter/ai_cost.go:16.42,18.19 2 1
github.com/yourorg/md-spec-tool/internal/converter/ai_cost.go:18.19,20.3 1 0
github.com/yourorg/md-spec-tool/internal/converter/ai_cost.go:22.2,22.31 1 1
github.com/yourorg/md-spec-tool/internal/converter/ai_cost.go:25.84,26.43 1 1
github.com/yourorg/md-spec-tool/internal/converter/ai_cost.go:26.43,28.3 1 0
github.com/yourorg/md-spec-tool/internal/converter/ai_cost.go:29.2,30.9 2 1
github.com/yourorg/md-spec-tool/internal/converter/ai_cost.go:30.9,33.3 1 1
github.com/yourorg/md-spec-tool/internal/converter/ai_cost.go:34.2,36.31 3 1
github.com/yourorg/md-spec-tool/internal/converter/ai_mapping.go:34.166,35.122 1 1
github.com/yourorg/md-spec-tool/internal/converter/ai_mapping.go:35.122,37.3 1 1
github.com/yourorg/md-spec-tool/internal/converter/ai_mapping.go:42.226,44.2 1 0
github.com/yourorg/md-spec-tool/internal/converter/ai_mapping.go:46.238,50.23 2 1
github.com/yourorg/md-spec-tool/internal/converter/ai_mapping.go:50.23,53.3 2 1
github.com/yourorg/md-spec-tool/internal/converter/ai_mapping.go:56.2,56.12 1 1
github.com/yourorg/md-spec-tool/internal/converter/ai_mapping.go:56.12,60.3 3 0
github.com/yourorg/md-spec-tool/internal/converter/ai_mapping.go:63.2,63.45 1 1
github.com/yourorg/md-spec-tool/internal/converter/ai_mapping.go:63.45,66.3 2 1
github.com/yourorg/md-spec-tool/internal/converter/ai_mapping.go:68.2,71.22 4 1
github.com/yourorg/md-spec-tool/internal/converter/ai_mapping.go:71.22,75.3 1 1
github.com/yourorg/md-spec-tool/internal/converter/ai_mapping.go:77.2,90.16 6 1
github.com/yourorg/md-spec-tool/internal/converter/ai_mapping.go:90.16,99.42 6 1
github.com/yourorg/md-spec-tool/internal/converter/ai_mapping.go:99.42,104.4 4 1
github.com/yourorg/md-spec-tool/internal/converter/ai_mapping.go:104.9,106.4 1 0
github.com/yourorg/md-spec-tool/internal/converter/ai_mapping.go:108.3,115.11 1 1
github.com/yourorg/md-spec-tool/internal/converter/ai_mapping.go:118.2,124.33 7 1
github.com/yourorg/md-spec-tool/internal/converter/ai_mapping.go:124.33,127.3 2 1
github.com/yourorg/md-spec-tool/internal/converter/ai_mapping.go:128.2,138.70 6 1
github.com/yourorg/md-spec-tool/internal/converter/ai_mapping.go:138.70,150.3 4 1
github.com/yourorg/md-spec-tool/internal/converter/ai_mapping.go:152.2,152.48 1 1
github.com/yourorg/md-spec-tool/internal/converter/ai_mapping.go:157.68,159.28 2 1
github.com/yourorg/md-spec-tool/internal/converter/ai_mapping.go:159.28,161.3 1 1
github.com/yourorg/md-spec-tool/internal/converter/ai_mapping.go:162.2,167.44 2 1
github.com/yourorg/md-spec-tool/internal/converter/ai_mapping.go:167.44,169.3 1 1
github.com/yourorg/md-spec-tool/internal/converter/ai_mapping.go:171.2,172.90 1 1
github.com/yourorg/md-spec-tool/internal/converter/ai_mapping.go:172.90,174.3 1 1
github.com/yourorg/md-spec-tool/internal/converter/ai_mapping.go:176.2,177.83 1 1
github.com/yourorg/md-spec-tool/internal/converter/ai_mapping.go:177.83,179.3 1 0
github.com/yourorg/md-spec-tool/internal/converter/ai_mapping.go:181.2,182.77 1 1
github.com/yourorg/md-spec-tool/internal/converter/ai_mapping.go:182.77,184.3 1 0
github.com/yourorg/md-spec-tool/internal/converter/ai_mapping.go:186.2,188.42 1 1
github.com/yourorg/md-spec-tool/internal/converter/ai_mapping.go:188.42,190.3 1 1
github.com/yourorg/md-spec-tool/internal/converter/ai_mapping.go:191.2,191.15 1 1
github.com/yourorg/md-spec-tool/internal/converter/ai_mapping.go:194.74,195.17 1 1
github.com/yourorg/md-spec-tool/internal/converter/ai_mapping.go:195.17,197.3 1 0
github.com/yourorg/md-spec-tool/internal/converter/ai_mapping.go:198.2,198.45 1 1
github.com/yourorg/md-spec-tool/internal/converter/ai_mapping.go:198.45,200.3 1 1
github.com/yourorg/md-spec-tool/internal/converter/ai_mapping.go:201.2,201.23 1 1
github.com/yourorg/md-spec-tool/internal/converter/ai_mapping.go:201.23,203.3 1 0
github.com/yourorg/md-spec-tool/internal/converter/ai_mapping.go:204.2,205.40 2 1
github.com/yourorg/md-spec-tool/internal/converter/ai_mapping.go:208.61,209.16 1 1
github.com/yourorg/md-spec-tool/internal/converter/ai_mapping.go:209.16,211.3 1 0
github.com/yourorg/md-spec-tool/internal/converter/ai_mapping.go:212.2,213.27 2 1
github.com/yourorg/md-spec-tool/internal/converter/ai_mapping.go:213.27,214.27 1 1
github.com/yourorg/md-spec-tool/internal/converter/ai_mapping.go:214.27,215.9 1 1
github.com/yourorg/md-spec-tool/internal/converter/ai_mapping.go:217.3,217.22 1 1
github.com/yourorg/md-spec-tool/internal/converter/ai_mapping.go:217.22,218.12 1 0
github.com/yourorg/md-spec-tool/internal/converter/ai_mapping.go:220.3,220.42 1 1
github.com/yourorg/md-spec-tool/internal/converter/ai_mapping.go:222.2,222.15 1 1
github.com/yourorg/md-spec-tool/internal/converter/ai_mapping.go:225.36,226.27 1 1
github.com/yourorg/md-spec-tool/internal/converter/ai_mapping.go:226.27,227.36 1 1
github.com/yourorg/md-spec-tool/internal/converter/ai_mapping.go:227.36,229.4 1 1
github.com/yourorg/md-spec-tool/internal/converter/ai_mapping.go:231.2,231.13 1 0
github.com/yourorg/md-spec-tool/internal/converter/ai_mapping.go:234.39,236.27 2 1
github.com/yourorg/md-spec-tool/internal/converter/ai_mapping.go:236.27,238.3 1 1
github.com/yourorg/md-spec-tool/internal/converter/ai_mapping.go:239.2,239.16 1 1
github.com/yourorg/md-spec-tool/internal/converter/ai_mapping.go:242.50,244.33 2 1
github.com/yourorg/md-spec-tool/internal/converter/ai_mapping.go:244.33,246.3 1 1
github.com/yourorg/md-spec-tool/internal/converter/ai_mapping.go:247.2,247.14 1 1
github.com/yourorg/md-spec-tool/internal/converter/ai_mapping.go:250.110,255.49 4 1
github.com/yourorg/md-spec-tool/internal/converter/ai_mapping.go:255.49,257.10 2 1
github.com/yourorg/md-spec-tool/internal/converter/ai_mapping.go:257.10,258.49 1 0
github.com/yourorg/md-spec-tool/internal/converter/ai_mapping.go:258.49,267.5 1 0
github.com/yourorg/md-spec-tool/internal/converter/ai_mapping.go:268.4,268.12 1 0
github.com/yourorg/md-spec-tool/internal/converter/ai_mapping.go:270.3,270.69 1 1
github.com/yourorg/md-spec-tool/internal/converter/ai_mapping.go:270.69,279.12 2 0
github.com/yourorg/md-spec-tool/internal/converter/ai_mapping.go:281.3,281.41 1 1
github.com/yourorg/md-spec-tool/internal/converter/ai_mapping.go:281.41,290.12 2 0
github.com/yourorg/md-spec-tool/internal/converter/ai_mapping.go:292.3,293.42 2 1
github.com/yourorg/md-spec-tool/internal/converter/ai_mapping.go:296.2,297.34 2 1
github.com/yourorg/md-spec-tool/internal/converter/ai_mapping.go:297.34,298.45 1 0
github.com/yourorg/md-spec-tool/internal/converter/ai_mapping.go:298.45,299.66 1 0
github.com/yourorg/md-spec-tool/internal/converter/ai_mapping.go:299.66,301.5 1 0
github.com/yourorg/md-spec-tool/internal/converter/ai_mapping.go:303.8,304.34 1 1
github.com/yourorg/md-spec-tool/internal/converter/ai_mapping.go:304.34,305.23 1 1
github.com/yourorg/md-spec-tool/internal/converter/ai_mapping.go:305.23,307.5 1 1
github.com/yourorg/md-spec-tool/internal/converter/ai_mapping.go:311.2,311.35 1 1
github.com/yourorg/md-spec-tool/internal/converter/ai_mapping.go:444.62,445.47 1 1
github.com/yourorg/md-spec-tool/internal/converter/ai_mapping.go:445.47,447.3 1 1
github.com/yourorg/md-spec-tool/internal/converter/ai_mapping.go:448.2,448.29 1 0
github.com/yourorg/md-spec-tool/internal/converter/ai_mapping.go:448.29,450.3 1 0
github.com/yourorg/md-spec-tool/internal/converter/ai_mapping.go:451.2,451.18 1 0
github.com/yourorg/md-spec-tool/internal/converter/ai_mapping.go:454.60,455.34 1 1
github.com/yourorg/md-spec-tool/internal/converter/ai_mapping.go:455.34,457.3 1 0
github.com/yourorg/md-spec-tool/internal/converter/ai_mapping.go:458.2,469.51 12 1
github.com/yourorg/md-spec-tool/internal/converter/ai_mapping.go:472.69,473.34 1 1
github.com/yourorg/md-spec-tool/internal/converter/ai_mapping.go:473.34,475.3 1 0
github.com/yourorg/md-spec-tool/internal/converter/ai_mapping.go:476.2,487.51 12 1
github.com/yourorg/md-spec-tool/internal/converter/ai_mapping.go:490.77,491.22 1 0
github.com/yourorg/md-spec-tool/internal/converter/ai_mapping.go:491.22,493.3 1 0
github.com/yourorg/md-spec-tool/internal/converter/ai_mapping.go:494.2,494.20 1 0
github.com/yourorg/md-spec-tool/internal/converter/ai_mapping.go:494.20,496.3 1 0
github.com/yourorg/md-spec-tool/internal/converter/ai_mapping.go:497.2,497.45 1 0
github.com/yourorg/md-spec-tool/internal/converter/ai_mapping.go:497.45,499.3 1 0
github.com/yourorg/md-spec-tool/internal/converter/ai_mapping.go:500.2,500.53 1 0
github.com/yourorg/md-spec-tool/internal/converter/ai_mapping.go:500.53,502.3 1 0
github.com/yourorg/md-spec-tool/internal/converter/ai_mapping.go:503.2,503.54 1 0
github.com/yourorg/md-spec-tool/internal/converter/ai_mapping.go:503.54,505.3 1 0
github.com/yourorg/md-spec-tool/internal/converter/ai_mapping.go:506.2,506.14 1 0
github.com/yourorg/md-spec-tool/internal/converter/block_selection.go:14.69,15.26 1 0
github.com/yourorg/md-spec-tool/internal/converter/block_selection.go:15.26,17.3 1 0
github.com/yourorg/md-spec-tool/internal/converter/block_selection.go:19.2,20.31 2 0
github.com/yourorg/md-spec-tool/internal/converter/block_selection.go:20.31,21.22 1 0
github.com/yourorg/md-spec-tool/internal/converter/block_selection.go:21.22,23.9 2 0
github.com/yourorg/md-spec-tool/internal/converter/block_selection.go:27.2,28.31 2 0
github.com/yourorg/md-spec-tool/internal/converter/block_selection.go:28.31,29.44 1 0
github.com/yourorg/md-spec-tool/internal/converter/block_selection.go:29.44,31.9 2 0
github.com/yourorg/md-spec-tool/internal/converter/block_selection.go:35.2,38.39 3 0
github.com/yourorg/md-spec-tool/internal/converter/block_selection.go:38.39,39.44 1 0
github.com/yourorg/md-spec-tool/internal/converter/block_selection.go:39.44,40.12 1 0
github.com/yourorg/md-spec-tool/internal/converter/block_selection.go:42.3,42.58 1 0
github.com/yourorg/md-spec-tool/internal/converter/block_selection.go:42.58,43.12 1 0
github.com/yourorg/md-spec-tool/internal/converter/block_selection.go:46.3,51.32 5 0
github.com/yourorg/md-spec-tool/internal/converter/block_selection.go:51.32,54.12 3 0
github.com/yourorg/md-spec-tool/internal/converter/block_selection.go:57.3,57.33 1 0
github.com/yourorg/md-spec-tool/internal/converter/block_selection.go:57.33,58.69 1 0
github.com/yourorg/md-spec-tool/internal/converter/block_selection.go:58.69,60.13 2 0
github.com/yourorg/md-spec-tool/internal/converter/block_selection.go:62.4,62.61 1 0
github.com/yourorg/md-spec-tool/internal/converter/block_selection.go:62.61,64.13 2 0
github.com/yourorg/md-spec-tool/internal/converter/block_selection.go:66.4,66.67 1 0
github.com/yourorg/md-spec-tool/internal/converter/block_selection.go:66.67,68.13 2 0
github.com/yourorg/md-spec-tool/internal/converter/block_selection.go:70.4,70.69 1 0
github.com/yourorg/md-spec-tool/internal/converter/block_selection.go:70.69,72.5 1 0
github.com/yourorg/md-spec-tool/internal/converter/block_selection.go:76.2,76.23 1 0
github.com/yourorg/md-spec-tool/internal/converter/block_selection.go:76.23,78.3 1 0
github.com/yourorg/md-spec-tool/internal/converter/block_selection.go:80.2,80.20 1 0
github.com/yourorg/md-spec-tool/internal/converter/block_selection.go:83.49,84.16 1 0
github.com/yourorg/md-spec-tool/internal/converter/block_selection.go:84.16,86.3 1 0
github.com/yourorg/md-spec-tool/internal/converter/block_selection.go:87.2,87.18 1 0
github.com/yourorg/md-spec-tool/internal/converter/block_selection.go:87.18,89.3 1 0
github.com/yourorg/md-spec-tool/internal/converter/block_selection.go:90.2,90.38 1 0
github.com/yourorg/md-spec-tool/internal/converter/column_map.go:221.38,223.2 1 1
github.com/yourorg/md-spec-tool/internal/converter/column_map.go:226.75,230.33 3 1
github.com/yourorg/md-spec-tool/internal/converter/column_map.go:230.33,232.50 2 1
github.com/yourorg/md-spec-tool/internal/converter/column_map.go:232.50,234.43 1 1
github.com/yourorg/md-spec-tool/internal/converter/column_map.go:234.43,236.5 1 1
github.com/yourorg/md-spec-tool/internal/converter/column_map.go:237.9,239.4 1 1
github.com/yourorg/md-spec-tool/internal/converter/column_map.go:242.2,242.25 1 1
github.com/yourorg/md-spec-tool/internal/converter/column_map.go:246.62,254.2 4 1
github.com/yourorg/md-spec-tool/internal/converter/column_map.go:257.81,258.52 1 0
github.com/yourorg/md-spec-tool/internal/converter/column_map.go:258.52,260.3 1 0
github.com/yourorg/md-spec-tool/internal/converter/column_map.go:261.2,261.11 1 0
github.com/yourorg/md-spec-tool/internal/converter/column_overrides.go:5.86,6.22 1 0
github.com/yourorg/md-spec-tool/internal/converter/column_overrides.go:6.22,8.3 1 0
github.com/yourorg/md-spec-tool/internal/converter/column_overrides.go:9.2,11.57 3 0
github.com/yourorg/md-spec-tool/internal/converter/column_overrides.go:11.57,13.3 1 0
github.com/yourorg/md-spec-tool/internal/converter/column_overrides.go:14.2,15.25 2 0
github.com/yourorg/md-spec-tool/internal/converter/column_overrides.go:15.25,17.3 1 0
github.com/yourorg/md-spec-tool/internal/converter/column_overrides.go:19.2,20.29 2 0
github.com/yourorg/md-spec-tool/internal/converter/column_overrides.go:20.29,23.3 2 0
github.com/yourorg/md-spec-tool/internal/converter/column_overrides.go:25.2,25.35 1 0
github.com/yourorg/md-spec-tool/internal/converter/column_overrides.go:25.35,27.20 2 0
github.com/yourorg/md-spec-tool/internal/converter/column_overrides.go:27.20,28.12 1 0
github.com/yourorg/md-spec-tool/internal/converter/column_overrides.go:30.3,30.45 1 0
github.com/yourorg/md-spec-tool/internal/converter/column_overrides.go:30.45,32.22 2 0
github.com/yourorg/md-spec-tool/internal/converter/column_overrides.go:32.22,34.13 2 0
github.com/yourorg/md-spec-tool/internal/converter/column_overrides.go:37.3,37.44 1 0
github.com/yourorg/md-spec-tool/internal/converter/column_overrides.go:37.44,39.22 2 0
github.com/yourorg/md-spec-tool/internal/converter/column_overrides.go:39.22,41.5 1 0
github.com/yourorg/md-spec-tool/internal/converter/column_overrides.go:45.2,45.16 1 0
github.com/yourorg/md-spec-tool/internal/converter/converter.go:23.143,32.2 1 1
github.com/yourorg/md-spec-tool/internal/converter/converter.go:65.45,70.2 1 1
github.com/yourorg/md-spec-tool/internal/converter/converter.go:73.32,95.2 2 1
github.com/yourorg/md-spec-tool/internal/converter/converter.go:100.71,116.20 2 0
github.com/yourorg/md-spec-tool/internal/converter/converter.go:116.20,118.3 1 0
github.com/yourorg/md-spec-tool/internal/converter/converter.go:119.2,119.14 1 0
github.com/yourorg/md-spec-tool/internal/converter/converter.go:123.66,125.20 2 1
github.com/yourorg/md-spec-tool/internal/converter/converter.go:125.20,127.3 1 1
github.com/yourorg/md-spec-tool/internal/converter/converter.go:128.2,128.10 1 1
github.com/yourorg/md-spec-tool/internal/converter/converter.go:132.59,134.40 2 0
github.com/yourorg/md-spec-tool/internal/converter/converter.go:134.40,136.3 1 0
github.com/yourorg/md-spec-tool/internal/converter/converter.go:138.2,140.16 3 0
github.com/yourorg/md-spec-tool/internal/converter/converter.go:140.16,142.3 1 0
github.com/yourorg/md-spec-tool/internal/converter/converter.go:143.2,143.22 1 0
github.com/yourorg/md-spec-tool/internal/converter/converter.go:143.22,145.3 1 0
github.com/yourorg/md-spec-tool/internal/converter/converter.go:147.2,153.21 6 0
github.com/yourorg/md-spec-tool/internal/converter/converter.go:157.90,159.2 1 0
github.com/yourorg/md-spec-tool/internal/converter/converter.go:162.125,164.2 1 0
github.com/yourorg/md-spec-tool/internal/converter/converter.go:169.153,173.40 2 1
github.com/yourorg/md-spec-tool/internal/converter/converter.go:173.40,175.3 1 1
github.com/yourorg/md-spec-tool/internal/converter/converter.go:178.2,179.16 2 1
github.com/yourorg/md-spec-tool/internal/converter/converter.go:179.16,181.3 1 0
github.com/yourorg/md-spec-tool/internal/converter/converter.go:183.2,183.79 1 1
github.com/yourorg/md-spec-tool/internal/converter/converter.go:187.178,189.2 1 0
github.com/yourorg/md-spec-tool/internal/converter/converter.go:192.212,194.40 2 0
github.com/yourorg/md-spec-tool/internal/converter/converter.go:194.40,196.3 1 0
github.com/yourorg/md-spec-tool/internal/converter/converter.go:198.2,199.16 2 0
github.com/yourorg/md-spec-tool/internal/converter/converter.go:199.16,201.3 1 0
github.com/yourorg/md-spec-tool/internal/converter/converter.go:203.2,203.24 1 0
github.com/yourorg/md-spec-tool/internal/converter/converter.go:203.24,205.3 1 0
github.com/yourorg/md-spec-tool/internal/converter/converter.go:207.2,207.98 1 0
github.com/yourorg/md-spec-tool/internal/converter/converter.go:211.119,213.2 1 0
github.com/yourorg/md-spec-tool/internal/converter/converter.go:218.150,220.2 1 0
github.com/yourorg/md-spec-tool/internal/converter/converter.go:225.178,227.2 1 0
github.com/yourorg/md-spec-tool/internal/converter/converter.go:230.203,232.2 1 0
github.com/yourorg/md-spec-tool/internal/converter/converter.go:235.237,236.24 1 0
github.com/yourorg/md-spec-tool/internal/converter/converter.go:236.24,238.3 1 0
github.com/yourorg/md-spec-tool/internal/converter/converter.go:239.2,239.105 1 0
github.com/yourorg/md-spec-tool/internal/converter/converter.go:243.93,247.16 3 1
github.com/yourorg/md-spec-tool/internal/converter/converter.go:247.16,249.3 1 0
github.com/yourorg/md-spec-tool/internal/converter/converter.go:251.2,255.8 1 1
github.com/yourorg/md-spec-tool/internal/converter/converter.go:259.111,263.21 3 0
github.com/yourorg/md-spec-tool/internal/converter/converter.go:263.21,265.17 2 0
github.com/yourorg/md-spec-tool/internal/converter/converter.go:265.17,267.4 1 0
github.com/yourorg/md-spec-tool/internal/converter/converter.go:268.3,269.39 2 0
github.com/yourorg/md-spec-tool/internal/converter/converter.go:270.8,272.17 2 0
github.com/yourorg/md-spec-tool/internal/converter/converter.go:272.17,274.4 1 0
github.com/yourorg/md-spec-tool/internal/converter/converter.go:277.2,277.89 1 0
github.com/yourorg/md-spec-tool/internal/converter/converter.go:281.70,283.16 2 0
github.com/yourorg/md-spec-tool/internal/converter/converter.go:283.16,285.3 1 0
github.com/yourorg/md-spec-tool/internal/converter/converter.go:286.2,286.27 1 0
github.com/yourorg/md-spec-tool/internal/converter/converter.go:290.86,291.21 1 0
github.com/yourorg/md-spec-tool/internal/converter/converter.go:291.21,293.17 2 0
github.com/yourorg/md-spec-tool/internal/converter/converter.go:293.17,295.4 1 0
github.com/yourorg/md-spec-tool/internal/converter/converter.go:296.3,297.42 2 0
github.com/yourorg/md-spec-tool/internal/converter/converter.go:299.2,299.53 1 0
github.com/yourorg/md-spec-tool/internal/converter/converter.go:305.171,307.2 1 1
github.com/yourorg/md-spec-tool/internal/converter/converter.go:309.205,312.125 2 1
github.com/yourorg/md-spec-tool/internal/converter/converter.go:312.125,314.3 1 0
github.com/yourorg/md-spec-tool/internal/converter/converter.go:317.2,317.24 1 1
github.com/yourorg/md-spec-tool/internal/converter/converter.go:317.24,319.3 1 0
github.com/yourorg/md-spec-tool/internal/converter/converter.go:321.2,321.91 1 1
github.com/yourorg/md-spec-tool/internal/converter/converter.go:326.185,327.22 1 1
github.com/yourorg/md-spec-tool/internal/converter/converter.go:327.22,333.3 1 0
github.com/yourorg/md-spec-tool/internal/converter/converter.go:336.2,339.21 3 1
github.com/yourorg/md-spec-tool/internal/converter/converter.go:339.21,348.3 1 1
github.com/yourorg/md-spec-tool/internal/converter/converter.go:351.2,359.44 8 1
github.com/yourorg/md-spec-tool/internal/converter/converter.go:359.44,373.3 2 0
github.com/yourorg/md-spec-tool/internal/converter/converter.go:375.2,384.25 8 1
github.com/yourorg/md-spec-tool/internal/converter/converter.go:384.25,386.3 1 1
github.com/yourorg/md-spec-tool/internal/converter/converter.go:387.2,392.23 4 1
github.com/yourorg/md-spec-tool/internal/converter/converter.go:392.23,394.3 1 1
github.com/yourorg/md-spec-tool/internal/converter/converter.go:394.8,396.3 1 1
github.com/yourorg/md-spec-tool/internal/converter/converter.go:397.2,397.16 1 1
github.com/yourorg/md-spec-tool/internal/converter/converter.go:397.16,399.3 1 0
github.com/yourorg/md-spec-tool/internal/converter/converter.go:402.2,403.16 2 1
github.com/yourorg/md-spec-tool/internal/converter/converter.go:403.16,405.3 1 0
github.com/yourorg/md-spec-tool/internal/converter/converter.go:408.2,408.35 1 1
github.com/yourorg/md-spec-tool/internal/converter/converter.go:408.35,417.3 1 0
github.com/yourorg/md-spec-tool/internal/converter/converter.go:420.2,434.8 3 1
github.com/yourorg/md-spec-tool/internal/converter/converter.go:438.106,439.22 1 0
github.com/yourorg/md-spec-tool/internal/converter/converter.go:439.22,445.3 1 0
github.com/yourorg/md-spec-tool/internal/converter/converter.go:448.2,451.21 3 0
github.com/yourorg/md-spec-tool/internal/converter/converter.go:451.21,460.3 1 0
github.com/yourorg/md-spec-tool/internal/converter/converter.go:463.2,472.16 6 0
github.com/yourorg/md-spec-tool/internal/converter/converter.go:472.16,474.3 1 0
github.com/yourorg/md-spec-tool/internal/converter/converter.go:477.2,489.8 2 0
github.com/yourorg/md-spec-tool/internal/converter/converter.go:493.76,495.32 2 0
github.com/yourorg/md-spec-tool/internal/converter/converter.go:495.32,504.3 1 0
github.com/yourorg/md-spec-tool/internal/converter/converter.go:505.2,505.17 1 0
github.com/yourorg/md-spec-tool/internal/converter/converter.go:509.150,516.31 4 0
github.com/yourorg/md-spec-tool/internal/converter/converter.go:516.31,555.34 2 0
github.com/yourorg/md-spec-tool/internal/converter/converter.go:555.34,556.20 1 0
github.com/yourorg/md-spec-tool/internal/converter/converter.go:556.20,559.32 2 0
github.com/yourorg/md-spec-tool/internal/converter/converter.go:559.32,560.18 1 0
github.com/yourorg/md-spec-tool/internal/converter/converter.go:560.18,562.12 2 0
github.com/yourorg/md-spec-tool/internal/converter/converter.go:565.5,565.34 1 0
github.com/yourorg/md-spec-tool/internal/converter/converter.go:565.34,567.6 1 0
github.com/yourorg/md-spec-tool/internal/converter/converter.go:571.3,571.46 1 0
github.com/yourorg/md-spec-tool/internal/converter/converter.go:571.46,572.12 1 0
github.com/yourorg/md-spec-tool/internal/converter/converter.go:576.3,579.100 1 0
github.com/yourorg/md-spec-tool/internal/converter/converter.go:579.100,580.12 1 0
github.com/yourorg/md-spec-tool/internal/converter/converter.go:584.3,584.54 1 0
github.com/yourorg/md-spec-tool/internal/converter/converter.go:584.54,586.30 2 0
github.com/yourorg/md-spec-tool/internal/converter/converter.go:586.30,588.5 1 0
github.com/yourorg/md-spec-tool/internal/converter/converter.go:592.3,592.51 1 0
github.com/yourorg/md-spec-tool/internal/converter/converter.go:592.51,594.30 2 0
github.com/yourorg/md-spec-tool/internal/converter/converter.go:594.30,596.5 1 0
github.com/yourorg/md-spec-tool/internal/converter/converter.go:600.3,600.33 1 0
github.com/yourorg/md-spec-tool/internal/converter/converter.go:600.33,602.39 2 0
github.com/yourorg/md-spec-tool/internal/converter/converter.go:602.39,604.5 1 0
github.com/yourorg/md-spec-tool/internal/converter/converter.go:605.4,605.39 1 0
github.com/yourorg/md-spec-tool/internal/converter/converter.go:605.39,607.5 1 0
github.com/yourorg/md-spec-tool/internal/converter/converter.go:608.4,608.28 1 0
github.com/yourorg/md-spec-tool/internal/converter/converter.go:608.28,610.5 1 0
github.com/yourorg/md-spec-tool/internal/converter/converter.go:611.4,611.22 1 0
github.com/yourorg/md-spec-tool/internal/converter/converter.go:611.22,613.5 1 0
github.com/yourorg/md-spec-tool/internal/converter/converter.go:615.3,615.33 1 0
github.com/yourorg/md-spec-tool/internal/converter/converter.go:615.33,616.105 1 0
github.com/yourorg/md-spec-tool/internal/converter/converter.go:616.105,618.5 1 0
github.com/yourorg/md-spec-tool/internal/converter/converter.go:619.4,619.105 1 0
github.com/yourorg/md-spec-tool/internal/converter/converter.go:619.105,621.5 1 0
github.com/yourorg/md-spec-tool/internal/converter/converter.go:622.4,622.82 1 0
github.com/yourorg/md-spec-tool/internal/converter/converter.go:622.82,624.5 1 0
github.com/yourorg/md-spec-tool/internal/converter/converter.go:626.3,626.61 1 0
github.com/yourorg/md-spec-tool/internal/converter/converter.go:626.61,628.4 1 0
github.com/yourorg/md-spec-tool/internal/converter/converter.go:630.3,633.28 2 0
github.com/yourorg/md-spec-tool/internal/converter/converter.go:633.28,635.4 1 0
github.com/yourorg/md-spec-tool/internal/converter/converter.go:639.2,640.17 2 0
github.com/yourorg/md-spec-tool/internal/converter/converter.go:640.17,642.3 1 0
github.com/yourorg/md-spec-tool/internal/converter/converter.go:644.2,656.3 1 0
github.com/yourorg/md-spec-tool/internal/converter/converter.go:659.52,661.2 1 0
github.com/yourorg/md-spec-tool/internal/converter/converter.go:663.87,664.24 1 0
github.com/yourorg/md-spec-tool/internal/converter/converter.go:664.24,666.3 1 0
github.com/yourorg/md-spec-tool/internal/converter/converter.go:667.2,668.29 2 0
github.com/yourorg/md-spec-tool/internal/converter/converter.go:668.29,669.29 1 0
github.com/yourorg/md-spec-tool/internal/converter/converter.go:669.29,670.12 1 0
github.com/yourorg/md-spec-tool/internal/converter/converter.go:672.3,672.33 1 0
github.com/yourorg/md-spec-tool/internal/converter/converter.go:674.2,674.17 1 0
github.com/yourorg/md-spec-tool/internal/converter/converter.go:677.41,679.20 2 0
github.com/yourorg/md-spec-tool/internal/converter/converter.go:679.20,681.3 1 0
github.com/yourorg/md-spec-tool/internal/converter/converter.go:682.2,682.16 1 0
github.com/yourorg/md-spec-tool/internal/converter/converter.go:685.44,692.2 1 0
github.com/yourorg/md-spec-tool/internal/converter/converter.go:694.65,695.18 1 0
github.com/yourorg/md-spec-tool/internal/converter/converter.go:695.18,697.3 1 0
github.com/yourorg/md-spec-tool/internal/converter/converter.go:698.2,698.30 1 0
github.com/yourorg/md-spec-tool/internal/converter/converter.go:698.30,700.3 1 0
github.com/yourorg/md-spec-tool/internal/converter/converter.go:701.2,701.20 1 0
github.com/yourorg/md-spec-tool/internal/converter/converter.go:701.20,703.3 1 0
github.com/yourorg/md-spec-tool/internal/converter/converter.go:705.2,705.32 1 0
github.com/yourorg/md-spec-tool/internal/converter/converter.go:705.32,707.3 1 0
github.com/yourorg/md-spec-tool/internal/converter/converter.go:708.2,708.36 1 0
github.com/yourorg/md-spec-tool/internal/converter/converter.go:708.36,710.3 1 0
github.com/yourorg/md-spec-tool/internal/converter/converter.go:711.2,712.13 2 0
github.com/yourorg/md-spec-tool/internal/converter/converter.go:715.40,717.13 2 0
github.com/yourorg/md-spec-tool/internal/converter/converter.go:717.13,719.3 1 0
github.com/yourorg/md-spec-tool/internal/converter/converter.go:720.2,720.23 1 0
github.com/yourorg/md-spec-tool/internal/converter/converter.go:720.23,721.27 1 0
github.com/yourorg/md-spec-tool/internal/converter/converter.go:721.27,723.4 1 0
github.com/yourorg/md-spec-tool/internal/converter/converter.go:725.2,725.13 1 0
github.com/yourorg/md-spec-tool/internal/converter/converter.go:728.44,730.13 2 0
github.com/yourorg/md-spec-tool/internal/converter/converter.go:730.13,732.3 1 0
github.com/yourorg/md-spec-tool/internal/converter/converter.go:733.2,733.23 1 0
github.com/yourorg/md-spec-tool/internal/converter/converter.go:733.23,734.59 1 0
github.com/yourorg/md-spec-tool/internal/converter/converter.go:734.59,736.4 1 0
github.com/yourorg/md-spec-tool/internal/converter/converter.go:737.3,737.35 1 0
github.com/yourorg/md-spec-tool/internal/converter/converter.go:737.35,739.4 1 0
github.com/yourorg/md-spec-tool/internal/converter/converter.go:740.3,740.35 1 0
github.com/yourorg/md-spec-tool/internal/converter/converter.go:740.35,742.4 1 0
github.com/yourorg/md-spec-tool/internal/converter/converter.go:744.2,744.14 1 0
github.com/yourorg/md-spec-tool/internal/converter/converter.go:747.55,749.16 2 0
github.com/yourorg/md-spec-tool/internal/converter/converter.go:749.16,751.3 1 0
github.com/yourorg/md-spec-tool/internal/converter/converter.go:752.2,752.24 1 0
github.com/yourorg/md-spec-tool/internal/converter/converter.go:752.24,755.3 2 0
github.com/yourorg/md-spec-tool/internal/converter/converter.go:756.2,756.27 1 0
github.com/yourorg/md-spec-tool/internal/converter/converter.go:756.27,759.3 2 0
github.com/yourorg/md-spec-tool/internal/converter/converter.go:760.2,760.31 1 0
github.com/yourorg/md-spec-tool/internal/converter/converter.go:760.31,763.3 2 0
github.com/yourorg/md-spec-tool/internal/converter/converter.go:764.2,764.36 1 0
github.com/yourorg/md-spec-tool/internal/converter/converter.go:764.36,767.3 2 0
github.com/yourorg/md-spec-tool/internal/converter/converter.go:768.2,768.21 1 0
github.com/yourorg/md-spec-tool/internal/converter/converter.go:772.55,775.29 3 0
github.com/yourorg/md-spec-tool/internal/converter/converter.go:775.29,776.68 1 0
github.com/yourorg/md-spec-tool/internal/converter/converter.go:776.68,778.4 1 0
github.com/yourorg/md-spec-tool/internal/converter/converter.go:780.2,780.18 1 0
github.com/yourorg/md-spec-tool/internal/converter/converter.go:786.137,787.24 1 0
github.com/yourorg/md-spec-tool/internal/converter/converter.go:787.24,789.3 1 0
github.com/yourorg/md-spec-tool/internal/converter/converter.go:790.2,794.33 5 0
github.com/yourorg/md-spec-tool/internal/converter/converter.go:794.33,795.37 1 0
github.com/yourorg/md-spec-tool/internal/converter/converter.go:795.37,797.4 1 0
github.com/yourorg/md-spec-tool/internal/converter/converter.go:799.2,799.32 1 0
github.com/yourorg/md-spec-tool/internal/converter/converter.go:804.205,805.24 1 0
github.com/yourorg/md-spec-tool/internal/converter/converter.go:805.24,807.3 1 0
github.com/yourorg/md-spec-tool/internal/converter/converter.go:808.2,810.141 3 0
github.com/yourorg/md-spec-tool/internal/converter/converter.go:810.141,813.3 2 0
github.com/yourorg/md-spec-tool/internal/converter/converter.go:814.2,816.33 3 0
github.com/yourorg/md-spec-tool/internal/converter/converter.go:816.33,817.37 1 0
github.com/yourorg/md-spec-tool/internal/converter/converter.go:817.37,819.4 1 0
github.com/yourorg/md-spec-tool/internal/converter/converter.go:821.2,821.32 1 0
github.com/yourorg/md-spec-tool/internal/converter/converter.go:826.146,827.24 1 0
github.com/yourorg/md-spec-tool/internal/converter/converter.go:827.24,829.3 1 0
github.com/yourorg/md-spec-tool/internal/converter/converter.go:830.2,835.33 6 0
github.com/yourorg/md-spec-tool/internal/converter/converter.go:835.33,836.37 1 0
github.com/yourorg/md-spec-tool/internal/converter/converter.go:836.37,838.4 1 0
github.com/yourorg/md-spec-tool/internal/converter/converter.go:840.2,840.32 1 0
github.com/yourorg/md-spec-tool/internal/converter/converter.go:845.41,847.2 1 0
github.com/yourorg/md-spec-tool/internal/converter/dynamic_mapping.go:14.118,15.23 1 1
github.com/yourorg/md-spec-tool/internal/converter/dynamic_mapping.go:15.23,17.3 1 0
github.com/yourorg/md-spec-tool/internal/converter/dynamic_mapping.go:19.2,21.31 3 1
github.com/yourorg/md-spec-tool/internal/converter/dynamic_mapping.go:21.31,23.3 1 1
github.com/yourorg/md-spec-tool/internal/converter/dynamic_mapping.go:25.2,26.45 2 1
github.com/yourorg/md-spec-tool/internal/converter/dynamic_mapping.go:26.45,27.44 1 1
github.com/yourorg/md-spec-tool/internal/converter/dynamic_mapping.go:27.44,29.4 1 1
github.com/yourorg/md-spec-tool/internal/converter/dynamic_mapping.go:32.2,33.35 2 1
github.com/yourorg/md-spec-tool/internal/converter/dynamic_mapping.go:33.35,34.23 1 1
github.com/yourorg/md-spec-tool/internal/converter/dynamic_mapping.go:34.23,35.12 1 1
github.com/yourorg/md-spec-tool/internal/converter/dynamic_mapping.go:38.3,39.23 2 1
github.com/yourorg/md-spec-tool/internal/converter/dynamic_mapping.go:39.23,40.12 1 1
github.com/yourorg/md-spec-tool/internal/converter/dynamic_mapping.go:43.3,43.24 1 0
github.com/yourorg/md-spec-tool/internal/converter/dynamic_mapping.go:43.24,44.12 1 0
github.com/yourorg/md-spec-tool/internal/converter/dynamic_mapping.go:46.3,46.57 1 0
github.com/yourorg/md-spec-tool/internal/converter/dynamic_mapping.go:46.57,47.12 1 0
github.com/yourorg/md-spec-tool/internal/converter/dynamic_mapping.go:50.3,53.13 4 0
github.com/yourorg/md-spec-tool/internal/converter/dynamic_mapping.go:56.2,57.19 2 1
github.com/yourorg/md-spec-tool/internal/converter/dynamic_mapping.go:57.19,59.3 1 1
github.com/yourorg/md-spec-tool/internal/converter/dynamic_mapping.go:61.2,68.4 1 0
github.com/yourorg/md-spec-tool/internal/converter/dynamic_mapping.go:71.141,77.45 5 1
github.com/yourorg/md-spec-tool/internal/converter/dynamic_mapping.go:77.45,78.24 1 1
github.com/yourorg/md-spec-tool/internal/converter/dynamic_mapping.go:78.24,79.12 1 1
github.com/yourorg/md-spec-tool/internal/converter/dynamic_mapping.go:82.3,84.35 3 1
github.com/yourorg/md-spec-tool/internal/converter/dynamic_mapping.go:84.35,87.4 2 0
github.com/yourorg/md-spec-tool/internal/converter/dynamic_mapping.go:87.9,87.44 1 1
github.com/yourorg/md-spec-tool/internal/converter/dynamic_mapping.go:87.44,89.4 1 0
github.com/yourorg/md-spec-tool/internal/converter/dynamic_mapping.go:92.2,92.21 1 1
github.com/yourorg/md-spec-tool/internal/converter/dynamic_mapping.go:109.66,111.27 2 1
github.com/yourorg/md-spec-tool/internal/converter/dynamic_mapping.go:111.27,112.25 1 1
github.com/yourorg/md-spec-tool/internal/converter/dynamic_mapping.go:112.25,113.12 1 0
github.com/yourorg/md-spec-tool/internal/converter/dynamic_mapping.go:115.3,116.34 2 1
github.com/yourorg/md-spec-tool/internal/converter/dynamic_mapping.go:116.34,117.12 1 0
github.com/yourorg/md-spec-tool/internal/converter/dynamic_mapping.go:120.3,123.115 3 1
github.com/yourorg/md-spec-tool/internal/converter/dynamic_mapping.go:123.115,125.4 1 0
github.com/yourorg/md-spec-tool/internal/converter/dynamic_mapping.go:126.3,126.29 1 1
github.com/yourorg/md-spec-tool/internal/converter/dynamic_mapping.go:126.29,128.4 1 0
github.com/yourorg/md-spec-tool/internal/converter/dynamic_mapping.go:129.3,129.23 1 1
github.com/yourorg/md-spec-tool/internal/converter/dynamic_mapping.go:129.23,131.4 1 0
github.com/yourorg/md-spec-tool/internal/converter/dynamic_mapping.go:132.3,132.26 1 1
github.com/yourorg/md-spec-tool/internal/converter/dynamic_mapping.go:132.26,134.4 1 0
github.com/yourorg/md-spec-tool/internal/converter/dynamic_mapping.go:135.3,135.28 1 1
github.com/yourorg/md-spec-tool/internal/converter/dynamic_mapping.go:135.28,137.4 1 0
github.com/yourorg/md-spec-tool/internal/converter/dynamic_mapping.go:138.3,138.28 1 1
github.com/yourorg/md-spec-tool/internal/converter/dynamic_mapping.go:138.28,140.4 1 0
github.com/yourorg/md-spec-tool/internal/converter/dynamic_mapping.go:141.3,141.26 1 1
github.com/yourorg/md-spec-tool/internal/converter/dynamic_mapping.go:141.26,143.4 1 0
github.com/yourorg/md-spec-tool/internal/converter/dynamic_mapping.go:144.3,144.113 1 1
github.com/yourorg/md-spec-tool/internal/converter/dynamic_mapping.go:144.113,146.4 1 0
github.com/yourorg/md-spec-tool/internal/converter/dynamic_mapping.go:147.3,147.30 1 1
github.com/yourorg/md-spec-tool/internal/converter/dynamic_mapping.go:147.30,149.4 1 0
github.com/yourorg/md-spec-tool/internal/converter/dynamic_mapping.go:150.3,150.30 1 1
github.com/yourorg/md-spec-tool/internal/converter/dynamic_mapping.go:150.30,152.4 1 0
github.com/yourorg/md-spec-tool/internal/converter/dynamic_mapping.go:155.2,155.24 1 1
github.com/yourorg/md-spec-tool/internal/converter/dynamic_mapping.go:155.24,157.3 1 0
github.com/yourorg/md-spec-tool/internal/converter/dynamic_mapping.go:159.2,170.14 12 1
github.com/yourorg/md-spec-tool/internal/converter/dynamic_mapping.go:173.85,176.58 2 1
github.com/yourorg/md-spec-tool/internal/converter/dynamic_mapping.go:176.58,178.3 1 0
github.com/yourorg/md-spec-tool/internal/converter/dynamic_mapping.go:180.2,180.15 1 1
github.com/yourorg/md-spec-tool/internal/converter/dynamic_mapping.go:181.21,182.33 1 1
github.com/yourorg/md-spec-tool/internal/converter/dynamic_mapping.go:183.19,184.36 1 1
github.com/yourorg/md-spec-tool/internal/converter/dynamic_mapping.go:185.23,186.40 1 1
github.com/yourorg/md-spec-tool/internal/converter/dynamic_mapping.go:187.19,188.36 1 1
github.com/yourorg/md-spec-tool/internal/converter/dynamic_mapping.go:189.21,190.38 1 1
github.com/yourorg/md-spec-tool/internal/converter/dynamic_mapping.go:191.29,192.38 1 1
github.com/yourorg/md-spec-tool/internal/converter/dynamic_mapping.go:193.19,194.36 1 1
github.com/yourorg/md-spec-tool/internal/converter/dynamic_mapping.go:195.24,196.37 1 1
github.com/yourorg/md-spec-tool/internal/converter/dynamic_mapping.go:197.88,198.38 1 1
github.com/yourorg/md-spec-tool/internal/converter/dynamic_mapping.go:199.73,200.38 1 1
github.com/yourorg/md-spec-tool/internal/converter/dynamic_mapping.go:201.18,202.34 1 1
github.com/yourorg/md-spec-tool/internal/converter/dynamic_mapping.go:205.2,205.15 1 1
github.com/yourorg/md-spec-tool/internal/converter/dynamic_mapping.go:205.15,207.3 1 0
github.com/yourorg/md-spec-tool/internal/converter/dynamic_mapping.go:208.2,208.14 1 1
github.com/yourorg/md-spec-tool/internal/converter/dynamic_mapping.go:211.57,212.15 1 1
github.com/yourorg/md-spec-tool/internal/converter/dynamic_mapping.go:213.15,214.65 1 0
github.com/yourorg/md-spec-tool/internal/converter/dynamic_mapping.go:215.18,216.46 1 0
github.com/yourorg/md-spec-tool/internal/converter/dynamic_mapping.go:217.24,218.56 1 0
github.com/yourorg/md-spec-tool/internal/converter/dynamic_mapping.go:219.23,220.66 1 1
github.com/yourorg/md-spec-tool/internal/converter/dynamic_mapping.go:221.20,222.63 1 1
github.com/yourorg/md-spec-tool/internal/converter/dynamic_mapping.go:223.21,224.65 1 1
github.com/yourorg/md-spec-tool/internal/converter/dynamic_mapping.go:225.25,226.81 1 1
github.com/yourorg/md-spec-tool/internal/converter/dynamic_mapping.go:227.19,228.68 1 1
github.com/yourorg/md-spec-tool/internal/converter/dynamic_mapping.go:229.21,230.88 1 1
github.com/yourorg/md-spec-tool/internal/converter/dynamic_mapping.go:231.25,232.85 1 1
github.com/yourorg/md-spec-tool/internal/converter/dynamic_mapping.go:233.21,234.63 1 1
github.com/yourorg/md-spec-tool/internal/converter/dynamic_mapping.go:235.17,236.43 1 1
github.com/yourorg/md-spec-tool/internal/converter/dynamic_mapping.go:237.19,238.49 1 1
github.com/yourorg/md-spec-tool/internal/converter/dynamic_mapping.go:239.21,240.68 1 1
github.com/yourorg/md-spec-tool/internal/converter/dynamic_mapping.go:241.19,242.51 1 1
github.com/yourorg/md-spec-tool/internal/converter/dynamic_mapping.go:243.23,244.64 1 1
github.com/yourorg/md-spec-tool/internal/converter/dynamic_mapping.go:245.21,246.66 1 1
github.com/yourorg/md-spec-tool/internal/converter/dynamic_mapping.go:247.23,248.48 1 1
github.com/yourorg/md-spec-tool/internal/converter/dynamic_mapping.go:249.18,250.55 1 1
github.com/yourorg/md-spec-tool/internal/converter/dynamic_mapping.go:251.22,252.49 1 1
github.com/yourorg/md-spec-tool/internal/converter/dynamic_mapping.go:253.21,254.51 1 1
github.com/yourorg/md-spec-tool/internal/converter/dynamic_mapping.go:255.21,256.46 1 1
github.com/yourorg/md-spec-tool/internal/converter/dynamic_mapping.go:257.15,258.50 1 1
github.com/yourorg/md-spec-tool/internal/converter/dynamic_mapping.go:259.21,260.52 1 1
github.com/yourorg/md-spec-tool/internal/converter/dynamic_mapping.go:261.21,262.66 1 1
github.com/yourorg/md-spec-tool/internal/converter/dynamic_mapping.go:263.29,264.76 1 1
github.com/yourorg/md-spec-tool/internal/converter/dynamic_mapping.go:265.30,266.69 1 1
github.com/yourorg/md-spec-tool/internal/converter/dynamic_mapping.go:267.30,268.69 1 1
github.com/yourorg/md-spec-tool/internal/converter/dynamic_mapping.go:269.19,270.60 1 1
github.com/yourorg/md-spec-tool/internal/converter/dynamic_mapping.go:271.27,272.84 1 1
github.com/yourorg/md-spec-tool/internal/converter/dynamic_mapping.go:273.10,274.13 1 0
github.com/yourorg/md-spec-tool/internal/converter/dynamic_mapping.go:278.62,279.24 1 1
github.com/yourorg/md-spec-tool/internal/converter/dynamic_mapping.go:279.24,281.3 1 0
github.com/yourorg/md-spec-tool/internal/converter/dynamic_mapping.go:282.2,282.35 1 1
github.com/yourorg/md-spec-tool/internal/converter/dynamic_mapping.go:282.35,283.40 1 1
github.com/yourorg/md-spec-tool/internal/converter/dynamic_mapping.go:283.40,285.4 1 0
github.com/yourorg/md-spec-tool/internal/converter/dynamic_mapping.go:287.2,287.14 1 1
github.com/yourorg/md-spec-tool/internal/converter/dynamic_mapping.go:290.41,291.27 1 1
github.com/yourorg/md-spec-tool/internal/converter/dynamic_mapping.go:291.27,292.27 1 1
github.com/yourorg/md-spec-tool/internal/converter/dynamic_mapping.go:292.27,294.4 1 1
github.com/yourorg/md-spec-tool/internal/converter/dynamic_mapping.go:296.2,296.20 1 0
github.com/yourorg/md-spec-tool/internal/converter/dynamic_mapping.go:299.42,300.51 1 1
github.com/yourorg/md-spec-tool/internal/converter/dynamic_mapping.go:301.66,302.14 1 0
github.com/yourorg/md-spec-tool/internal/converter/dynamic_mapping.go:303.10,304.15 1 1
github.com/yourorg/md-spec-tool/internal/converter/dynamic_mapping.go:308.42,309.21 1 1
github.com/yourorg/md-spec-tool/internal/converter/dynamic_mapping.go:309.21,311.3 1 1
github.com/yourorg/md-spec-tool/internal/converter/dynamic_mapping.go:312.2,312.27 1 0
github.com/yourorg/md-spec-tool/internal/converter/dynamic_mapping.go:312.27,313.27 1 0
github.com/yourorg/md-spec-tool/internal/converter/dynamic_mapping.go:313.27,315.4 1 0
github.com/yourorg/md-spec-tool/internal/converter/dynamic_mapping.go:317.2,317.41 1 0
github.com/yourorg/md-spec-tool/internal/converter/dynamic_mapping.go:320.38,322.33 2 1
github.com/yourorg/md-spec-tool/internal/converter/dynamic_mapping.go:322.33,323.17 1 1
github.com/yourorg/md-spec-tool/internal/converter/dynamic_mapping.go:323.17,325.4 1 0
github.com/yourorg/md-spec-tool/internal/converter/dynamic_mapping.go:327.2,327.14 1 1
github.com/yourorg/md-spec-tool/internal/converter/dynamic_mapping.go:330.40,332.35 2 1
github.com/yourorg/md-spec-tool/internal/converter/dynamic_mapping.go:332.35,333.17 1 1
github.com/yourorg/md-spec-tool/internal/converter/dynamic_mapping.go:333.17,335.4 1 0
github.com/yourorg/md-spec-tool/internal/converter/dynamic_mapping.go:337.2,337.14 1 1
github.com/yourorg/md-spec-tool/internal/converter/dynamic_mapping.go:340.40,342.35 2 1
github.com/yourorg/md-spec-tool/internal/converter/dynamic_mapping.go:342.35,343.17 1 1
github.com/yourorg/md-spec-tool/internal/converter/dynamic_mapping.go:343.17,345.4 1 0
github.com/yourorg/md-spec-tool/internal/converter/dynamic_mapping.go:347.2,347.14 1 1
github.com/yourorg/md-spec-tool/internal/converter/dynamic_mapping.go:350.38,352.37 2 1
github.com/yourorg/md-spec-tool/internal/converter/dynamic_mapping.go:352.37,353.37 1 1
github.com/yourorg/md-spec-tool/internal/converter/dynamic_mapping.go:353.37,355.4 1 0
github.com/yourorg/md-spec-tool/internal/converter/dynamic_mapping.go:357.2,357.14 1 1
github.com/yourorg/md-spec-tool/internal/converter/dynamic_mapping.go:360.74,362.29 2 1
github.com/yourorg/md-spec-tool/internal/converter/dynamic_mapping.go:362.29,364.3 1 1
github.com/yourorg/md-spec-tool/internal/converter/dynamic_mapping.go:366.2,367.35 2 1
github.com/yourorg/md-spec-tool/internal/converter/dynamic_mapping.go:367.35,368.19 1 1
github.com/yourorg/md-spec-tool/internal/converter/dynamic_mapping.go:368.19,370.4 1 1
github.com/yourorg/md-spec-tool/internal/converter/dynamic_mapping.go:372.2,372.17 1 1
github.com/yourorg/md-spec-tool/internal/converter/dynamic_mapping.go:375.49,376.22 1 1
github.com/yourorg/md-spec-tool/internal/converter/dynamic_mapping.go:376.22,378.3 1 0
github.com/yourorg/md-spec-tool/internal/converter/dynamic_mapping.go:379.2,380.33 2 1
github.com/yourorg/md-spec-tool/internal/converter/dynamic_mapping.go:380.33,382.3 1 1
github.com/yourorg/md-spec-tool/internal/converter/dynamic_mapping.go:383.2,383.15 1 1
github.com/yourorg/md-spec-tool/internal/converter/dynamic_mapping.go:386.44,419.2 1 1
github.com/yourorg/md-spec-tool/internal/converter/fallback_mapper.go:13.42,17.2 1 0
github.com/yourorg/md-spec-tool/internal/converter/fallback_mapper.go:21.77,25.33 3 0
github.com/yourorg/md-spec-tool/internal/converter/fallback_mapper.go:25.33,27.46 2 0
github.com/yourorg/md-spec-tool/internal/converter/fallback_mapper.go:27.46,29.43 1 0
github.com/yourorg/md-spec-tool/internal/converter/fallback_mapper.go:29.43,31.5 1 0
github.com/yourorg/md-spec-tool/internal/converter/fallback_mapper.go:32.9,34.4 1 0
github.com/yourorg/md-spec-tool/internal/converter/fallback_mapper.go:37.2,37.25 1 0
github.com/yourorg/md-spec-tool/internal/converter/fallback_mapper.go:41.64,49.2 4 0
github.com/yourorg/md-spec-tool/internal/converter/fallback_mapper.go:52.97,55.2 2 0
github.com/yourorg/md-spec-tool/internal/converter/fallback_mapper.go:58.90,60.29 2 0
github.com/yourorg/md-spec-tool/internal/converter/fallback_mapper.go:60.29,62.3 1 0
github.com/yourorg/md-spec-tool/internal/converter/fallback_mapper.go:64.2,65.33 2 0
github.com/yourorg/md-spec-tool/internal/converter/fallback_mapper.go:65.33,66.24 1 0
github.com/yourorg/md-spec-tool/internal/converter/fallback_mapper.go:66.24,68.4 1 0
github.com/yourorg/md-spec-tool/internal/converter/fallback_mapper.go:70.2,70.17 1 0
github.com/yourorg/md-spec-tool/internal/converter/generic_renderer.go:21.54,26.2 1 1
github.com/yourorg/md-spec-tool/internal/converter/generic_renderer.go:30.82,33.2 2 0
github.com/yourorg/md-spec-tool/internal/converter/generic_renderer.go:36.79,37.18 1 0
github.com/yourorg/md-spec-tool/internal/converter/generic_renderer.go:37.18,39.3 1 0
github.com/yourorg/md-spec-tool/internal/converter/generic_renderer.go:41.2,44.29 2 0
github.com/yourorg/md-spec-tool/internal/converter/generic_renderer.go:44.29,46.3 1 0
github.com/yourorg/md-spec-tool/internal/converter/generic_renderer.go:48.2,48.26 1 0
github.com/yourorg/md-spec-tool/internal/converter/generic_renderer.go:48.26,51.3 1 0
github.com/yourorg/md-spec-tool/internal/converter/generic_renderer.go:54.2,68.33 7 0
github.com/yourorg/md-spec-tool/internal/converter/generic_renderer.go:68.33,69.43 1 0
github.com/yourorg/md-spec-tool/internal/converter/generic_renderer.go:69.43,71.4 1 0
github.com/yourorg/md-spec-tool/internal/converter/generic_renderer.go:73.3,74.24 2 0
github.com/yourorg/md-spec-tool/internal/converter/generic_renderer.go:78.2,78.37 1 0
github.com/yourorg/md-spec-tool/internal/converter/generic_renderer.go:78.37,80.3 1 0
github.com/yourorg/md-spec-tool/internal/converter/generic_renderer.go:82.2,82.37 1 0
github.com/yourorg/md-spec-tool/internal/converter/generic_renderer.go:82.37,84.3 1 0
github.com/yourorg/md-spec-tool/internal/converter/generic_renderer.go:86.2,86.34 1 0
github.com/yourorg/md-spec-tool/internal/converter/generic_renderer.go:86.34,88.3 1 0
github.com/yourorg/md-spec-tool/internal/converter/generic_renderer.go:90.2,90.36 1 0
github.com/yourorg/md-spec-tool/internal/converter/generic_renderer.go:95.74,99.39 2 0
github.com/yourorg/md-spec-tool/internal/converter/generic_renderer.go:99.39,101.3 1 0
github.com/yourorg/md-spec-tool/internal/converter/generic_renderer.go:104.2,104.33 1 0
github.com/yourorg/md-spec-tool/internal/converter/generic_renderer.go:104.33,105.34 1 0
github.com/yourorg/md-spec-tool/internal/converter/generic_renderer.go:105.34,106.23 1 0
github.com/yourorg/md-spec-tool/internal/converter/generic_renderer.go:106.23,108.28 2 0
github.com/yourorg/md-spec-tool/internal/converter/generic_renderer.go:108.28,110.6 1 0
github.com/yourorg/md-spec-tool/internal/converter/generic_renderer.go:116.2,116.24 1 0
github.com/yourorg/md-spec-tool/internal/converter/generic_renderer.go:116.24,117.25 1 0
github.com/yourorg/md-spec-tool/internal/converter/generic_renderer.go:117.25,118.34 1 0
github.com/yourorg/md-spec-tool/internal/converter/generic_renderer.go:118.34,120.5 1 0
github.com/yourorg/md-spec-tool/internal/converter/generic_renderer.go:124.2,124.15 1 0
github.com/yourorg/md-spec-tool/internal/converter/generic_renderer.go:128.101,130.33 2 0
github.com/yourorg/md-spec-tool/internal/converter/generic_renderer.go:130.33,134.3 3 0
github.com/yourorg/md-spec-tool/internal/converter/generic_renderer.go:138.104,140.25 2 0
github.com/yourorg/md-spec-tool/internal/converter/generic_renderer.go:140.25,144.3 3 0
github.com/yourorg/md-spec-tool/internal/converter/generic_renderer.go:148.115,150.36 2 0
github.com/yourorg/md-spec-tool/internal/converter/generic_renderer.go:150.36,152.21 2 0
github.com/yourorg/md-spec-tool/internal/converter/generic_renderer.go:152.21,154.4 1 0
github.com/yourorg/md-spec-tool/internal/converter/generic_renderer.go:157.3,161.25 4 0
github.com/yourorg/md-spec-tool/internal/converter/generic_renderer.go:166.63,167.27 1 0
github.com/yourorg/md-spec-tool/internal/converter/generic_renderer.go:167.27,169.3 1 0
github.com/yourorg/md-spec-tool/internal/converter/generic_renderer.go:172.2,180.13 5 0
github.com/yourorg/md-spec-tool/internal/converter/generic_renderer.go:184.71,185.24 1 0
github.com/yourorg/md-spec-tool/internal/converter/generic_renderer.go:185.24,187.3 1 0
github.com/yourorg/md-spec-tool/internal/converter/generic_renderer.go:188.2,188.52 1 0
github.com/yourorg/md-spec-tool/internal/converter/generic_renderer.go:192.74,194.33 2 0
github.com/yourorg/md-spec-tool/internal/converter/generic_renderer.go:194.33,196.3 1 0
github.com/yourorg/md-spec-tool/internal/converter/generic_renderer.go:198.2,203.21 6 0
github.com/yourorg/md-spec-tool/internal/converter/header_detect.go:24.42,28.2 1 1
github.com/yourorg/md-spec-tool/internal/converter/header_detect.go:32.72,33.22 1 1
github.com/yourorg/md-spec-tool/internal/converter/header_detect.go:33.22,35.3 1 0
github.com/yourorg/md-spec-tool/internal/converter/header_detect.go:37.2,42.32 4 1
github.com/yourorg/md-spec-tool/internal/converter/header_detect.go:42.32,44.24 2 1
github.com/yourorg/md-spec-tool/internal/converter/header_detect.go:44.24,46.4 1 1
github.com/yourorg/md-spec-tool/internal/converter/header_detect.go:47.3,47.24 1 1
github.com/yourorg/md-spec-tool/internal/converter/header_detect.go:47.24,50.4 2 1
github.com/yourorg/md-spec-tool/internal/converter/header_detect.go:53.2,53.27 1 1
github.com/yourorg/md-spec-tool/internal/converter/header_detect.go:57.53,58.19 1 1
github.com/yourorg/md-spec-tool/internal/converter/header_detect.go:58.19,60.3 1 0
github.com/yourorg/md-spec-tool/internal/converter/header_detect.go:63.2,63.27 1 1
github.com/yourorg/md-spec-tool/internal/converter/header_detect.go:63.27,64.33 1 1
github.com/yourorg/md-spec-tool/internal/converter/header_detect.go:64.33,66.4 1 0
github.com/yourorg/md-spec-tool/internal/converter/header_detect.go:70.2,71.27 2 1
github.com/yourorg/md-spec-tool/internal/converter/header_detect.go:71.27,72.36 1 1
github.com/yourorg/md-spec-tool/internal/converter/header_detect.go:72.36,74.4 1 1
github.com/yourorg/md-spec-tool/internal/converter/header_detect.go:76.2,76.33 1 1
github.com/yourorg/md-spec-tool/internal/converter/header_detect.go:76.33,78.3 1 0
github.com/yourorg/md-spec-tool/internal/converter/header_detect.go:80.2,84.27 4 1
github.com/yourorg/md-spec-tool/internal/converter/header_detect.go:84.27,89.46 3 1
github.com/yourorg/md-spec-tool/internal/converter/header_detect.go:89.46,92.4 2 1
github.com/yourorg/md-spec-tool/internal/converter/header_detect.go:95.3,95.30 1 1
github.com/yourorg/md-spec-tool/internal/converter/header_detect.go:95.30,97.4 1 1
github.com/yourorg/md-spec-tool/internal/converter/header_detect.go:97.9,97.38 1 1
github.com/yourorg/md-spec-tool/internal/converter/header_detect.go:97.38,99.4 1 1
github.com/yourorg/md-spec-tool/internal/converter/header_detect.go:103.2,103.24 1 1
github.com/yourorg/md-spec-tool/internal/converter/header_detect.go:103.24,105.3 1 1
github.com/yourorg/md-spec-tool/internal/converter/header_detect.go:106.2,106.24 1 1
github.com/yourorg/md-spec-tool/internal/converter/header_detect.go:106.24,108.3 1 1
github.com/yourorg/md-spec-tool/internal/converter/header_detect.go:111.2,111.54 1 1
github.com/yourorg/md-spec-tool/internal/converter/header_detect.go:111.54,113.3 1 0
github.com/yourorg/md-spec-tool/internal/converter/header_detect.go:115.2,115.24 1 1
github.com/yourorg/md-spec-tool/internal/converter/header_detect.go:118.90,119.42 1 1
github.com/yourorg/md-spec-tool/internal/converter/header_detect.go:119.42,121.3 1 0
github.com/yourorg/md-spec-tool/internal/converter/header_detect.go:123.2,124.16 2 1
github.com/yourorg/md-spec-tool/internal/converter/header_detect.go:124.16,126.3 1 0
github.com/yourorg/md-spec-tool/internal/converter/header_detect.go:128.2,129.29 2 1
github.com/yourorg/md-spec-tool/internal/converter/header_detect.go:129.29,132.25 3 1
github.com/yourorg/md-spec-tool/internal/converter/header_detect.go:132.25,133.12 1 0
github.com/yourorg/md-spec-tool/internal/converter/header_detect.go:136.3,136.48 1 1
github.com/yourorg/md-spec-tool/internal/converter/header_detect.go:136.48,138.4 1 1
github.com/yourorg/md-spec-tool/internal/converter/header_detect.go:139.3,139.24 1 1
github.com/yourorg/md-spec-tool/internal/converter/header_detect.go:139.24,141.4 1 1
github.com/yourorg/md-spec-tool/internal/converter/header_detect.go:142.3,142.40 1 1
github.com/yourorg/md-spec-tool/internal/converter/header_detect.go:142.40,144.4 1 1
github.com/yourorg/md-spec-tool/internal/converter/header_detect.go:147.2,147.16 1 1
github.com/yourorg/md-spec-tool/internal/converter/header_detect.go:147.16,149.3 1 0
github.com/yourorg/md-spec-tool/internal/converter/header_detect.go:150.2,150.14 1 1
github.com/yourorg/md-spec-tool/internal/converter/header_detect.go:153.41,154.17 1 1
github.com/yourorg/md-spec-tool/internal/converter/header_detect.go:154.17,156.3 1 0
github.com/yourorg/md-spec-tool/internal/converter/header_detect.go:157.2,157.27 1 1
github.com/yourorg/md-spec-tool/internal/converter/header_detect.go:157.27,158.27 1 1
github.com/yourorg/md-spec-tool/internal/converter/header_detect.go:158.27,160.4 1 1
github.com/yourorg/md-spec-tool/internal/converter/header_detect.go:162.2,162.13 1 1
github.com/yourorg/md-spec-tool/internal/converter/header_detect.go:166.63,173.2 2 1
github.com/yourorg/md-spec-tool/internal/converter/header_detect.go:176.60,178.16 2 1
github.com/yourorg/md-spec-tool/internal/converter/header_detect.go:178.16,180.3 1 0
github.com/yourorg/md-spec-tool/internal/converter/header_detect.go:189.2,189.20 1 1
github.com/yourorg/md-spec-tool/internal/converter/header_detect.go:189.20,191.3 1 1
github.com/yourorg/md-spec-tool/internal/converter/header_detect.go:194.2,194.55 1 1
github.com/yourorg/md-spec-tool/internal/converter/header_detect.go:194.55,196.3 1 1
github.com/yourorg/md-spec-tool/internal/converter/header_detect.go:199.2,199.34 1 1
github.com/yourorg/md-spec-tool/internal/converter/header_detect.go:199.34,201.3 1 0
github.com/yourorg/md-spec-tool/internal/converter/header_detect.go:204.2,205.20 2 1
github.com/yourorg/md-spec-tool/internal/converter/header_detect.go:205.20,207.3 1 1
github.com/yourorg/md-spec-tool/internal/converter/header_detect.go:209.2,209.14 1 1
github.com/yourorg/md-spec-tool/internal/converter/header_detect.go:213.58,214.16 1 1
github.com/yourorg/md-spec-tool/internal/converter/header_detect.go:214.16,216.3 1 0
github.com/yourorg/md-spec-tool/internal/converter/header_detect.go:225.2,225.27 1 1
github.com/yourorg/md-spec-tool/internal/converter/header_detect.go:225.27,227.3 1 1
github.com/yourorg/md-spec-tool/internal/converter/header_detect.go:230.2,230.34 1 1
github.com/yourorg/md-spec-tool/internal/converter/header_detect.go:230.34,232.3 1 0
github.com/yourorg/md-spec-tool/internal/converter/header_detect.go:235.2,235.21 1 1
github.com/yourorg/md-spec-tool/internal/converter/header_detect.go:235.21,237.3 1 0
github.com/yourorg/md-spec-tool/internal/converter/header_detect.go:240.2,240.67 1 1
github.com/yourorg/md-spec-tool/internal/converter/header_detect.go:240.67,242.3 1 0
github.com/yourorg/md-spec-tool/internal/converter/header_detect.go:244.2,244.14 1 1
github.com/yourorg/md-spec-tool/internal/converter/header_detect.go:248.58,250.16 2 1
github.com/yourorg/md-spec-tool/internal/converter/header_detect.go:250.16,252.3 1 0
github.com/yourorg/md-spec-tool/internal/converter/header_detect.go:253.2,253.26 1 1
github.com/yourorg/md-spec-tool/internal/converter/header_detect.go:253.26,254.68 1 1
github.com/yourorg/md-spec-tool/internal/converter/header_detect.go:254.68,256.4 1 1
github.com/yourorg/md-spec-tool/internal/converter/header_detect.go:258.2,258.13 1 1
github.com/yourorg/md-spec-tool/internal/converter/header_detect.go:261.24,262.11 1 1
github.com/yourorg/md-spec-tool/internal/converter/header_detect.go:262.11,264.3 1 1
github.com/yourorg/md-spec-tool/internal/converter/header_detect.go:265.2,265.10 1 1
github.com/yourorg/md-spec-tool/internal/converter/header_resolver.go:15.66,22.59 2 0
github.com/yourorg/md-spec-tool/internal/converter/header_resolver.go:22.59,25.36 2 0
github.com/yourorg/md-spec-tool/internal/converter/header_resolver.go:25.36,28.60 2 0
github.com/yourorg/md-spec-tool/internal/converter/header_resolver.go:28.60,30.5 1 0
github.com/yourorg/md-spec-tool/internal/converter/header_resolver.go:34.2,34.17 1 0
github.com/yourorg/md-spec-tool/internal/converter/header_resolver.go:40.91,47.33 5 0
github.com/yourorg/md-spec-tool/internal/converter/header_resolver.go:47.33,50.56 2 0
github.com/yourorg/md-spec-tool/internal/converter/header_resolver.go:50.56,52.56 1 0
github.com/yourorg/md-spec-tool/internal/converter/header_resolver.go:52.56,55.5 2 0
github.com/yourorg/md-spec-tool/internal/converter/header_resolver.go:55.10,59.5 2 0
github.com/yourorg/md-spec-tool/internal/converter/header_resolver.go:60.9,62.4 1 0
github.com/yourorg/md-spec-tool/internal/converter/header_resolver.go:65.2,65.35 1 0
github.com/yourorg/md-spec-tool/internal/converter/header_resolver.go:70.101,71.52 1 0
github.com/yourorg/md-spec-tool/internal/converter/header_resolver.go:71.52,73.3 1 0
github.com/yourorg/md-spec-tool/internal/converter/header_resolver.go:74.2,74.11 1 0
github.com/yourorg/md-spec-tool/internal/converter/header_resolver.go:81.56,83.2 1 0
github.com/yourorg/md-spec-tool/internal/converter/input_detect.go:25.49,26.35 1 1
github.com/yourorg/md-spec-tool/internal/converter/input_detect.go:26.35,32.3 1 0
github.com/yourorg/md-spec-tool/internal/converter/input_detect.go:34.2,38.43 3 1
github.com/yourorg/md-spec-tool/internal/converter/input_detect.go:38.43,44.3 1 0
github.com/yourorg/md-spec-tool/internal/converter/input_detect.go:45.2,45.46 1 1
github.com/yourorg/md-spec-tool/internal/converter/input_detect.go:45.46,51.3 1 1
github.com/yourorg/md-spec-tool/internal/converter/input_detect.go:52.2,52.47 1 1
github.com/yourorg/md-spec-tool/internal/converter/input_detect.go:52.47,58.3 1 0
github.com/yourorg/md-spec-tool/internal/converter/input_detect.go:61.2,65.3 1 1
github.com/yourorg/md-spec-tool/internal/converter/input_detect.go:69.58,87.29 14 1
github.com/yourorg/md-spec-tool/internal/converter/input_detect.go:87.29,89.20 2 1
github.com/yourorg/md-spec-tool/internal/converter/input_detect.go:89.20,90.12 1 1
github.com/yourorg/md-spec-tool/internal/converter/input_detect.go:94.3,94.37 1 1
github.com/yourorg/md-spec-tool/internal/converter/input_detect.go:94.37,96.4 1 0
github.com/yourorg/md-spec-tool/internal/converter/input_detect.go:99.3,99.40 1 1
github.com/yourorg/md-spec-tool/internal/converter/input_detect.go:99.40,101.4 1 0
github.com/yourorg/md-spec-tool/internal/converter/input_detect.go:104.3,104.42 1 1
github.com/yourorg/md-spec-tool/internal/converter/input_detect.go:104.42,106.4 1 0
github.com/yourorg/md-spec-tool/internal/converter/input_detect.go:109.3,109.40 1 1
github.com/yourorg/md-spec-tool/internal/converter/input_detect.go:109.40,111.4 1 0
github.com/yourorg/md-spec-tool/internal/converter/input_detect.go:114.3,114.42 1 1
github.com/yourorg/md-spec-tool/internal/converter/input_detect.go:114.42,116.4 1 0
github.com/yourorg/md-spec-tool/internal/converter/input_detect.go:120.2,120.22 1 1
github.com/yourorg/md-spec-tool/internal/converter/input_detect.go:120.22,123.3 2 0
github.com/yourorg/md-spec-tool/internal/converter/input_detect.go:124.2,124.26 1 1
github.com/yourorg/md-spec-tool/internal/converter/input_detect.go:124.26,127.3 2 0
github.com/yourorg/md-spec-tool/internal/converter/input_detect.go:128.2,128.25 1 1
github.com/yourorg/md-spec-tool/internal/converter/input_detect.go:128.25,131.3 2 0
github.com/yourorg/md-spec-tool/internal/converter/input_detect.go:132.2,132.21 1 1
github.com/yourorg/md-spec-tool/internal/converter/input_detect.go:132.21,135.3 2 0
github.com/yourorg/md-spec-tool/internal/converter/input_detect.go:136.2,136.23 1 1
github.com/yourorg/md-spec-tool/internal/converter/input_detect.go:136.23,139.3 2 0
github.com/yourorg/md-spec-tool/internal/converter/input_detect.go:141.2,141.23 1 1
github.com/yourorg/md-spec-tool/internal/converter/input_detect.go:145.55,156.29 8 1
github.com/yourorg/md-spec-tool/internal/converter/input_detect.go:156.29,158.20 2 1
github.com/yourorg/md-spec-tool/internal/converter/input_detect.go:158.20,159.12 1 1
github.com/yourorg/md-spec-tool/internal/converter/input_detect.go:161.3,161.40 1 1
github.com/yourorg/md-spec-tool/internal/converter/input_detect.go:161.40,162.12 1 0
github.com/yourorg/md-spec-tool/internal/converter/input_detect.go:166.3,166.35 1 1
github.com/yourorg/md-spec-tool/internal/converter/input_detect.go:166.35,170.4 3 1
github.com/yourorg/md-spec-tool/internal/converter/input_detect.go:172.3,172.34 1 1
github.com/yourorg/md-spec-tool/internal/converter/input_detect.go:172.34,175.16 3 1
github.com/yourorg/md-spec-tool/internal/converter/input_detect.go:175.16,177.5 1 1
github.com/yourorg/md-spec-tool/internal/converter/input_detect.go:181.2,181.22 1 1
github.com/yourorg/md-spec-tool/internal/converter/input_detect.go:181.22,184.3 2 1
github.com/yourorg/md-spec-tool/internal/converter/input_detect.go:185.2,185.24 1 1
github.com/yourorg/md-spec-tool/internal/converter/input_detect.go:185.24,188.3 2 1
github.com/yourorg/md-spec-tool/internal/converter/input_detect.go:191.2,193.40 3 1
github.com/yourorg/md-spec-tool/internal/converter/input_detect.go:193.40,194.44 1 1
github.com/yourorg/md-spec-tool/internal/converter/input_detect.go:194.44,197.4 2 1
github.com/yourorg/md-spec-tool/internal/converter/input_detect.go:200.2,200.22 1 1
github.com/yourorg/md-spec-tool/internal/converter/input_detect.go:200.22,203.3 2 1
github.com/yourorg/md-spec-tool/internal/converter/input_detect.go:205.2,205.27 1 1
github.com/yourorg/md-spec-tool/internal/converter/input_detect.go:205.27,208.3 2 1
github.com/yourorg/md-spec-tool/internal/converter/input_detect.go:210.2,210.23 1 1
github.com/yourorg/md-spec-tool/internal/converter/mapping_quality.go:37.102,39.23 2 1
github.com/yourorg/md-spec-tool/internal/converter/mapping_quality.go:39.23,41.3 1 0
github.com/yourorg/md-spec-tool/internal/converter/mapping_quality.go:43.2,43.51 1 1
github.com/yourorg/md-spec-tool/internal/converter/mapping_quality.go:43.51,45.32 2 1
github.com/yourorg/md-spec-tool/internal/converter/mapping_quality.go:45.32,46.34 1 1
github.com/yourorg/md-spec-tool/internal/converter/mapping_quality.go:46.34,48.5 1 1
github.com/yourorg/md-spec-tool/internal/converter/mapping_quality.go:50.3,50.16 1 1
github.com/yourorg/md-spec-tool/internal/converter/mapping_quality.go:53.2,60.34 7 1
github.com/yourorg/md-spec-tool/internal/converter/mapping_quality.go:60.34,62.3 1 1
github.com/yourorg/md-spec-tool/internal/converter/mapping_quality.go:63.2,63.32 1 1
github.com/yourorg/md-spec-tool/internal/converter/mapping_quality.go:63.32,65.3 1 1
github.com/yourorg/md-spec-tool/internal/converter/mapping_quality.go:66.2,66.28 1 1
github.com/yourorg/md-spec-tool/internal/converter/mapping_quality.go:66.28,68.3 1 1
github.com/yourorg/md-spec-tool/internal/converter/mapping_quality.go:69.2,69.30 1 1
github.com/yourorg/md-spec-tool/internal/converter/mapping_quality.go:69.30,71.3 1 0
github.com/yourorg/md-spec-tool/internal/converter/mapping_quality.go:73.2,78.38 6 1
github.com/yourorg/md-spec-tool/internal/converter/mapping_quality.go:78.38,80.3 1 1
github.com/yourorg/md-spec-tool/internal/converter/mapping_quality.go:81.2,81.36 1 1
github.com/yourorg/md-spec-tool/internal/converter/mapping_quality.go:81.36,83.3 1 1
github.com/yourorg/md-spec-tool/internal/converter/mapping_quality.go:84.2,84.32 1 1
github.com/yourorg/md-spec-tool/internal/converter/mapping_quality.go:84.32,86.3 1 1
github.com/yourorg/md-spec-tool/internal/converter/mapping_quality.go:87.2,87.34 1 1
github.com/yourorg/md-spec-tool/internal/converter/mapping_quality.go:87.34,89.3 1 0
github.com/yourorg/md-spec-tool/internal/converter/mapping_quality.go:91.2,94.15 4 1
github.com/yourorg/md-spec-tool/internal/converter/mapping_quality.go:94.15,96.3 1 1
github.com/yourorg/md-spec-tool/internal/converter/mapping_quality.go:98.2,104.3 1 1
github.com/yourorg/md-spec-tool/internal/converter/mapping_quality.go:107.72,108.40 1 1
github.com/yourorg/md-spec-tool/internal/converter/mapping_quality.go:108.40,110.3 1 1
github.com/yourorg/md-spec-tool/internal/converter/mapping_quality.go:112.2,112.29 1 1
github.com/yourorg/md-spec-tool/internal/converter/mapping_quality.go:112.29,114.3 1 0
github.com/yourorg/md-spec-tool/internal/converter/mapping_quality.go:118.2,118.59 1 1
github.com/yourorg/md-spec-tool/internal/converter/mapping_quality.go:118.59,120.3 1 1
github.com/yourorg/md-spec-tool/internal/converter/mapping_quality.go:123.2,123.57 1 1
github.com/yourorg/md-spec-tool/internal/converter/mapping_quality.go:123.57,125.3 1 0
github.com/yourorg/md-spec-tool/internal/converter/mapping_quality.go:127.2,127.27 1 1
github.com/yourorg/md-spec-tool/internal/converter/mapping_quality.go:127.27,129.3 1 1
github.com/yourorg/md-spec-tool/internal/converter/mapping_quality.go:131.2,131.32 1 0
github.com/yourorg/md-spec-tool/internal/converter/mapping_quality.go:131.32,133.3 1 0
github.com/yourorg/md-spec-tool/internal/converter/mapping_quality.go:134.2,134.14 1 0
github.com/yourorg/md-spec-tool/internal/converter/markdown_spec.go:24.63,44.2 3 1
github.com/yourorg/md-spec-tool/internal/converter/markdown_spec.go:46.63,48.35 2 0
github.com/yourorg/md-spec-tool/internal/converter/markdown_spec.go:48.35,57.3 1 0
github.com/yourorg/md-spec-tool/internal/converter/markdown_spec.go:58.2,58.13 1 0
github.com/yourorg/md-spec-tool/internal/converter/markdown_spec.go:63.50,69.21 5 1
github.com/yourorg/md-spec-tool/internal/converter/markdown_spec.go:69.21,74.38 3 1
github.com/yourorg/md-spec-tool/internal/converter/markdown_spec.go:74.38,76.4 1 0
github.com/yourorg/md-spec-tool/internal/converter/markdown_spec.go:79.3,79.39 1 1
github.com/yourorg/md-spec-tool/internal/converter/markdown_spec.go:79.39,83.38 3 0
github.com/yourorg/md-spec-tool/internal/converter/markdown_spec.go:83.38,84.26 1 0
github.com/yourorg/md-spec-tool/internal/converter/markdown_spec.go:84.26,86.6 1 0
github.com/yourorg/md-spec-tool/internal/converter/markdown_spec.go:86.11,88.11 2 0
github.com/yourorg/md-spec-tool/internal/converter/markdown_spec.go:93.4,95.23 3 0
github.com/yourorg/md-spec-tool/internal/converter/markdown_spec.go:95.23,100.44 3 0
github.com/yourorg/md-spec-tool/internal/converter/markdown_spec.go:100.44,102.6 1 0
github.com/yourorg/md-spec-tool/internal/converter/markdown_spec.go:105.5,105.45 1 0
github.com/yourorg/md-spec-tool/internal/converter/markdown_spec.go:105.45,106.11 1 0
github.com/yourorg/md-spec-tool/internal/converter/markdown_spec.go:110.5,110.55 1 0
github.com/yourorg/md-spec-tool/internal/converter/markdown_spec.go:110.55,111.11 1 0
github.com/yourorg/md-spec-tool/internal/converter/markdown_spec.go:115.5,115.45 1 0
github.com/yourorg/md-spec-tool/internal/converter/markdown_spec.go:115.45,117.6 1 0
github.com/yourorg/md-spec-tool/internal/converter/markdown_spec.go:118.5,118.8 1 0
github.com/yourorg/md-spec-tool/internal/converter/markdown_spec.go:122.4,129.12 3 0
github.com/yourorg/md-spec-tool/internal/converter/markdown_spec.go:133.3,133.81 1 1
github.com/yourorg/md-spec-tool/internal/converter/markdown_spec.go:133.81,138.23 5 0
github.com/yourorg/md-spec-tool/internal/converter/markdown_spec.go:138.23,141.44 3 0
github.com/yourorg/md-spec-tool/internal/converter/markdown_spec.go:141.44,143.6 1 0
github.com/yourorg/md-spec-tool/internal/converter/markdown_spec.go:144.5,144.90 1 0
github.com/yourorg/md-spec-tool/internal/converter/markdown_spec.go:144.90,145.11 1 0
github.com/yourorg/md-spec-tool/internal/converter/markdown_spec.go:147.5,147.55 1 0
github.com/yourorg/md-spec-tool/internal/converter/markdown_spec.go:147.55,148.11 1 0
github.com/yourorg/md-spec-tool/internal/converter/markdown_spec.go:150.5,150.45 1 0
github.com/yourorg/md-spec-tool/internal/converter/markdown_spec.go:150.45,152.6 1 0
github.com/yourorg/md-spec-tool/internal/converter/markdown_spec.go:153.5,153.8 1 0
github.com/yourorg/md-spec-tool/internal/converter/markdown_spec.go:155.4,161.12 3 0
github.com/yourorg/md-spec-tool/internal/converter/markdown_spec.go:164.3,164.6 1 1
github.com/yourorg/md-spec-tool/internal/converter/markdown_spec.go:167.2,167.17 1 1
github.com/yourorg/md-spec-tool/internal/converter/markdown_spec.go:171.44,174.18 2 1
github.com/yourorg/md-spec-tool/internal/converter/markdown_spec.go:174.18,176.3 1 1
github.com/yourorg/md-spec-tool/internal/converter/markdown_spec.go:179.2,185.29 5 0
github.com/yourorg/md-spec-tool/internal/converter/markdown_spec.go:185.29,187.38 2 0
github.com/yourorg/md-spec-tool/internal/converter/markdown_spec.go:187.38,189.4 1 0
github.com/yourorg/md-spec-tool/internal/converter/markdown_spec.go:190.3,190.20 1 0
github.com/yourorg/md-spec-tool/internal/converter/markdown_spec.go:190.20,192.4 1 0
github.com/yourorg/md-spec-tool/internal/converter/markdown_spec.go:195.2,195.41 1 0
github.com/yourorg/md-spec-tool/internal/converter/markdown_spec.go:199.48,209.33 2 0
github.com/yourorg/md-spec-tool/internal/converter/markdown_spec.go:209.33,211.27 2 0
github.com/yourorg/md-spec-tool/internal/converter/markdown_spec.go:211.27,213.4 1 0
github.com/yourorg/md-spec-tool/internal/converter/markdown_spec.go:215.2,215.14 1 0
github.com/yourorg/md-spec-tool/internal/converter/matrix.go:8.48,10.2 1 1
github.com/yourorg/md-spec-tool/internal/converter/matrix.go:16.44,17.17 1 1
github.com/yourorg/md-spec-tool/internal/converter/matrix.go:17.17,19.3 1 0
github.com/yourorg/md-spec-tool/internal/converter/matrix.go:22.2,23.24 2 1
github.com/yourorg/md-spec-tool/internal/converter/matrix.go:23.24,24.25 1 1
github.com/yourorg/md-spec-tool/internal/converter/matrix.go:24.25,26.4 1 1
github.com/yourorg/md-spec-tool/internal/converter/matrix.go:29.2,30.24 2 1
github.com/yourorg/md-spec-tool/internal/converter/matrix.go:30.24,33.32 2 1
github.com/yourorg/md-spec-tool/internal/converter/matrix.go:33.32,34.20 1 1
github.com/yourorg/md-spec-tool/internal/converter/matrix.go:34.20,36.5 1 1
github.com/yourorg/md-spec-tool/internal/converter/matrix.go:40.3,41.35 2 1
github.com/yourorg/md-spec-tool/internal/converter/matrix.go:41.35,42.18 1 1
github.com/yourorg/md-spec-tool/internal/converter/matrix.go:42.18,44.10 2 1
github.com/yourorg/md-spec-tool/internal/converter/matrix.go:47.3,47.15 1 1
github.com/yourorg/md-spec-tool/internal/converter/matrix.go:47.15,49.4 1 1
github.com/yourorg/md-spec-tool/internal/converter/matrix.go:52.2,52.15 1 1
github.com/yourorg/md-spec-tool/internal/converter/matrix.go:56.51,58.24 2 0
github.com/yourorg/md-spec-tool/internal/converter/matrix.go:58.24,59.23 1 0
github.com/yourorg/md-spec-tool/internal/converter/matrix.go:59.23,61.4 1 0
github.com/yourorg/md-spec-tool/internal/converter/matrix.go:61.9,63.4 1 0
github.com/yourorg/md-spec-tool/internal/converter/matrix.go:65.2,65.15 1 0
github.com/yourorg/md-spec-tool/internal/converter/matrix.go:69.48,70.34 1 1
github.com/yourorg/md-spec-tool/internal/converter/matrix.go:70.34,72.3 1 0
github.com/yourorg/md-spec-tool/internal/converter/matrix.go:73.2,73.17 1 1
github.com/yourorg/md-spec-tool/internal/converter/matrix.go:77.36,79.2 1 1
github.com/yourorg/md-spec-tool/internal/converter/matrix.go:82.36,83.17 1 0
github.com/yourorg/md-spec-tool/internal/converter/matrix.go:83.17,85.3 1 0
github.com/yourorg/md-spec-tool/internal/converter/matrix.go:86.2,86.18 1 0
github.com/yourorg/md-spec-tool/internal/converter/matrix.go:90.58,91.15 1 1
github.com/yourorg/md-spec-tool/internal/converter/matrix.go:91.15,93.3 1 0
github.com/yourorg/md-spec-tool/internal/converter/matrix.go:94.2,94.18 1 1
github.com/yourorg/md-spec-tool/internal/converter/matrix.go:94.18,96.3 1 0
github.com/yourorg/md-spec-tool/internal/converter/matrix.go:97.2,97.18 1 1
github.com/yourorg/md-spec-tool/internal/converter/matrix.go:97.18,99.3 1 0
github.com/yourorg/md-spec-tool/internal/converter/matrix.go:100.2,100.33 1 1
github.com/yourorg/md-spec-tool/internal/converter/matrix_blocks.go:20.57,21.45 1 0
github.com/yourorg/md-spec-tool/internal/converter/matrix_blocks.go:21.45,23.3 1 0
github.com/yourorg/md-spec-tool/internal/converter/matrix_blocks.go:25.2,30.28 5 0
github.com/yourorg/md-spec-tool/internal/converter/matrix_blocks.go:30.28,33.29 3 0
github.com/yourorg/md-spec-tool/internal/converter/matrix_blocks.go:33.29,34.45 1 0
github.com/yourorg/md-spec-tool/internal/converter/matrix_blocks.go:34.45,36.24 2 0
github.com/yourorg/md-spec-tool/internal/converter/matrix_blocks.go:36.24,38.6 1 0
github.com/yourorg/md-spec-tool/internal/converter/matrix_blocks.go:42.3,43.65 2 0
github.com/yourorg/md-spec-tool/internal/converter/matrix_blocks.go:46.2,47.24 2 0
github.com/yourorg/md-spec-tool/internal/converter/matrix_blocks.go:47.24,48.17 1 0
github.com/yourorg/md-spec-tool/internal/converter/matrix_blocks.go:48.17,50.12 2 0
github.com/yourorg/md-spec-tool/internal/converter/matrix_blocks.go:52.3,53.29 2 0
github.com/yourorg/md-spec-tool/internal/converter/matrix_blocks.go:53.29,55.4 1 0
github.com/yourorg/md-spec-tool/internal/converter/matrix_blocks.go:56.3,57.23 2 0
github.com/yourorg/md-spec-tool/internal/converter/matrix_blocks.go:57.23,59.4 1 0
github.com/yourorg/md-spec-tool/internal/converter/matrix_blocks.go:62.2,62.24 1 0
github.com/yourorg/md-spec-tool/internal/converter/matrix_blocks.go:62.24,64.3 1 0
github.com/yourorg/md-spec-tool/internal/converter/matrix_blocks.go:66.2,67.31 2 0
github.com/yourorg/md-spec-tool/internal/converter/matrix_blocks.go:67.31,70.40 3 0
github.com/yourorg/md-spec-tool/internal/converter/matrix_blocks.go:70.40,71.12 1 0
github.com/yourorg/md-spec-tool/internal/converter/matrix_blocks.go:74.3,76.40 3 0
github.com/yourorg/md-spec-tool/internal/converter/matrix_blocks.go:76.40,77.12 1 0
github.com/yourorg/md-spec-tool/internal/converter/matrix_blocks.go:80.3,87.5 1 0
github.com/yourorg/md-spec-tool/internal/converter/matrix_blocks.go:90.2,90.22 1 0
github.com/yourorg/md-spec-tool/internal/converter/matrix_blocks.go:90.22,99.3 1 0
github.com/yourorg/md-spec-tool/internal/converter/matrix_blocks.go:101.2,101.15 1 0
github.com/yourorg/md-spec-tool/internal/converter/matrix_blocks.go:104.74,107.35 3 0
github.com/yourorg/md-spec-tool/internal/converter/matrix_blocks.go:107.35,109.61 2 0
github.com/yourorg/md-spec-tool/internal/converter/matrix_blocks.go:109.61,110.45 1 0
github.com/yourorg/md-spec-tool/internal/converter/matrix_blocks.go:110.45,112.10 2 0
github.com/yourorg/md-spec-tool/internal/converter/matrix_blocks.go:115.3,115.17 1 0
github.com/yourorg/md-spec-tool/internal/converter/matrix_blocks.go:115.17,116.22 1 0
github.com/yourorg/md-spec-tool/internal/converter/matrix_blocks.go:116.22,118.5 1 0
github.com/yourorg/md-spec-tool/internal/converter/matrix_blocks.go:119.4,119.14 1 0
github.com/yourorg/md-spec-tool/internal/converter/matrix_blocks.go:122.2,122.25 1 0
github.com/yourorg/md-spec-tool/internal/converter/matrix_blocks.go:125.88,127.57 2 0
github.com/yourorg/md-spec-tool/internal/converter/matrix_blocks.go:127.57,129.61 2 0
github.com/yourorg/md-spec-tool/internal/converter/matrix_blocks.go:129.61,131.4 1 0
github.com/yourorg/md-spec-tool/internal/converter/matrix_blocks.go:132.3,132.25 1 0
github.com/yourorg/md-spec-tool/internal/converter/matrix_blocks.go:134.2,134.12 1 0
github.com/yourorg/md-spec-tool/internal/converter/matrix_blocks.go:138.70,143.29 4 1
github.com/yourorg/md-spec-tool/internal/converter/matrix_blocks.go:143.29,144.26 1 1
github.com/yourorg/md-spec-tool/internal/converter/matrix_blocks.go:144.26,145.28 1 1
github.com/yourorg/md-spec-tool/internal/converter/matrix_blocks.go:145.28,146.13 1 1
github.com/yourorg/md-spec-tool/internal/converter/matrix_blocks.go:148.4,148.11 1 1
github.com/yourorg/md-spec-tool/internal/converter/matrix_blocks.go:149.38,150.12 1 1
github.com/yourorg/md-spec-tool/internal/converter/matrix_blocks.go:151.72,152.15 1 1
github.com/yourorg/md-spec-tool/internal/converter/matrix_blocks.go:153.12,154.19 1 1
github.com/yourorg/md-spec-tool/internal/converter/matrix_blocks.go:159.2,159.28 1 1
github.com/yourorg/md-spec-tool/internal/converter/matrix_blocks.go:159.28,161.3 1 1
github.com/yourorg/md-spec-tool/internal/converter/matrix_blocks.go:163.2,164.31 2 1
github.com/yourorg/md-spec-tool/internal/converter/matrix_blocks.go:164.31,165.32 1 1
github.com/yourorg/md-spec-tool/internal/converter/matrix_blocks.go:165.32,167.4 1 1
github.com/yourorg/md-spec-tool/internal/converter/matrix_blocks.go:170.2,171.29 2 1
github.com/yourorg/md-spec-tool/internal/converter/matrix_blocks.go:171.29,173.3 1 0
github.com/yourorg/md-spec-tool/internal/converter/matrix_blocks.go:174.2,174.40 1 1
github.com/yourorg/md-spec-tool/internal/converter/matrix_blocks.go:177.89,179.58 2 1
github.com/yourorg/md-spec-tool/internal/converter/matrix_blocks.go:179.58,181.3 1 1
github.com/yourorg/md-spec-tool/internal/converter/matrix_blocks.go:182.2,182.59 1 1
github.com/yourorg/md-spec-tool/internal/converter/matrix_blocks.go:182.59,184.3 1 1
github.com/yourorg/md-spec-tool/internal/converter/matrix_blocks.go:185.2,185.43 1 0
github.com/yourorg/md-spec-tool/internal/converter/matrix_blocks.go:185.43,187.3 1 0
github.com/yourorg/md-spec-tool/internal/converter/matrix_blocks.go:188.2,188.18 1 0
github.com/yourorg/md-spec-tool/internal/converter/matrix_blocks.go:191.71,194.29 3 1
github.com/yourorg/md-spec-tool/internal/converter/matrix_blocks.go:194.29,195.26 1 1
github.com/yourorg/md-spec-tool/internal/converter/matrix_blocks.go:195.26,196.28 1 1
github.com/yourorg/md-spec-tool/internal/converter/matrix_blocks.go:196.28,197.13 1 1
github.com/yourorg/md-spec-tool/internal/converter/matrix_blocks.go:199.4,199.70 1 1
github.com/yourorg/md-spec-tool/internal/converter/matrix_blocks.go:199.70,201.5 1 1
github.com/yourorg/md-spec-tool/internal/converter/matrix_blocks.go:201.10,201.43 1 1
github.com/yourorg/md-spec-tool/internal/converter/matrix_blocks.go:201.43,203.5 1 1
github.com/yourorg/md-spec-tool/internal/converter/matrix_blocks.go:206.2,206.28 1 1
github.com/yourorg/md-spec-tool/internal/converter/matrix_blocks.go:206.28,208.3 1 1
github.com/yourorg/md-spec-tool/internal/converter/matrix_blocks.go:209.2,210.31 2 1
github.com/yourorg/md-spec-tool/internal/converter/matrix_blocks.go:210.31,211.32 1 1
github.com/yourorg/md-spec-tool/internal/converter/matrix_blocks.go:211.32,213.4 1 1
github.com/yourorg/md-spec-tool/internal/converter/matrix_blocks.go:215.2,215.25 1 1
github.com/yourorg/md-spec-tool/internal/converter/matrix_blocks.go:215.25,217.3 1 0
github.com/yourorg/md-spec-tool/internal/converter/matrix_blocks.go:218.2,218.52 1 1
github.com/yourorg/md-spec-tool/internal/converter/paste_parser.go:12.36,14.2 1 1
github.com/yourorg/md-spec-tool/internal/converter/paste_parser.go:17.62,19.16 2 1
github.com/yourorg/md-spec-tool/internal/converter/paste_parser.go:19.16,21.3 1 0
[...]
github.com/yourorg/md-spec-tool/internal/converter/table_renderer.go:214.25,216.4 1 0
github.com/yourorg/md-spec-tool/internal/converter/table_renderer.go:217.3,217.29 1 0
github.com/yourorg/md-spec-tool/internal/converter/table_renderer.go:217.29,219.4 1 0
github.com/yourorg/md-spec-tool/internal/converter/table_renderer.go:220.3,220.22 1 0
github.com/yourorg/md-spec-tool/internal/converter/table_renderer.go:220.22,222.4 1 0
github.com/yourorg/md-spec-tool/internal/converter/table_renderer.go:224.3,224.25 1 0
github.com/yourorg/md-spec-tool/internal/converter/table_renderer.go:224.25,226.4 1 0
github.com/yourorg/md-spec-tool/internal/converter/table_renderer.go:227.3,227.25 1 0
github.com/yourorg/md-spec-tool/internal/converter/table_renderer.go:227.25,229.4 1 0
github.com/yourorg/md-spec-tool/internal/converter/table_renderer.go:230.3,230.33 1 0
github.com/yourorg/md-spec-tool/internal/converter/table_renderer.go:230.33,232.4 1 0
github.com/yourorg/md-spec-tool/internal/converter/table_renderer.go:233.3,233.23 1 0
github.com/yourorg/md-spec-tool/internal/converter/table_renderer.go:233.23,235.4 1 0
github.com/yourorg/md-spec-tool/internal/converter/table_renderer.go:240.2,245.34 3 0
github.com/yourorg/md-spec-tool/internal/converter/table_renderer.go:245.34,246.29 1 0
github.com/yourorg/md-spec-tool/internal/converter/table_renderer.go:246.29,248.4 1 0
github.com/yourorg/md-spec-tool/internal/converter/table_renderer.go:251.2,251.16 1 0
github.com/yourorg/md-spec-tool/internal/converter/table_renderer.go:255.73,259.20 3 1
github.com/yourorg/md-spec-tool/internal/converter/table_renderer.go:260.12,261.15 1 1
github.com/yourorg/md-spec-tool/internal/converter/table_renderer.go:262.17,263.20 1 0
github.com/yourorg/md-spec-tool/internal/converter/table_renderer.go:264.18,265.21 1 0
github.com/yourorg/md-spec-tool/internal/converter/table_renderer.go:266.14,267.17 1 0
github.com/yourorg/md-spec-tool/internal/converter/table_renderer.go:268.18,269.21 1 0
github.com/yourorg/md-spec-tool/internal/converter/table_renderer.go:270.16,271.19 1 0
github.com/yourorg/md-spec-tool/internal/converter/table_renderer.go:272.31,273.25 1 0
github.com/yourorg/md-spec-tool/internal/converter/table_renderer.go:274.37,275.21 1 0
github.com/yourorg/md-spec-tool/internal/converter/table_renderer.go:276.39,277.25 1 0
github.com/yourorg/md-spec-tool/internal/converter/table_renderer.go:278.29,279.19 1 0
github.com/yourorg/md-spec-tool/internal/converter/table_renderer.go:280.18,281.21 1 0
github.com/yourorg/md-spec-tool/internal/converter/table_renderer.go:282.15,283.18 1 0
github.com/yourorg/md-spec-tool/internal/converter/table_renderer.go:284.12,285.15 1 0
github.com/yourorg/md-spec-tool/internal/converter/table_renderer.go:286.27,287.21 1 0
github.com/yourorg/md-spec-tool/internal/converter/table_renderer.go:288.32,289.21 1 0
github.com/yourorg/md-spec-tool/internal/converter/table_renderer.go:290.39,291.29 1 0
github.com/yourorg/md-spec-tool/internal/converter/table_renderer.go:292.44,293.30 1 0
github.com/yourorg/md-spec-tool/internal/converter/table_renderer.go:294.39,295.30 1 0
github.com/yourorg/md-spec-tool/internal/converter/table_renderer.go:296.16,297.19 1 0
github.com/yourorg/md-spec-tool/internal/converter/table_renderer.go:298.46,299.27 1 0
github.com/yourorg/md-spec-tool/internal/converter/table_renderer.go:300.10,302.26 1 1
github.com/yourorg/md-spec-tool/internal/converter/table_renderer.go:302.26,303.41 1 1
github.com/yourorg/md-spec-tool/internal/converter/table_renderer.go:303.41,305.5 1 1
github.com/yourorg/md-spec-tool/internal/converter/table_renderer.go:310.2,316.29 5 1
github.com/yourorg/md-spec-tool/internal/converter/table_renderer.go:316.29,318.3 1 0
github.com/yourorg/md-spec-tool/internal/converter/table_renderer.go:320.2,320.29 1 1
github.com/yourorg/md-spec-tool/internal/converter/template.go:27.63,30.18 2 0
github.com/yourorg/md-spec-tool/internal/converter/template.go:30.18,32.3 1 0
github.com/yourorg/md-spec-tool/internal/converter/template.go:34.2,34.32 1 0
github.com/yourorg/md-spec-tool/internal/converter/template.go:34.32,36.3 1 0
github.com/yourorg/md-spec-tool/internal/converter/template.go:39.2,40.20 2 0
github.com/yourorg/md-spec-tool/internal/converter/template.go:41.27,41.27 0 0
github.com/yourorg/md-spec-tool/internal/converter/template.go:44.10,46.87 1 0
github.com/yourorg/md-spec-tool/internal/converter/template.go:49.2,49.15 1 0
github.com/yourorg/md-spec-tool/internal/converter/template.go:54.71,56.48 1 0
github.com/yourorg/md-spec-tool/internal/converter/template.go:56.48,58.3 1 0
github.com/yourorg/md-spec-tool/internal/converter/template.go:60.2,60.41 1 0
github.com/yourorg/md-spec-tool/internal/converter/template.go:65.61,69.52 2 0
github.com/yourorg/md-spec-tool/internal/converter/template.go:69.52,70.36 1 0
github.com/yourorg/md-spec-tool/internal/converter/template.go:70.36,74.4 2 0
github.com/yourorg/md-spec-tool/internal/converter/template.go:77.2,77.18 1 0
github.com/yourorg/md-spec-tool/internal/converter/template.go:82.55,89.2 3 0
github.com/yourorg/md-spec-tool/internal/converter/template.go:92.51,95.15 1 0
github.com/yourorg/md-spec-tool/internal/converter/template.go:96.12,97.14 1 0
github.com/yourorg/md-spec-tool/internal/converter/template.go:98.17,99.19 1 0
github.com/yourorg/md-spec-tool/internal/converter/template.go:100.18,101.20 1 0
github.com/yourorg/md-spec-tool/internal/converter/template.go:102.22,103.24 1 0
github.com/yourorg/md-spec-tool/internal/converter/template.go:104.16,105.18 1 0
github.com/yourorg/md-spec-tool/internal/converter/template.go:106.18,107.20 1 0
github.com/yourorg/md-spec-tool/internal/converter/template.go:108.22,109.24 1 0
github.com/yourorg/md-spec-tool/internal/converter/template.go:110.18,111.20 1 0
github.com/yourorg/md-spec-tool/internal/converter/template.go:112.14,113.16 1 0
github.com/yourorg/md-spec-tool/internal/converter/template.go:114.16,115.18 1 0
github.com/yourorg/md-spec-tool/internal/converter/template.go:116.18,117.20 1 0
github.com/yourorg/md-spec-tool/internal/converter/template.go:118.15,119.17 1 0
github.com/yourorg/md-spec-tool/internal/converter/template.go:120.12,121.14 1 0
github.com/yourorg/md-spec-tool/internal/converter/template.go:122.18,123.21 1 0
github.com/yourorg/md-spec-tool/internal/converter/template.go:124.18,125.21 1 0
github.com/yourorg/md-spec-tool/internal/converter/template.go:126.26,127.29 1 0
github.com/yourorg/md-spec-tool/internal/converter/template.go:128.27,129.30 1 0
github.com/yourorg/md-spec-tool/internal/converter/template.go:130.27,131.30 1 0
github.com/yourorg/md-spec-tool/internal/converter/template.go:132.16,133.18 1 0
github.com/yourorg/md-spec-tool/internal/converter/template.go:134.24,135.34 1 0
github.com/yourorg/md-spec-tool/internal/converter/template.go:136.10,137.15 1 0
github.com/yourorg/md-spec-tool/internal/converter/template.go:143.88,145.54 2 0
github.com/yourorg/md-spec-tool/internal/converter/template.go:145.54,147.3 1 0
github.com/yourorg/md-spec-tool/internal/converter/template.go:148.2,148.18 1 0
github.com/yourorg/md-spec-tool/internal/converter/template_registry.go:17.46,26.2 4 1
github.com/yourorg/md-spec-tool/internal/converter/template_registry.go:30.79,34.51 3 1
github.com/yourorg/md-spec-tool/internal/converter/template_registry.go:34.51,36.3 1 1
github.com/yourorg/md-spec-tool/internal/converter/template_registry.go:38.2,38.57 1 0
github.com/yourorg/md-spec-tool/internal/converter/template_registry.go:42.79,43.55 1 1
github.com/yourorg/md-spec-tool/internal/converter/template_registry.go:43.55,45.3 1 1
github.com/yourorg/md-spec-tool/internal/converter/template_registry.go:46.2,47.17 2 0
github.com/yourorg/md-spec-tool/internal/converter/template_registry.go:51.77,52.25 1 0
github.com/yourorg/md-spec-tool/internal/converter/template_registry.go:52.25,54.3 1 0
github.com/yourorg/md-spec-tool/internal/converter/template_registry.go:56.2,56.48 1 0
github.com/yourorg/md-spec-tool/internal/converter/template_registry.go:56.48,58.3 1 0
github.com/yourorg/md-spec-tool/internal/converter/template_registry.go:60.2,64.12 4 0
github.com/yourorg/md-spec-tool/internal/converter/template_registry.go:68.53,73.32 4 0
github.com/yourorg/md-spec-tool/internal/converter/template_registry.go:73.32,75.3 1 0
github.com/yourorg/md-spec-tool/internal/converter/template_registry.go:76.2,76.14 1 0
github.com/yourorg/md-spec-tool/internal/converter/template_registry.go:81.65,84.45 2 1
github.com/yourorg/md-spec-tool/internal/converter/template_registry.go:84.45,86.54 2 1
github.com/yourorg/md-spec-tool/internal/converter/template_registry.go:86.54,88.4 1 1
github.com/yourorg/md-spec-tool/internal/converter/template_registry.go:89.3,89.73 1 1
github.com/yourorg/md-spec-tool/internal/converter/template_registry.go:92.2,106.3 1 1
github.com/yourorg/md-spec-tool/internal/converter/template_registry.go:110.66,112.45 2 1
github.com/yourorg/md-spec-tool/internal/converter/template_registry.go:112.45,114.54 2 1
github.com/yourorg/md-spec-tool/internal/converter/template_registry.go:114.54,116.4 1 1
github.com/yourorg/md-spec-tool/internal/converter/template_registry.go:117.3,117.73 1 1
github.com/yourorg/md-spec-tool/internal/converter/template_registry.go:120.2,134.3 1 1
github.com/yourorg/md-spec-tool/internal/converter/template_registry.go:138.47,139.15 1 1
github.com/yourorg/md-spec-tool/internal/converter/template_registry.go:140.15,141.14 1 1
github.com/yourorg/md-spec-tool/internal/converter/template_registry.go:142.18,143.17 1 1
github.com/yourorg/md-spec-tool/internal/converter/template_registry.go:144.24,145.23 1 1
github.com/yourorg/md-spec-tool/internal/converter/template_registry.go:146.23,147.31 1 1
github.com/yourorg/md-spec-tool/internal/converter/template_registry.go:148.20,149.19 1 1
github.com/yourorg/md-spec-tool/internal/converter/template_registry.go:150.21,151.20 1 1
github.com/yourorg/md-spec-tool/internal/converter/template_registry.go:152.25,153.24 1 1
github.com/yourorg/md-spec-tool/internal/converter/template_registry.go:154.19,155.18 1 1
github.com/yourorg/md-spec-tool/internal/converter/template_registry.go:156.21,157.20 1 1
github.com/yourorg/md-spec-tool/internal/converter/template_registry.go:158.25,159.24 1 1
github.com/yourorg/md-spec-tool/internal/converter/template_registry.go:160.21,161.20 1 1
github.com/yourorg/md-spec-tool/internal/converter/template_registry.go:162.17,163.16 1 1
github.com/yourorg/md-spec-tool/internal/converter/template_registry.go:164.19,165.18 1 1
github.com/yourorg/md-spec-tool/internal/converter/template_registry.go:166.21,167.20 1 1
github.com/yourorg/md-spec-tool/internal/converter/template_registry.go:168.19,169.18 1 1
github.com/yourorg/md-spec-tool/internal/converter/template_registry.go:170.23,171.22 1 1
github.com/yourorg/md-spec-tool/internal/converter/template_registry.go:172.21,173.20 1 1
github.com/yourorg/md-spec-tool/internal/converter/template_registry.go:174.23,175.23 1 1
github.com/yourorg/md-spec-tool/internal/converter/template_registry.go:176.18,177.17 1 1
github.com/yourorg/md-spec-tool/internal/converter/template_registry.go:178.22,179.21 1 1
github.com/yourorg/md-spec-tool/internal/converter/template_registry.go:180.21,181.20 1 1
github.com/yourorg/md-spec-tool/internal/converter/template_registry.go:182.21,183.20 1 1
github.com/yourorg/md-spec-tool/internal/converter/template_registry.go:184.15,185.14 1 1
github.com/yourorg/md-spec-tool/internal/converter/template_registry.go:186.21,187.21 1 1
github.com/yourorg/md-spec-tool/internal/converter/template_registry.go:188.21,189.21 1 1
github.com/yourorg/md-spec-tool/internal/converter/template_registry.go:190.29,191.29 1 1
github.com/yourorg/md-spec-tool/internal/converter/template_registry.go:192.30,193.30 1 1
github.com/yourorg/md-spec-tool/internal/converter/template_registry.go:194.30,195.30 1 1
github.com/yourorg/md-spec-tool/internal/converter/template_registry.go:196.19,197.18 1 1
github.com/yourorg/md-spec-tool/internal/converter/template_registry.go:198.27,199.34 1 1
github.com/yourorg/md-spec-tool/internal/converter/template_registry.go:200.10,201.19 1 0
github.com/yourorg/md-spec-tool/internal/converter/template_registry.go:206.65,209.2 2 0
github.com/yourorg/md-spec-tool/internal/converter/test_exports.go:12.64,20.2 1 0
github.com/yourorg/md-spec-tool/internal/converter/test_exports.go:22.64,30.2 1 0
github.com/yourorg/md-spec-tool/internal/converter/test_exports.go:33.102,35.2 1 0
github.com/yourorg/md-spec-tool/internal/converter/test_exports.go:38.72,40.2 1 0
github.com/yourorg/md-spec-tool/internal/converter/test_exports.go:43.118,45.2 1 0
github.com/yourorg/md-spec-tool/internal/converter/test_exports.go:48.49,50.2 1 0
github.com/yourorg/md-spec-tool/internal/converter/test_exports.go:53.68,55.2 1 0
github.com/yourorg/md-spec-tool/internal/converter/test_exports.go:58.62,60.2 1 0
github.com/yourorg/md-spec-tool/internal/converter/test_exports.go:63.44,65.2 1 0
github.com/yourorg/md-spec-tool/internal/converter/test_exports.go:68.39,70.2 1 0
github.com/yourorg/md-spec-tool/internal/converter/test_exports.go:73.63,75.2 1 0
github.com/yourorg/md-spec-tool/internal/converter/test_exports.go:78.73,80.2 1 0
github.com/yourorg/md-spec-tool/internal/converter/validator.go:37.70,38.32 1 0
github.com/yourorg/md-spec-tool/internal/converter/validator.go:38.32,40.3 1 0
github.com/yourorg/md-spec-tool/internal/converter/validator.go:42.2,44.41 3 0
github.com/yourorg/md-spec-tool/internal/converter/validator.go:44.41,46.3 1 0
github.com/yourorg/md-spec-tool/internal/converter/validator.go:48.2,48.31 1 0
github.com/yourorg/md-spec-tool/internal/converter/validator.go:48.31,51.34 2 0
github.com/yourorg/md-spec-tool/internal/converter/validator.go:51.34,53.36 2 0
github.com/yourorg/md-spec-tool/internal/converter/validator.go:53.36,62.5 1 0
github.com/yourorg/md-spec-tool/internal/converter/validator.go:66.3,66.31 1 0
github.com/yourorg/md-spec-tool/internal/converter/validator.go:66.31,67.41 1 0
github.com/yourorg/md-spec-tool/internal/converter/validator.go:67.41,69.20 2 0
github.com/yourorg/md-spec-tool/internal/converter/validator.go:69.20,71.46 2 0
github.com/yourorg/md-spec-tool/internal/converter/validator.go:71.46,80.7 1 0
github.com/yourorg/md-spec-tool/internal/converter/validator.go:83.4,83.52 1 0
github.com/yourorg/md-spec-tool/internal/converter/validator.go:83.52,85.38 2 0
github.com/yourorg/md-spec-tool/internal/converter/validator.go:85.38,94.6 1 0
github.com/yourorg/md-spec-tool/internal/converter/validator.go:96.4,96.50 1 0
github.com/yourorg/md-spec-tool/internal/converter/validator.go:96.50,98.36 2 0
github.com/yourorg/md-spec-tool/internal/converter/validator.go:98.36,107.6 1 0
github.com/yourorg/md-spec-tool/internal/converter/validator.go:113.2,113.38 1 0
github.com/yourorg/md-spec-tool/internal/converter/validator.go:113.38,114.33 1 0
github.com/yourorg/md-spec-tool/internal/converter/validator.go:114.33,118.70 4 0
github.com/yourorg/md-spec-tool/internal/converter/validator.go:118.70,120.18 2 0
github.com/yourorg/md-spec-tool/internal/converter/validator.go:120.18,122.6 1 0
github.com/yourorg/md-spec-tool/internal/converter/validator.go:123.5,130.7 1 0
github.com/yourorg/md-spec-tool/internal/converter/validator.go:135.2,138.3 1 0
github.com/yourorg/md-spec-tool/internal/converter/validator.go:141.55,142.51 1 0
github.com/yourorg/md-spec-tool/internal/converter/validator.go:143.12,144.16 1 0
github.com/yourorg/md-spec-tool/internal/converter/validator.go:145.17,146.21 1 0
github.com/yourorg/md-spec-tool/internal/converter/validator.go:147.18,148.22 1 0
github.com/yourorg/md-spec-tool/internal/converter/validator.go:149.22,150.26 1 0
github.com/yourorg/md-spec-tool/internal/converter/validator.go:151.16,152.20 1 0
github.com/yourorg/md-spec-tool/internal/converter/validator.go:153.18,154.22 1 0
github.com/yourorg/md-spec-tool/internal/converter/validator.go:155.22,156.26 1 0
github.com/yourorg/md-spec-tool/internal/converter/validator.go:157.18,158.22 1 0
github.com/yourorg/md-spec-tool/internal/converter/validator.go:159.14,160.18 1 0
github.com/yourorg/md-spec-tool/internal/converter/validator.go:161.16,162.20 1 0
github.com/yourorg/md-spec-tool/internal/converter/validator.go:163.18,164.22 1 0
github.com/yourorg/md-spec-tool/internal/converter/validator.go:165.15,166.19 1 0
github.com/yourorg/md-spec-tool/internal/converter/validator.go:167.12,168.16 1 0
github.com/yourorg/md-spec-tool/internal/converter/validator.go:169.19,170.22 1 0
github.com/yourorg/md-spec-tool/internal/converter/validator.go:171.19,172.22 1 0
github.com/yourorg/md-spec-tool/internal/converter/validator.go:173.27,174.30 1 0
github.com/yourorg/md-spec-tool/internal/converter/validator.go:175.28,176.31 1 0
github.com/yourorg/md-spec-tool/internal/converter/validator.go:177.28,178.31 1 0
github.com/yourorg/md-spec-tool/internal/converter/validator.go:179.16,180.20 1 0
github.com/yourorg/md-spec-tool/internal/converter/validator.go:181.32,182.28 1 0
github.com/yourorg/md-spec-tool/internal/converter/validator.go:183.10,184.26 1 0
github.com/yourorg/md-spec-tool/internal/converter/validator.go:184.26,186.4 1 0
github.com/yourorg/md-spec-tool/internal/converter/validator.go:187.3,187.12 1 0
github.com/yourorg/md-spec-tool/internal/converter/validator.go:191.32,195.2 2 0
github.com/yourorg/md-spec-tool/internal/converter/validator.go:197.30,200.2 2 0
github.com/yourorg/md-spec-tool/internal/converter/xlsx_parser.go:14.34,16.2 1 1
github.com/yourorg/md-spec-tool/internal/converter/xlsx_parser.go:19.70,21.16 2 0
github.com/yourorg/md-spec-tool/internal/converter/xlsx_parser.go:21.16,23.3 1 0
github.com/yourorg/md-spec-tool/internal/converter/xlsx_parser.go:24.2,26.28 2 0
github.com/yourorg/md-spec-tool/internal/converter/xlsx_parser.go:30.73,32.16 2 0
github.com/yourorg/md-spec-tool/internal/converter/xlsx_parser.go:32.16,34.3 1 0
github.com/yourorg/md-spec-tool/internal/converter/xlsx_parser.go:35.2,37.28 2 0
github.com/yourorg/md-spec-tool/internal/converter/xlsx_parser.go:48.61,49.24 1 0
github.com/yourorg/md-spec-tool/internal/converter/xlsx_parser.go:49.24,51.3 1 0
github.com/yourorg/md-spec-tool/internal/converter/xlsx_parser.go:52.2,52.31 1 0
github.com/yourorg/md-spec-tool/internal/converter/xlsx_parser.go:55.76,57.22 2 0
github.com/yourorg/md-spec-tool/internal/converter/xlsx_parser.go:57.22,59.3 1 0
github.com/yourorg/md-spec-tool/internal/converter/xlsx_parser.go:61.2,67.35 2 0
github.com/yourorg/md-spec-tool/internal/converter/xlsx_parser.go:67.35,69.17 2 0
github.com/yourorg/md-spec-tool/internal/converter/xlsx_parser.go:69.17,70.12 1 0
github.com/yourorg/md-spec-tool/internal/converter/xlsx_parser.go:73.3,74.39 2 0
github.com/yourorg/md-spec-tool/internal/converter/xlsx_parser.go:77.2,77.20 1 0
github.com/yourorg/md-spec-tool/internal/converter/xlsx_parser.go:81.88,83.16 2 0
github.com/yourorg/md-spec-tool/internal/converter/xlsx_parser.go:83.16,85.3 1 0
github.com/yourorg/md-spec-tool/internal/converter/xlsx_parser.go:86.2,89.16 3 0
github.com/yourorg/md-spec-tool/internal/converter/xlsx_parser.go:89.16,91.3 1 0
github.com/yourorg/md-spec-tool/internal/converter/xlsx_parser.go:93.2,93.45 1 0
github.com/yourorg/md-spec-tool/internal/converter/xlsx_parser.go:97.99,99.16 2 0
github.com/yourorg/md-spec-tool/internal/converter/xlsx_parser.go:99.16,101.3 1 0
github.com/yourorg/md-spec-tool/internal/converter/xlsx_parser.go:102.2,105.21 2 0
github.com/yourorg/md-spec-tool/internal/converter/xlsx_parser.go:105.21,107.23 2 0
github.com/yourorg/md-spec-tool/internal/converter/xlsx_parser.go:107.23,109.4 1 0
github.com/yourorg/md-spec-tool/internal/converter/xlsx_parser.go:110.3,110.24 1 0
github.com/yourorg/md-spec-tool/internal/converter/xlsx_parser.go:113.2,114.16 2 0
github.com/yourorg/md-spec-tool/internal/converter/xlsx_parser.go:114.16,116.3 1 0
github.com/yourorg/md-spec-tool/internal/converter/xlsx_parser.go:118.2,118.45 1 0
