mode: set
github.com/yourorg/md-spec-tool/internal/ai/ai_metrics.go:69.32,74.2 1 1
github.com/yourorg/md-spec-tool/internal/ai/ai_metrics.go:77.53,86.27 7 1
github.com/yourorg/md-spec-tool/internal/ai/ai_metrics.go:86.27,89.3 2 1
github.com/yourorg/md-spec-tool/internal/ai/ai_metrics.go:91.2,91.21 1 1
github.com/yourorg/md-spec-tool/internal/ai/ai_metrics.go:91.21,93.3 1 1
github.com/yourorg/md-spec-tool/internal/ai/ai_metrics.go:95.2,95.24 1 1
github.com/yourorg/md-spec-tool/internal/ai/ai_metrics.go:95.24,98.3 2 1
github.com/yourorg/md-spec-tool/internal/ai/ai_metrics.go:101.2,102.9 2 1
github.com/yourorg/md-spec-tool/internal/ai/ai_metrics.go:102.9,105.3 2 1
github.com/yourorg/md-spec-tool/internal/ai/ai_metrics.go:106.2,111.22 6 1
github.com/yourorg/md-spec-tool/internal/ai/ai_metrics.go:111.22,113.3 1 1
github.com/yourorg/md-spec-tool/internal/ai/ai_metrics.go:114.2,114.27 1 1
github.com/yourorg/md-spec-tool/internal/ai/ai_metrics.go:114.27,117.3 2 1
github.com/yourorg/md-spec-tool/internal/ai/ai_metrics.go:118.2,118.24 1 1
github.com/yourorg/md-spec-tool/internal/ai/ai_metrics.go:118.24,120.3 1 1
github.com/yourorg/md-spec-tool/internal/ai/ai_metrics.go:124.53,129.35 4 1
github.com/yourorg/md-spec-tool/internal/ai/ai_metrics.go:129.35,131.3 1 1
github.com/yourorg/md-spec-tool/internal/ai/ai_metrics.go:133.2,134.34 2 1
github.com/yourorg/md-spec-tool/internal/ai/ai_metrics.go:134.34,137.3 2 1
github.com/yourorg/md-spec-tool/internal/ai/ai_metrics.go:139.2,140.27 2 1
github.com/yourorg/md-spec-tool/internal/ai/ai_metrics.go:140.27,142.3 1 1
github.com/yourorg/md-spec-tool/internal/ai/ai_metrics.go:144.2,145.22 2 1
github.com/yourorg/md-spec-tool/internal/ai/ai_metrics.go:145.22,147.3 1 1
github.com/yourorg/md-spec-tool/internal/ai/ai_metrics.go:149.2,160.3 1 1
github.com/yourorg/md-spec-tool/internal/ai/ai_metrics.go:164.47,192.48 18 1
github.com/yourorg/md-spec-tool/internal/ai/ai_metrics.go:192.48,194.3 1 0
github.com/yourorg/md-spec-tool/internal/ai/ai_metrics.go:195.2,200.44 4 1
github.com/yourorg/md-spec-tool/internal/ai/ai_metrics.go:200.44,202.3 1 1
github.com/yourorg/md-spec-tool/internal/ai/ai_metrics.go:203.2,218.44 10 1
github.com/yourorg/md-spec-tool/internal/ai/ai_metrics.go:218.44,220.3 1 1
github.com/yourorg/md-spec-tool/internal/ai/ai_metrics.go:222.2,222.19 1 1
github.com/yourorg/md-spec-tool/internal/ai/ai_metrics.go:226.57,230.2 3 0
github.com/yourorg/md-spec-tool/internal/ai/ai_metrics.go:233.29,246.2 12 1
github.com/yourorg/md-spec-tool/internal/ai/budget.go:37.41,44.2 1 1
github.com/yourorg/md-spec-tool/internal/ai/budget.go:67.56,68.28 1 1
github.com/yourorg/md-spec-tool/internal/ai/budget.go:68.28,70.3 1 1
github.com/yourorg/md-spec-tool/internal/ai/budget.go:71.2,74.3 1 1
github.com/yourorg/md-spec-tool/internal/ai/budget.go:78.54,85.32 5 1
github.com/yourorg/md-spec-tool/internal/ai/budget.go:85.32,87.3 1 1
github.com/yourorg/md-spec-tool/internal/ai/budget.go:89.2,92.68 2 1
github.com/yourorg/md-spec-tool/internal/ai/budget.go:92.68,96.3 3 1
github.com/yourorg/md-spec-tool/internal/ai/budget.go:96.8,96.73 1 1
github.com/yourorg/md-spec-tool/internal/ai/budget.go:96.73,99.3 2 1
github.com/yourorg/md-spec-tool/internal/ai/budget.go:103.56,107.32 3 1
github.com/yourorg/md-spec-tool/internal/ai/budget.go:107.32,109.3 1 1
github.com/yourorg/md-spec-tool/internal/ai/budget.go:112.2,112.58 1 1
github.com/yourorg/md-spec-tool/internal/ai/budget.go:112.58,114.3 1 1
github.com/yourorg/md-spec-tool/internal/ai/budget.go:116.2,117.19 2 1
github.com/yourorg/md-spec-tool/internal/ai/budget.go:117.19,119.3 1 1
github.com/yourorg/md-spec-tool/internal/ai/budget.go:121.2,124.33 3 1
github.com/yourorg/md-spec-tool/internal/ai/budget.go:128.51,133.19 4 1
github.com/yourorg/md-spec-tool/internal/ai/budget.go:133.19,135.3 1 0
github.com/yourorg/md-spec-tool/internal/ai/budget.go:137.2,138.31 2 1
github.com/yourorg/md-spec-tool/internal/ai/budget.go:138.31,140.3 1 1
github.com/yourorg/md-spec-tool/internal/ai/budget.go:142.2,149.3 1 1
github.com/yourorg/md-spec-tool/internal/ai/budget.go:153.34,160.2 6 1
github.com/yourorg/md-spec-tool/internal/ai/budget.go:163.45,164.58 1 1
github.com/yourorg/md-spec-tool/internal/ai/budget.go:164.58,169.3 4 0
github.com/yourorg/md-spec-tool/internal/ai/budget.go:173.80,182.15 2 1
github.com/yourorg/md-spec-tool/internal/ai/budget.go:183.26,189.4 2 1
github.com/yourorg/md-spec-tool/internal/ai/budget.go:190.27,196.4 2 1
github.com/yourorg/md-spec-tool/internal/ai/budget.go:199.2,199.30 1 1
github.com/yourorg/md-spec-tool/internal/ai/budget.go:199.30,201.3 1 1
github.com/yourorg/md-spec-tool/internal/ai/byok_service_cache.go:35.123,36.18 1 1
github.com/yourorg/md-spec-tool/internal/ai/byok_service_cache.go:36.18,38.3 1 1
github.com/yourorg/md-spec-tool/internal/ai/byok_service_cache.go:39.2,39.28 1 1
github.com/yourorg/md-spec-tool/internal/ai/byok_service_cache.go:39.28,41.3 1 1
github.com/yourorg/md-spec-tool/internal/ai/byok_service_cache.go:42.2,42.25 1 1
github.com/yourorg/md-spec-tool/internal/ai/byok_service_cache.go:42.25,44.3 1 0
github.com/yourorg/md-spec-tool/internal/ai/byok_service_cache.go:46.2,54.11 3 1
github.com/yourorg/md-spec-tool/internal/ai/byok_service_cache.go:58.73,59.18 1 1
github.com/yourorg/md-spec-tool/internal/ai/byok_service_cache.go:59.18,61.3 1 0
github.com/yourorg/md-spec-tool/internal/ai/byok_service_cache.go:63.2,67.85 3 1
github.com/yourorg/md-spec-tool/internal/ai/byok_service_cache.go:67.85,70.3 2 0
github.com/yourorg/md-spec-tool/internal/ai/byok_service_cache.go:71.2,75.16 3 1
github.com/yourorg/md-spec-tool/internal/ai/byok_service_cache.go:75.16,78.3 2 0
github.com/yourorg/md-spec-tool/internal/ai/byok_service_cache.go:81.2,82.71 2 1
github.com/yourorg/md-spec-tool/internal/ai/byok_service_cache.go:82.71,85.3 1 1
github.com/yourorg/md-spec-tool/internal/ai/byok_service_cache.go:86.2,92.21 3 1
github.com/yourorg/md-spec-tool/internal/ai/byok_service_cache.go:96.59,99.2 2 1
github.com/yourorg/md-spec-tool/internal/ai/byok_service_cache.go:102.40,103.24 1 1
github.com/yourorg/md-spec-tool/internal/ai/byok_service_cache.go:103.24,105.3 1 0
github.com/yourorg/md-spec-tool/internal/ai/byok_service_cache.go:107.2,111.35 4 1
github.com/yourorg/md-spec-tool/internal/ai/byok_service_cache.go:111.35,112.48 1 1
github.com/yourorg/md-spec-tool/internal/ai/byok_service_cache.go:112.48,116.4 3 1
github.com/yourorg/md-spec-tool/internal/ai/byok_service_cache.go:119.2,119.29 1 1
github.com/yourorg/md-spec-tool/internal/ai/byok_service_cache.go:123.44,124.18 1 1
github.com/yourorg/md-spec-tool/internal/ai/byok_service_cache.go:124.18,126.3 1 0
github.com/yourorg/md-spec-tool/internal/ai/byok_service_cache.go:127.2,129.12 2 1
github.com/yourorg/md-spec-tool/internal/ai/byok_service_cache.go:129.12,133.7 3 1
github.com/yourorg/md-spec-tool/internal/ai/byok_service_cache.go:133.7,134.11 1 1
github.com/yourorg/md-spec-tool/internal/ai/byok_service_cache.go:135.20,138.38 3 0
github.com/yourorg/md-spec-tool/internal/ai/byok_service_cache.go:138.38,139.34 1 0
github.com/yourorg/md-spec-tool/internal/ai/byok_service_cache.go:139.34,141.7 1 0
github.com/yourorg/md-spec-tool/internal/ai/byok_service_cache.go:143.5,143.19 1 0
github.com/yourorg/md-spec-tool/internal/ai/byok_service_cache.go:144.26,145.11 1 1
github.com/yourorg/md-spec-tool/internal/ai/byok_service_cache.go:152.37,153.18 1 1
github.com/yourorg/md-spec-tool/internal/ai/byok_service_cache.go:153.18,156.3 2 1
github.com/yourorg/md-spec-tool/internal/ai/byok_service_cache.go:158.2,160.45 3 1
github.com/yourorg/md-spec-tool/internal/ai/byok_service_cache.go:164.40,168.2 3 1
github.com/yourorg/md-spec-tool/internal/ai/byok_service_cache.go:171.37,175.2 3 0
github.com/yourorg/md-spec-tool/internal/ai/cache.go:20.35,23.2 1 1
github.com/yourorg/md-spec-tool/internal/ai/cache.go:42.54,50.2 1 0
github.com/yourorg/md-spec-tool/internal/ai/cache.go:53.53,58.9 4 0
github.com/yourorg/md-spec-tool/internal/ai/cache.go:58.9,60.3 1 0
github.com/yourorg/md-spec-tool/internal/ai/cache.go:62.2,62.39 1 0
github.com/yourorg/md-spec-tool/internal/ai/cache.go:62.39,64.3 1 0
github.com/yourorg/md-spec-tool/internal/ai/cache.go:66.2,67.26 2 0
github.com/yourorg/md-spec-tool/internal/ai/cache.go:71.52,76.58 3 0
github.com/yourorg/md-spec-tool/internal/ai/cache.go:76.58,78.3 1 0
github.com/yourorg/md-spec-tool/internal/ai/cache.go:80.2,86.32 3 0
github.com/yourorg/md-spec-tool/internal/ai/cache.go:90.28,91.25 1 0
github.com/yourorg/md-spec-tool/internal/ai/cache.go:91.25,93.3 1 0
github.com/yourorg/md-spec-tool/internal/ai/cache.go:96.2,99.30 3 0
github.com/yourorg/md-spec-tool/internal/ai/cache.go:99.30,100.59 1 0
github.com/yourorg/md-spec-tool/internal/ai/cache.go:100.59,103.4 2 0
github.com/yourorg/md-spec-tool/internal/ai/cache.go:106.2,106.18 1 0
github.com/yourorg/md-spec-tool/internal/ai/cache.go:106.18,109.3 2 0
github.com/yourorg/md-spec-tool/internal/ai/cache.go:112.2,113.28 2 0
github.com/yourorg/md-spec-tool/internal/ai/cache.go:113.28,114.32 1 0
github.com/yourorg/md-spec-tool/internal/ai/cache.go:114.32,116.4 1 0
github.com/yourorg/md-spec-tool/internal/ai/cache.go:118.2,118.20 1 0
github.com/yourorg/md-spec-tool/internal/ai/cache.go:122.25,129.2 5 0
github.com/yourorg/md-spec-tool/internal/ai/cache.go:132.59,134.16 2 1
github.com/yourorg/md-spec-tool/internal/ai/cache.go:134.16,136.3 1 0
github.com/yourorg/md-spec-tool/internal/ai/cache.go:137.2,138.40 2 1
github.com/yourorg/md-spec-tool/internal/ai/cache.go:142.111,144.16 2 1
github.com/yourorg/md-spec-tool/internal/ai/cache.go:144.16,146.3 1 0
github.com/yourorg/md-spec-tool/internal/ai/cache.go:148.2,156.26 2 1
github.com/yourorg/md-spec-tool/internal/ai/cache_config.go:26.39,36.2 1 1
github.com/yourorg/md-spec-tool/internal/ai/cache_config.go:49.67,58.18 5 1
github.com/yourorg/md-spec-tool/internal/ai/cache_config.go:58.18,64.17 2 1
github.com/yourorg/md-spec-tool/internal/ai/cache_config.go:64.17,70.4 1 0
github.com/yourorg/md-spec-tool/internal/ai/cache_config.go:70.9,72.39 2 1
github.com/yourorg/md-spec-tool/internal/ai/cache_config.go:72.39,73.40 1 1
github.com/yourorg/md-spec-tool/internal/ai/cache_config.go:73.40,75.6 1 0
github.com/yourorg/md-spec-tool/internal/ai/cache_config.go:80.2,82.20 2 1
github.com/yourorg/md-spec-tool/internal/ai/cache_config.go:82.20,83.31 1 1
github.com/yourorg/md-spec-tool/internal/ai/cache_config.go:83.31,85.4 1 1
github.com/yourorg/md-spec-tool/internal/ai/cache_config.go:88.2,88.21 1 1
github.com/yourorg/md-spec-tool/internal/ai/cache_config.go:88.21,94.3 1 1
github.com/yourorg/md-spec-tool/internal/ai/cache_config.go:96.2,96.28 1 1
github.com/yourorg/md-spec-tool/internal/ai/cache_config.go:101.62,103.29 2 0
github.com/yourorg/md-spec-tool/internal/ai/cache_config.go:103.29,105.3 1 0
github.com/yourorg/md-spec-tool/internal/ai/cache_config.go:106.2,106.25 1 0
github.com/yourorg/md-spec-tool/internal/ai/cache_config.go:106.25,108.3 1 0
github.com/yourorg/md-spec-tool/internal/ai/cache_config.go:111.2,111.12 1 0
github.com/yourorg/md-spec-tool/internal/ai/cache_config.go:117.60,119.2 1 0
github.com/yourorg/md-spec-tool/internal/ai/cache_config.go:123.58,125.37 2 0
github.com/yourorg/md-spec-tool/internal/ai/cache_config.go:125.37,128.3 2 0
github.com/yourorg/md-spec-tool/internal/ai/cache_config.go:129.2,129.16 1 0
github.com/yourorg/md-spec-tool/internal/ai/cache_layer.go:18.39,20.16 2 0
github.com/yourorg/md-spec-tool/internal/ai/cache_layer.go:20.16,22.3 1 0
github.com/yourorg/md-spec-tool/internal/ai/cache_layer.go:23.2,23.47 1 0
github.com/yourorg/md-spec-tool/internal/ai/cache_layer.go:48.66,56.2 1 1
github.com/yourorg/md-spec-tool/internal/ai/cache_layer.go:59.59,64.9 4 1
github.com/yourorg/md-spec-tool/internal/ai/cache_layer.go:64.9,67.3 2 1
github.com/yourorg/md-spec-tool/internal/ai/cache_layer.go:68.2,68.39 1 1
github.com/yourorg/md-spec-tool/internal/ai/cache_layer.go:68.39,71.3 2 1
github.com/yourorg/md-spec-tool/internal/ai/cache_layer.go:72.2,74.26 3 1
github.com/yourorg/md-spec-tool/internal/ai/cache_layer.go:78.58,82.58 3 1
github.com/yourorg/md-spec-tool/internal/ai/cache_layer.go:82.58,84.3 1 1
github.com/yourorg/md-spec-tool/internal/ai/cache_layer.go:86.2,91.32 3 1
github.com/yourorg/md-spec-tool/internal/ai/cache_layer.go:95.34,96.25 1 1
github.com/yourorg/md-spec-tool/internal/ai/cache_layer.go:96.25,98.3 1 0
github.com/yourorg/md-spec-tool/internal/ai/cache_layer.go:100.2,103.30 3 1
github.com/yourorg/md-spec-tool/internal/ai/cache_layer.go:103.30,104.59 1 1
github.com/yourorg/md-spec-tool/internal/ai/cache_layer.go:104.59,107.4 2 1
github.com/yourorg/md-spec-tool/internal/ai/cache_layer.go:110.2,110.18 1 1
github.com/yourorg/md-spec-tool/internal/ai/cache_layer.go:110.18,113.3 2 1
github.com/yourorg/md-spec-tool/internal/ai/cache_layer.go:115.2,116.28 2 1
github.com/yourorg/md-spec-tool/internal/ai/cache_layer.go:116.28,117.32 1 1
github.com/yourorg/md-spec-tool/internal/ai/cache_layer.go:117.32,119.4 1 1
github.com/yourorg/md-spec-tool/internal/ai/cache_layer.go:121.2,121.20 1 1
github.com/yourorg/md-spec-tool/internal/ai/cache_layer.go:125.31,131.2 5 1
github.com/yourorg/md-spec-tool/internal/ai/cache_layer.go:134.42,144.2 3 1
github.com/yourorg/md-spec-tool/internal/ai/cache_layer.go:159.64,163.2 1 1
github.com/yourorg/md-spec-tool/internal/ai/cache_layer.go:166.63,167.33 1 1
github.com/yourorg/md-spec-tool/internal/ai/cache_layer.go:167.33,168.36 1 1
github.com/yourorg/md-spec-tool/internal/ai/cache_layer.go:168.36,170.27 1 1
github.com/yourorg/md-spec-tool/internal/ai/cache_layer.go:170.27,172.5 1 1
github.com/yourorg/md-spec-tool/internal/ai/cache_layer.go:173.4,176.20 4 1
github.com/yourorg/md-spec-tool/internal/ai/cache_layer.go:179.2,182.19 4 1
github.com/yourorg/md-spec-tool/internal/ai/cache_layer.go:186.62,187.33 1 1
github.com/yourorg/md-spec-tool/internal/ai/cache_layer.go:187.33,189.3 1 1
github.com/yourorg/md-spec-tool/internal/ai/cache_layer.go:193.35,194.33 1 1
github.com/yourorg/md-spec-tool/internal/ai/cache_layer.go:194.33,196.3 1 1
github.com/yourorg/md-spec-tool/internal/ai/cache_layer.go:200.46,205.33 4 1
github.com/yourorg/md-spec-tool/internal/ai/cache_layer.go:205.33,207.3 1 1
github.com/yourorg/md-spec-tool/internal/ai/cache_layer.go:209.2,214.3 1 1
github.com/yourorg/md-spec-tool/internal/ai/cache_metrics.go:47.38,53.2 1 1
github.com/yourorg/md-spec-tool/internal/ai/cache_metrics.go:56.82,65.9 6 1
github.com/yourorg/md-spec-tool/internal/ai/cache_metrics.go:65.9,68.3 2 1
github.com/yourorg/md-spec-tool/internal/ai/cache_metrics.go:69.2,74.9 4 1
github.com/yourorg/md-spec-tool/internal/ai/cache_metrics.go:74.9,77.3 2 1
github.com/yourorg/md-spec-tool/internal/ai/cache_metrics.go:78.2,79.28 2 1
github.com/yourorg/md-spec-tool/internal/ai/cache_metrics.go:83.53,90.9 5 1
github.com/yourorg/md-spec-tool/internal/ai/cache_metrics.go:90.9,93.3 2 1
github.com/yourorg/md-spec-tool/internal/ai/cache_metrics.go:94.2,94.13 1 1
github.com/yourorg/md-spec-tool/internal/ai/cache_metrics.go:98.69,102.2 3 1
github.com/yourorg/md-spec-tool/internal/ai/cache_metrics.go:105.56,111.15 5 1
github.com/yourorg/md-spec-tool/internal/ai/cache_metrics.go:111.15,113.3 1 1
github.com/yourorg/md-spec-tool/internal/ai/cache_metrics.go:115.2,116.21 2 1
github.com/yourorg/md-spec-tool/internal/ai/cache_metrics.go:116.21,118.3 1 1
github.com/yourorg/md-spec-tool/internal/ai/cache_metrics.go:121.2,122.38 2 1
github.com/yourorg/md-spec-tool/internal/ai/cache_metrics.go:122.38,125.18 3 1
github.com/yourorg/md-spec-tool/internal/ai/cache_metrics.go:125.18,127.4 1 1
github.com/yourorg/md-spec-tool/internal/ai/cache_metrics.go:128.3,128.18 1 1
github.com/yourorg/md-spec-tool/internal/ai/cache_metrics.go:128.18,130.4 1 1
github.com/yourorg/md-spec-tool/internal/ai/cache_metrics.go:131.3,131.22 1 1
github.com/yourorg/md-spec-tool/internal/ai/cache_metrics.go:135.2,136.34 2 1
github.com/yourorg/md-spec-tool/internal/ai/cache_metrics.go:136.34,138.18 2 1
github.com/yourorg/md-spec-tool/internal/ai/cache_metrics.go:138.18,140.4 1 1
github.com/yourorg/md-spec-tool/internal/ai/cache_metrics.go:141.3,141.22 1 1
github.com/yourorg/md-spec-tool/internal/ai/cache_metrics.go:145.2,146.33 2 1
github.com/yourorg/md-spec-tool/internal/ai/cache_metrics.go:146.33,148.3 1 1
github.com/yourorg/md-spec-tool/internal/ai/cache_metrics.go:150.2,158.3 1 1
github.com/yourorg/md-spec-tool/internal/ai/cache_metrics.go:162.32,170.2 7 1
github.com/yourorg/md-spec-tool/internal/ai/cache_normalized.go:14.50,15.23 1 1
github.com/yourorg/md-spec-tool/internal/ai/cache_normalized.go:15.23,17.3 1 1
github.com/yourorg/md-spec-tool/internal/ai/cache_normalized.go:18.2,19.28 2 1
github.com/yourorg/md-spec-tool/internal/ai/cache_normalized.go:19.28,21.3 1 1
github.com/yourorg/md-spec-tool/internal/ai/cache_normalized.go:22.2,23.12 2 1
github.com/yourorg/md-spec-tool/internal/ai/cache_normalized.go:28.66,33.16 4 1
github.com/yourorg/md-spec-tool/internal/ai/cache_normalized.go:33.16,35.3 1 0
github.com/yourorg/md-spec-tool/internal/ai/cache_normalized.go:36.2,37.36 2 1
github.com/yourorg/md-spec-tool/internal/ai/cache_normalized.go:50.60,52.2 1 1
github.com/yourorg/md-spec-tool/internal/ai/cache_normalized.go:55.63,58.8 3 1
github.com/yourorg/md-spec-tool/internal/ai/cache_normalized.go:58.8,60.3 1 1
github.com/yourorg/md-spec-tool/internal/ai/cache_normalized.go:60.8,62.3 1 1
github.com/yourorg/md-spec-tool/internal/ai/cache_normalized.go:63.2,64.16 2 1
github.com/yourorg/md-spec-tool/internal/ai/cache_normalized.go:68.62,70.2 1 1
github.com/yourorg/md-spec-tool/internal/ai/cache_normalized.go:73.35,79.2 5 1
github.com/yourorg/md-spec-tool/internal/ai/cache_normalized.go:82.46,96.2 6 1
github.com/yourorg/md-spec-tool/internal/ai/cache_persistent.go:28.49,29.20 1 1
github.com/yourorg/md-spec-tool/internal/ai/cache_persistent.go:29.20,31.3 1 0
github.com/yourorg/md-spec-tool/internal/ai/cache_persistent.go:32.2,32.20 1 1
github.com/yourorg/md-spec-tool/internal/ai/cache_persistent.go:32.20,34.3 1 0
github.com/yourorg/md-spec-tool/internal/ai/cache_persistent.go:35.2,35.16 1 1
github.com/yourorg/md-spec-tool/internal/ai/cache_persistent.go:35.16,37.3 1 0
github.com/yourorg/md-spec-tool/internal/ai/cache_persistent.go:54.81,59.48 3 1
github.com/yourorg/md-spec-tool/internal/ai/cache_persistent.go:59.48,61.3 1 0
github.com/yourorg/md-spec-tool/internal/ai/cache_persistent.go:63.2,64.16 2 1
github.com/yourorg/md-spec-tool/internal/ai/cache_persistent.go:64.16,66.3 1 0
github.com/yourorg/md-spec-tool/internal/ai/cache_persistent.go:69.2,71.39 2 1
github.com/yourorg/md-spec-tool/internal/ai/cache_persistent.go:71.39,74.3 2 0
github.com/yourorg/md-spec-tool/internal/ai/cache_persistent.go:76.2,76.54 1 1
github.com/yourorg/md-spec-tool/internal/ai/cache_persistent.go:80.35,90.16 2 1
github.com/yourorg/md-spec-tool/internal/ai/cache_persistent.go:90.16,92.3 1 0
github.com/yourorg/md-spec-tool/internal/ai/cache_persistent.go:94.2,95.16 2 1
github.com/yourorg/md-spec-tool/internal/ai/cache_persistent.go:95.16,97.3 1 0
github.com/yourorg/md-spec-tool/internal/ai/cache_persistent.go:99.2,99.12 1 1
github.com/yourorg/md-spec-tool/internal/ai/cache_persistent.go:104.64,113.16 4 1
github.com/yourorg/md-spec-tool/internal/ai/cache_persistent.go:113.16,115.27 1 1
github.com/yourorg/md-spec-tool/internal/ai/cache_persistent.go:115.27,117.4 1 0
github.com/yourorg/md-spec-tool/internal/ai/cache_persistent.go:118.3,119.20 2 1
github.com/yourorg/md-spec-tool/internal/ai/cache_persistent.go:122.2,126.12 2 1
github.com/yourorg/md-spec-tool/internal/ai/cache_persistent.go:126.12,127.23 1 1
github.com/yourorg/md-spec-tool/internal/ai/cache_persistent.go:127.23,129.4 1 1
github.com/yourorg/md-spec-tool/internal/ai/cache_persistent.go:130.3,132.23 3 1
github.com/yourorg/md-spec-tool/internal/ai/cache_persistent.go:132.23,134.4 1 0
github.com/yourorg/md-spec-tool/internal/ai/cache_persistent.go:135.3,137.15 1 1
github.com/yourorg/md-spec-tool/internal/ai/cache_persistent.go:137.15,139.4 1 0
github.com/yourorg/md-spec-tool/internal/ai/cache_persistent.go:142.2,142.37 1 1
github.com/yourorg/md-spec-tool/internal/ai/cache_persistent.go:147.63,149.16 2 1
github.com/yourorg/md-spec-tool/internal/ai/cache_persistent.go:149.16,152.3 2 0
github.com/yourorg/md-spec-tool/internal/ai/cache_persistent.go:154.2,166.16 7 1
github.com/yourorg/md-spec-tool/internal/ai/cache_persistent.go:166.16,169.3 2 0
github.com/yourorg/md-spec-tool/internal/ai/cache_persistent.go:171.2,171.18 1 1
github.com/yourorg/md-spec-tool/internal/ai/cache_persistent.go:176.42,178.90 2 1
github.com/yourorg/md-spec-tool/internal/ai/cache_persistent.go:178.90,180.3 1 0
github.com/yourorg/md-spec-tool/internal/ai/cache_persistent.go:181.2,181.32 1 1
github.com/yourorg/md-spec-tool/internal/ai/cache_persistent.go:181.32,183.3 1 1
github.com/yourorg/md-spec-tool/internal/ai/cache_persistent.go:186.2,187.94 2 1
github.com/yourorg/md-spec-tool/internal/ai/cache_persistent.go:187.94,189.3 1 0
github.com/yourorg/md-spec-tool/internal/ai/cache_persistent.go:192.2,192.90 1 1
github.com/yourorg/md-spec-tool/internal/ai/cache_persistent.go:192.90,194.3 1 0
github.com/yourorg/md-spec-tool/internal/ai/cache_persistent.go:195.2,195.32 1 1
github.com/yourorg/md-spec-tool/internal/ai/cache_persistent.go:195.32,197.3 1 0
github.com/yourorg/md-spec-tool/internal/ai/cache_persistent.go:200.2,210.16 3 1
github.com/yourorg/md-spec-tool/internal/ai/cache_persistent.go:210.16,212.3 1 0
github.com/yourorg/md-spec-tool/internal/ai/cache_persistent.go:216.36,220.67 3 1
github.com/yourorg/md-spec-tool/internal/ai/cache_persistent.go:220.67,222.3 1 0
github.com/yourorg/md-spec-tool/internal/ai/cache_persistent.go:227.47,230.89 2 1
github.com/yourorg/md-spec-tool/internal/ai/cache_persistent.go:230.89,232.3 1 0
github.com/yourorg/md-spec-tool/internal/ai/cache_persistent.go:234.2,240.3 1 1
github.com/yourorg/md-spec-tool/internal/ai/cache_persistent.go:247.42,251.18 4 1
github.com/yourorg/md-spec-tool/internal/ai/cache_persistent.go:251.18,253.3 1 1
github.com/yourorg/md-spec-tool/internal/ai/cache_persistent.go:254.2,254.12 1 0
github.com/yourorg/md-spec-tool/internal/ai/cache_persistent.go:260.54,261.27 1 1
github.com/yourorg/md-spec-tool/internal/ai/cache_persistent.go:262.23,263.24 1 1
github.com/yourorg/md-spec-tool/internal/ai/cache_persistent.go:264.14,265.16 1 0
github.com/yourorg/md-spec-tool/internal/ai/cache_persistent.go:266.10,267.29 1 1
github.com/yourorg/md-spec-tool/internal/ai/circuit_breaker.go:25.57,31.2 1 0
github.com/yourorg/md-spec-tool/internal/ai/circuit_breaker.go:44.66,49.2 1 1
github.com/yourorg/md-spec-tool/internal/ai/circuit_breaker.go:53.48,56.91 3 1
github.com/yourorg/md-spec-tool/internal/ai/circuit_breaker.go:56.91,59.3 2 1
github.com/yourorg/md-spec-tool/internal/ai/circuit_breaker.go:60.2,60.17 1 1
github.com/yourorg/md-spec-tool/internal/ai/circuit_breaker.go:64.40,68.91 3 1
github.com/yourorg/md-spec-tool/internal/ai/circuit_breaker.go:68.91,71.3 2 0
github.com/yourorg/md-spec-tool/internal/ai/circuit_breaker.go:72.2,72.18 1 1
github.com/yourorg/md-spec-tool/internal/ai/circuit_breaker.go:73.26,74.14 1 1
github.com/yourorg/md-spec-tool/internal/ai/circuit_breaker.go:75.24,76.15 1 1
github.com/yourorg/md-spec-tool/internal/ai/circuit_breaker.go:77.28,78.47 1 1
github.com/yourorg/md-spec-tool/internal/ai/circuit_breaker.go:78.47,81.4 2 1
github.com/yourorg/md-spec-tool/internal/ai/circuit_breaker.go:82.3,82.15 1 0
github.com/yourorg/md-spec-tool/internal/ai/circuit_breaker.go:84.2,84.14 1 0
github.com/yourorg/md-spec-tool/internal/ai/circuit_breaker.go:88.43,94.2 5 1
github.com/yourorg/md-spec-tool/internal/ai/circuit_breaker.go:97.43,102.38 5 1
github.com/yourorg/md-spec-tool/internal/ai/circuit_breaker.go:102.38,105.3 2 0
github.com/yourorg/md-spec-tool/internal/ai/circuit_breaker.go:106.2,106.47 1 1
github.com/yourorg/md-spec-tool/internal/ai/circuit_breaker.go:106.47,108.3 1 1
github.com/yourorg/md-spec-tool/internal/ai/client.go:45.48,47.18 2 0
github.com/yourorg/md-spec-tool/internal/ai/client.go:47.18,49.3 1 0
github.com/yourorg/md-spec-tool/internal/ai/client.go:51.2,51.18 1 0
github.com/yourorg/md-spec-tool/internal/ai/client.go:51.18,53.3 1 0
github.com/yourorg/md-spec-tool/internal/ai/client.go:56.2,57.24 2 0
github.com/yourorg/md-spec-tool/internal/ai/client.go:57.24,59.3 1 0
github.com/yourorg/md-spec-tool/internal/ai/client.go:60.2,60.28 1 0
github.com/yourorg/md-spec-tool/internal/ai/client.go:60.28,62.3 1 0
github.com/yourorg/md-spec-tool/internal/ai/client.go:63.2,63.32 1 0
github.com/yourorg/md-spec-tool/internal/ai/client.go:63.32,65.3 1 0
github.com/yourorg/md-spec-tool/internal/ai/client.go:66.2,66.32 1 0
github.com/yourorg/md-spec-tool/internal/ai/client.go:66.32,68.3 1 0
github.com/yourorg/md-spec-tool/internal/ai/client.go:69.2,86.8 6 0
github.com/yourorg/md-spec-tool/internal/ai/client.go:90.103,97.59 4 0
github.com/yourorg/md-spec-tool/internal/ai/client.go:97.59,99.3 1 0
github.com/yourorg/md-spec-tool/internal/ai/client.go:100.2,100.16 1 0
github.com/yourorg/md-spec-tool/internal/ai/client.go:100.16,102.3 1 0
github.com/yourorg/md-spec-tool/internal/ai/client.go:105.2,105.32 1 0
github.com/yourorg/md-spec-tool/internal/ai/client.go:105.32,107.3 1 0
github.com/yourorg/md-spec-tool/internal/ai/client.go:109.2,109.20 1 0
github.com/yourorg/md-spec-tool/internal/ai/client.go:114.96,115.44 1 0
github.com/yourorg/md-spec-tool/internal/ai/client.go:115.44,120.3 1 0
github.com/yourorg/md-spec-tool/internal/ai/client.go:121.2,122.36 2 0
github.com/yourorg/md-spec-tool/internal/ai/client.go:122.36,124.52 2 0
github.com/yourorg/md-spec-tool/internal/ai/client.go:124.52,126.4 1 0
github.com/yourorg/md-spec-tool/internal/ai/client.go:127.3,127.13 1 0
github.com/yourorg/md-spec-tool/internal/ai/client.go:129.2,129.22 1 0
github.com/yourorg/md-spec-tool/internal/ai/client.go:129.22,131.3 1 0
github.com/yourorg/md-spec-tool/internal/ai/client.go:132.2,132.12 1 0
github.com/yourorg/md-spec-tool/internal/ai/client.go:136.106,147.62 5 0
github.com/yourorg/md-spec-tool/internal/ai/client.go:147.62,149.3 1 0
github.com/yourorg/md-spec-tool/internal/ai/client.go:150.2,150.16 1 0
github.com/yourorg/md-spec-tool/internal/ai/client.go:150.16,152.3 1 0
github.com/yourorg/md-spec-tool/internal/ai/client.go:155.2,155.32 1 0
github.com/yourorg/md-spec-tool/internal/ai/client.go:155.32,157.3 1 0
github.com/yourorg/md-spec-tool/internal/ai/client.go:159.2,159.20 1 0
github.com/yourorg/md-spec-tool/internal/ai/client.go:163.101,170.61 4 0
github.com/yourorg/md-spec-tool/internal/ai/client.go:170.61,172.3 1 0
github.com/yourorg/md-spec-tool/internal/ai/client.go:173.2,173.16 1 0
github.com/yourorg/md-spec-tool/internal/ai/client.go:173.16,175.3 1 0
github.com/yourorg/md-spec-tool/internal/ai/client.go:178.2,178.32 1 0
github.com/yourorg/md-spec-tool/internal/ai/client.go:178.32,180.3 1 0
github.com/yourorg/md-spec-tool/internal/ai/client.go:182.2,182.20 1 0
github.com/yourorg/md-spec-tool/internal/ai/client.go:188.131,192.22 3 0
github.com/yourorg/md-spec-tool/internal/ai/client.go:192.22,194.3 1 0
github.com/yourorg/md-spec-tool/internal/ai/client.go:196.2,196.53 1 0
github.com/yourorg/md-spec-tool/internal/ai/client.go:196.53,197.18 1 0
github.com/yourorg/md-spec-tool/internal/ai/client.go:197.18,199.11 2 0
github.com/yourorg/md-spec-tool/internal/ai/client.go:200.29,200.29 0 0
github.com/yourorg/md-spec-tool/internal/ai/client.go:201.22,202.21 1 0
github.com/yourorg/md-spec-tool/internal/ai/client.go:207.3,213.74 3 0
github.com/yourorg/md-spec-tool/internal/ai/client.go:213.74,215.43 2 0
github.com/yourorg/md-spec-tool/internal/ai/client.go:215.43,218.5 2 0
github.com/yourorg/md-spec-tool/internal/ai/client.go:220.4,222.35 3 0
github.com/yourorg/md-spec-tool/internal/ai/client.go:222.35,224.5 1 0
github.com/yourorg/md-spec-tool/internal/ai/client.go:226.4,240.21 2 0
github.com/yourorg/md-spec-tool/internal/ai/client.go:240.21,242.5 1 0
github.com/yourorg/md-spec-tool/internal/ai/client.go:244.4,244.18 1 0
github.com/yourorg/md-spec-tool/internal/ai/client.go:244.18,246.32 2 0
github.com/yourorg/md-spec-tool/internal/ai/client.go:246.32,248.6 1 0
github.com/yourorg/md-spec-tool/internal/ai/client.go:249.5,249.10 1 0
github.com/yourorg/md-spec-tool/internal/ai/client.go:252.4,252.30 1 0
github.com/yourorg/md-spec-tool/internal/ai/client.go:252.30,255.10 3 0
github.com/yourorg/md-spec-tool/internal/ai/client.go:258.4,262.25 3 0
github.com/yourorg/md-spec-tool/internal/ai/client.go:262.25,266.5 3 0
github.com/yourorg/md-spec-tool/internal/ai/client.go:269.4,269.31 1 0
github.com/yourorg/md-spec-tool/internal/ai/client.go:270.18,273.19 3 0
github.com/yourorg/md-spec-tool/internal/ai/client.go:274.26,277.19 3 0
github.com/yourorg/md-spec-tool/internal/ai/client.go:280.4,281.21 2 0
github.com/yourorg/md-spec-tool/internal/ai/client.go:281.21,284.10 3 0
github.com/yourorg/md-spec-tool/internal/ai/client.go:287.4,287.63 1 0
github.com/yourorg/md-spec-tool/internal/ai/client.go:287.63,291.39 4 0
github.com/yourorg/md-spec-tool/internal/ai/client.go:291.39,292.14 1 0
github.com/yourorg/md-spec-tool/internal/ai/client.go:294.5,294.19 1 0
github.com/yourorg/md-spec-tool/internal/ai/client.go:297.4,297.14 1 0
github.com/yourorg/md-spec-tool/internal/ai/client.go:301.2,301.16 1 0
github.com/yourorg/md-spec-tool/internal/ai/client.go:304.74,305.18 1 0
github.com/yourorg/md-spec-tool/internal/ai/client.go:305.18,307.3 1 0
github.com/yourorg/md-spec-tool/internal/ai/client.go:308.2,310.56 3 0
github.com/yourorg/md-spec-tool/internal/ai/client.go:310.56,312.3 1 0
github.com/yourorg/md-spec-tool/internal/ai/client.go:313.2,313.38 1 0
github.com/yourorg/md-spec-tool/internal/ai/client.go:316.55,317.15 1 0
github.com/yourorg/md-spec-tool/internal/ai/client.go:317.15,319.3 1 0
github.com/yourorg/md-spec-tool/internal/ai/client.go:321.2,322.20 2 0
github.com/yourorg/md-spec-tool/internal/ai/client.go:322.20,324.3 1 0
github.com/yourorg/md-spec-tool/internal/ai/client.go:325.2,325.50 1 0
github.com/yourorg/md-spec-tool/internal/ai/client.go:329.50,330.16 1 0
github.com/yourorg/md-spec-tool/internal/ai/client.go:330.16,332.3 1 0
github.com/yourorg/md-spec-tool/internal/ai/client.go:334.2,337.43 2 0
github.com/yourorg/md-spec-tool/internal/ai/client.go:337.43,338.31 1 0
github.com/yourorg/md-spec-tool/internal/ai/client.go:338.31,344.4 1 0
github.com/yourorg/md-spec-tool/internal/ai/client.go:346.3,346.31 1 0
github.com/yourorg/md-spec-tool/internal/ai/client.go:346.31,351.4 1 0
github.com/yourorg/md-spec-tool/internal/ai/client.go:355.2,355.25 1 0
github.com/yourorg/md-spec-tool/internal/ai/client.go:355.25,360.3 1 0
github.com/yourorg/md-spec-tool/internal/ai/client.go:363.2,366.3 1 0
github.com/yourorg/md-spec-tool/internal/ai/client.go:370.46,373.28 2 0
github.com/yourorg/md-spec-tool/internal/ai/client.go:373.28,375.3 1 0
github.com/yourorg/md-spec-tool/internal/ai/client.go:377.2,377.77 1 0
github.com/yourorg/md-spec-tool/internal/ai/client.go:381.37,382.37 1 0
github.com/yourorg/md-spec-tool/internal/ai/client.go:382.37,384.3 1 0
github.com/yourorg/md-spec-tool/internal/ai/client.go:386.2,389.38 2 0
github.com/yourorg/md-spec-tool/internal/ai/client.go:389.38,391.3 1 0
github.com/yourorg/md-spec-tool/internal/ai/client.go:392.2,392.14 1 0
github.com/yourorg/md-spec-tool/internal/ai/client.go:396.57,398.37 2 0
github.com/yourorg/md-spec-tool/internal/ai/client.go:398.37,400.3 1 0
github.com/yourorg/md-spec-tool/internal/ai/client.go:402.2,487.3 1 0
github.com/yourorg/md-spec-tool/internal/ai/client.go:491.46,492.16 1 1
github.com/yourorg/md-spec-tool/internal/ai/client.go:493.14,494.13 1 1
github.com/yourorg/md-spec-tool/internal/ai/client.go:495.16,496.85 1 1
github.com/yourorg/md-spec-tool/internal/ai/client.go:497.24,498.75 1 1
github.com/yourorg/md-spec-tool/internal/ai/client.go:499.10,500.13 1 0
github.com/yourorg/md-spec-tool/internal/ai/client.go:505.42,506.19 1 1
github.com/yourorg/md-spec-tool/internal/ai/client.go:506.19,508.3 1 1
github.com/yourorg/md-spec-tool/internal/ai/client.go:509.2,509.52 1 1
github.com/yourorg/md-spec-tool/internal/ai/client.go:513.57,551.2 1 0
github.com/yourorg/md-spec-tool/internal/ai/client.go:554.75,555.62 1 0
github.com/yourorg/md-spec-tool/internal/ai/client.go:555.62,557.3 1 0
github.com/yourorg/md-spec-tool/internal/ai/client.go:558.2,558.42 1 0
github.com/yourorg/md-spec-tool/internal/ai/client.go:561.65,568.29 2 0
github.com/yourorg/md-spec-tool/internal/ai/client.go:568.29,570.38 2 0
github.com/yourorg/md-spec-tool/internal/ai/client.go:570.38,572.4 1 0
github.com/yourorg/md-spec-tool/internal/ai/client.go:573.3,573.17 1 0
github.com/yourorg/md-spec-tool/internal/ai/client.go:576.2,576.24 1 0
github.com/yourorg/md-spec-tool/internal/ai/client.go:576.24,578.3 1 0
github.com/yourorg/md-spec-tool/internal/ai/client.go:580.2,581.22 2 0
github.com/yourorg/md-spec-tool/internal/ai/client.go:581.22,583.3 1 0
github.com/yourorg/md-spec-tool/internal/ai/client.go:584.2,584.22 1 0
github.com/yourorg/md-spec-tool/internal/ai/client.go:584.22,586.3 1 0
github.com/yourorg/md-spec-tool/internal/ai/client.go:589.2,589.54 1 0
github.com/yourorg/md-spec-tool/internal/ai/client.go:589.54,591.3 1 0
github.com/yourorg/md-spec-tool/internal/ai/client.go:591.8,599.3 7 0
github.com/yourorg/md-spec-tool/internal/ai/client.go:601.2,608.15 7 0
github.com/yourorg/md-spec-tool/internal/ai/client.go:612.78,613.62 1 0
github.com/yourorg/md-spec-tool/internal/ai/client.go:613.62,615.3 1 0
github.com/yourorg/md-spec-tool/internal/ai/client.go:616.2,616.45 1 0
github.com/yourorg/md-spec-tool/internal/ai/client.go:619.68,626.29 2 0
github.com/yourorg/md-spec-tool/internal/ai/client.go:626.29,628.38 2 0
github.com/yourorg/md-spec-tool/internal/ai/client.go:628.38,630.4 1 0
github.com/yourorg/md-spec-tool/internal/ai/client.go:631.3,631.17 1 0
github.com/yourorg/md-spec-tool/internal/ai/client.go:635.2,635.33 1 0
github.com/yourorg/md-spec-tool/internal/ai/client.go:635.33,638.3 2 0
github.com/yourorg/md-spec-tool/internal/ai/client.go:640.2,641.22 2 0
github.com/yourorg/md-spec-tool/internal/ai/client.go:641.22,643.3 1 0
github.com/yourorg/md-spec-tool/internal/ai/client.go:644.2,644.22 1 0
github.com/yourorg/md-spec-tool/internal/ai/client.go:644.22,646.3 1 0
github.com/yourorg/md-spec-tool/internal/ai/client.go:649.2,649.54 1 0
github.com/yourorg/md-spec-tool/internal/ai/client.go:649.54,651.3 1 0
github.com/yourorg/md-spec-tool/internal/ai/client.go:653.2,661.15 8 0
github.com/yourorg/md-spec-tool/internal/ai/client.go:664.65,674.24 10 0
github.com/yourorg/md-spec-tool/internal/ai/client.go:674.24,676.3 1 0
github.com/yourorg/md-spec-tool/internal/ai/client.go:678.2,679.22 2 0
github.com/yourorg/md-spec-tool/internal/ai/client.go:679.22,681.3 1 0
github.com/yourorg/md-spec-tool/internal/ai/client.go:682.2,682.22 1 0
github.com/yourorg/md-spec-tool/internal/ai/client.go:682.22,684.3 1 0
github.com/yourorg/md-spec-tool/internal/ai/client.go:685.2,685.54 1 0
github.com/yourorg/md-spec-tool/internal/ai/client.go:685.54,687.3 1 0
github.com/yourorg/md-spec-tool/internal/ai/client.go:689.2,690.30 2 0
github.com/yourorg/md-spec-tool/internal/ai/client.go:690.30,692.3 1 0
github.com/yourorg/md-spec-tool/internal/ai/client.go:692.8,693.38 1 0
github.com/yourorg/md-spec-tool/internal/ai/client.go:693.38,695.4 1 0
github.com/yourorg/md-spec-tool/internal/ai/client.go:697.2,697.19 1 0
github.com/yourorg/md-spec-tool/internal/ai/client.go:700.68,708.33 7 0
github.com/yourorg/md-spec-tool/internal/ai/client.go:708.33,712.3 3 0
github.com/yourorg/md-spec-tool/internal/ai/client.go:714.2,717.22 4 0
github.com/yourorg/md-spec-tool/internal/ai/client.go:717.22,719.3 1 0
github.com/yourorg/md-spec-tool/internal/ai/client.go:720.2,720.22 1 0
github.com/yourorg/md-spec-tool/internal/ai/client.go:720.22,722.3 1 0
github.com/yourorg/md-spec-tool/internal/ai/client.go:723.2,723.54 1 0
github.com/yourorg/md-spec-tool/internal/ai/client.go:723.54,725.3 1 0
github.com/yourorg/md-spec-tool/internal/ai/client.go:727.2,728.30 2 0
github.com/yourorg/md-spec-tool/internal/ai/client.go:728.30,730.3 1 0
github.com/yourorg/md-spec-tool/internal/ai/client.go:730.8,731.38 1 0
github.com/yourorg/md-spec-tool/internal/ai/client.go:731.38,733.4 1 0
github.com/yourorg/md-spec-tool/internal/ai/client.go:736.2,736.19 1 0
github.com/yourorg/md-spec-tool/internal/ai/client.go:740.79,742.25 2 0
github.com/yourorg/md-spec-tool/internal/ai/client.go:742.25,744.3 1 0
github.com/yourorg/md-spec-tool/internal/ai/client.go:746.2,751.75 1 0
github.com/yourorg/md-spec-tool/internal/ai/client.go:755.106,762.63 4 0
github.com/yourorg/md-spec-tool/internal/ai/client.go:762.63,764.3 1 0
github.com/yourorg/md-spec-tool/internal/ai/client.go:765.2,765.16 1 0
github.com/yourorg/md-spec-tool/internal/ai/client.go:765.16,767.3 1 0
github.com/yourorg/md-spec-tool/internal/ai/client.go:770.2,770.32 1 0
github.com/yourorg/md-spec-tool/internal/ai/client.go:770.32,772.3 1 0
github.com/yourorg/md-spec-tool/internal/ai/client.go:775.2,776.39 2 0
github.com/yourorg/md-spec-tool/internal/ai/client.go:776.39,778.17 1 0
github.com/yourorg/md-spec-tool/internal/ai/client.go:779.128,779.128 0 0
github.com/yourorg/md-spec-tool/internal/ai/client.go:781.11,782.39 1 0
github.com/yourorg/md-spec-tool/internal/ai/client.go:786.3,786.21 1 0
github.com/yourorg/md-spec-tool/internal/ai/client.go:787.32,787.32 0 0
github.com/yourorg/md-spec-tool/internal/ai/client.go:789.11,790.23 1 0
github.com/yourorg/md-spec-tool/internal/ai/client.go:794.3,794.44 1 0
github.com/yourorg/md-spec-tool/internal/ai/client.go:794.44,795.12 1 0
github.com/yourorg/md-spec-tool/internal/ai/client.go:798.3,798.49 1 0
github.com/yourorg/md-spec-tool/internal/ai/client.go:800.2,802.20 2 0
github.com/yourorg/md-spec-tool/internal/ai/client.go:806.77,807.62 1 0
github.com/yourorg/md-spec-tool/internal/ai/client.go:807.62,809.3 1 0
github.com/yourorg/md-spec-tool/internal/ai/client.go:810.2,810.43 1 0
github.com/yourorg/md-spec-tool/internal/ai/client.go:813.67,815.47 2 0
github.com/yourorg/md-spec-tool/internal/ai/client.go:815.47,817.3 1 0
github.com/yourorg/md-spec-tool/internal/ai/client.go:819.2,828.39 1 0
github.com/yourorg/md-spec-tool/internal/ai/client.go:831.67,833.47 2 0
github.com/yourorg/md-spec-tool/internal/ai/client.go:833.47,835.3 1 0
github.com/yourorg/md-spec-tool/internal/ai/client.go:837.2,849.40 1 0
github.com/yourorg/md-spec-tool/internal/ai/client.go:853.55,892.2 1 0
github.com/yourorg/md-spec-tool/internal/ai/client.go:895.101,902.62 4 0
github.com/yourorg/md-spec-tool/internal/ai/client.go:902.62,904.3 1 0
github.com/yourorg/md-spec-tool/internal/ai/client.go:905.2,905.16 1 0
github.com/yourorg/md-spec-tool/internal/ai/client.go:905.16,907.3 1 0
github.com/yourorg/md-spec-tool/internal/ai/client.go:909.2,909.20 1 0
github.com/yourorg/md-spec-tool/internal/ai/client.go:913.65,915.38 2 0
github.com/yourorg/md-spec-tool/internal/ai/client.go:915.38,917.3 1 0
github.com/yourorg/md-spec-tool/internal/ai/client.go:919.2,920.36 2 0
github.com/yourorg/md-spec-tool/internal/ai/client.go:920.36,922.3 1 0
github.com/yourorg/md-spec-tool/internal/ai/client.go:924.2,925.38 2 0
github.com/yourorg/md-spec-tool/internal/ai/client.go:925.38,927.3 1 0
github.com/yourorg/md-spec-tool/internal/ai/client.go:929.2,940.117 1 0
github.com/yourorg/md-spec-tool/internal/ai/client.go:944.55,973.2 1 0
github.com/yourorg/md-spec-tool/internal/ai/client.go:976.122,983.65 4 0
github.com/yourorg/md-spec-tool/internal/ai/client.go:983.65,985.3 1 0
github.com/yourorg/md-spec-tool/internal/ai/client.go:986.2,986.16 1 0
github.com/yourorg/md-spec-tool/internal/ai/client.go:986.16,988.3 1 0
github.com/yourorg/md-spec-tool/internal/ai/client.go:990.2,990.20 1 0
github.com/yourorg/md-spec-tool/internal/ai/client.go:994.75,996.47 2 0
github.com/yourorg/md-spec-tool/internal/ai/client.go:996.47,998.3 1 0
github.com/yourorg/md-spec-tool/internal/ai/client.go:1000.2,1007.98 1 0
github.com/yourorg/md-spec-tool/internal/ai/client.go:1011.62,1055.2 1 0
github.com/yourorg/md-spec-tool/internal/ai/column_mapper.go:13.69,17.2 1 1
github.com/yourorg/md-spec-tool/internal/ai/column_mapper.go:32.116,33.24 1 1
github.com/yourorg/md-spec-tool/internal/ai/column_mapper.go:33.24,35.3 1 1
github.com/yourorg/md-spec-tool/internal/ai/column_mapper.go:38.2,38.27 1 1
github.com/yourorg/md-spec-tool/internal/ai/column_mapper.go:38.27,40.3 1 1
github.com/yourorg/md-spec-tool/internal/ai/column_mapper.go:43.2,50.4 1 1
github.com/yourorg/md-spec-tool/internal/ai/column_mapper.go:54.103,70.37 2 1
github.com/yourorg/md-spec-tool/internal/ai/column_mapper.go:70.37,77.3 1 1
github.com/yourorg/md-spec-tool/internal/ai/column_mapper.go:79.2,79.20 1 1
github.com/yourorg/md-spec-tool/internal/ai/column_mapper.go:83.70,84.49 1 1
github.com/yourorg/md-spec-tool/internal/ai/column_mapper.go:84.49,85.35 1 1
github.com/yourorg/md-spec-tool/internal/ai/column_mapper.go:85.35,87.4 1 1
github.com/yourorg/md-spec-tool/internal/ai/column_mapper.go:89.2,89.11 1 1
github.com/yourorg/md-spec-tool/internal/ai/column_mapper.go:93.72,94.44 1 1
github.com/yourorg/md-spec-tool/internal/ai/column_mapper.go:94.44,95.33 1 1
github.com/yourorg/md-spec-tool/internal/ai/column_mapper.go:95.33,97.4 1 1
github.com/yourorg/md-spec-tool/internal/ai/column_mapper.go:99.2,99.11 1 1
github.com/yourorg/md-spec-tool/internal/ai/confidence.go:20.47,28.2 1 1
github.com/yourorg/md-spec-tool/internal/ai/confidence.go:31.76,33.2 1 1
github.com/yourorg/md-spec-tool/internal/ai/confidence.go:36.78,38.2 1 1
github.com/yourorg/md-spec-tool/internal/ai/confidence.go:41.75,43.2 1 1
github.com/yourorg/md-spec-tool/internal/ai/confidence.go:51.8,53.40 1 1
github.com/yourorg/md-spec-tool/internal/ai/confidence.go:53.40,55.3 1 1
github.com/yourorg/md-spec-tool/internal/ai/confidence.go:58.2,58.52 1 1
github.com/yourorg/md-spec-tool/internal/ai/confidence.go:58.52,60.3 1 1
github.com/yourorg/md-spec-tool/internal/ai/confidence.go:63.2,63.22 1 1
github.com/yourorg/md-spec-tool/internal/ai/confidence.go:63.22,65.27 2 1
github.com/yourorg/md-spec-tool/internal/ai/confidence.go:65.27,67.4 1 1
github.com/yourorg/md-spec-tool/internal/ai/confidence.go:70.2,70.14 1 1
github.com/yourorg/md-spec-tool/internal/ai/confidence.go:83.89,84.39 1 1
github.com/yourorg/md-spec-tool/internal/ai/confidence.go:84.39,86.3 1 1
github.com/yourorg/md-spec-tool/internal/ai/confidence.go:87.2,87.41 1 1
github.com/yourorg/md-spec-tool/internal/ai/confidence.go:87.41,89.3 1 1
github.com/yourorg/md-spec-tool/internal/ai/confidence.go:90.2,90.22 1 1
github.com/yourorg/md-spec-tool/internal/ai/cost.go:41.42,43.2 1 1
github.com/yourorg/md-spec-tool/internal/ai/cost.go:47.98,49.9 2 1
github.com/yourorg/md-spec-tool/internal/ai/cost.go:49.9,51.3 1 1
github.com/yourorg/md-spec-tool/internal/ai/cost.go:53.2,64.3 3 1
github.com/yourorg/md-spec-tool/internal/ai/cost.go:69.64,70.38 1 0
github.com/yourorg/md-spec-tool/internal/ai/cost.go:70.38,72.3 1 0
github.com/yourorg/md-spec-tool/internal/ai/cost.go:73.2,73.24 1 0
github.com/yourorg/md-spec-tool/internal/ai/cost.go:108.36,113.2 1 1
github.com/yourorg/md-spec-tool/internal/ai/cost.go:116.67,126.9 8 1
github.com/yourorg/md-spec-tool/internal/ai/cost.go:126.9,129.3 2 1
github.com/yourorg/md-spec-tool/internal/ai/cost.go:130.2,133.39 4 1
github.com/yourorg/md-spec-tool/internal/ai/cost.go:138.48,143.34 4 1
github.com/yourorg/md-spec-tool/internal/ai/cost.go:143.34,146.3 2 1
github.com/yourorg/md-spec-tool/internal/ai/cost.go:148.2,155.3 1 1
github.com/yourorg/md-spec-tool/internal/ai/cost.go:159.31,169.2 8 1
github.com/yourorg/md-spec-tool/internal/ai/errors.go:26.35,27.22 1 0
github.com/yourorg/md-spec-tool/internal/ai/errors.go:27.22,29.3 1 0
github.com/yourorg/md-spec-tool/internal/ai/errors.go:30.2,30.23 1 0
github.com/yourorg/md-spec-tool/internal/ai/errors.go:34.35,36.2 1 0
github.com/yourorg/md-spec-tool/internal/ai/errors.go:59.42,61.2 1 1
github.com/yourorg/md-spec-tool/internal/ai/errors.go:63.42,65.2 1 0
github.com/yourorg/md-spec-tool/internal/ai/errors.go:68.64,70.9 1 1
github.com/yourorg/md-spec-tool/internal/ai/errors.go:71.36,72.151 1 1
github.com/yourorg/md-spec-tool/internal/ai/errors.go:73.38,74.147 1 1
github.com/yourorg/md-spec-tool/internal/ai/errors.go:75.44,76.146 1 1
github.com/yourorg/md-spec-tool/internal/ai/errors.go:80.2,80.9 1 1
github.com/yourorg/md-spec-tool/internal/ai/errors.go:81.25,82.143 1 1
github.com/yourorg/md-spec-tool/internal/ai/errors.go:83.25,84.143 1 1
github.com/yourorg/md-spec-tool/internal/ai/errors.go:88.2,88.82 1 1
github.com/yourorg/md-spec-tool/internal/ai/errors.go:88.82,90.3 1 1
github.com/yourorg/md-spec-tool/internal/ai/errors.go:93.2,93.43 1 1
github.com/yourorg/md-spec-tool/internal/ai/errors.go:93.43,95.3 1 1
github.com/yourorg/md-spec-tool/internal/ai/errors.go:98.2,98.143 1 1
github.com/yourorg/md-spec-tool/internal/ai/example_store.go:35.38,39.2 1 1
github.com/yourorg/md-spec-tool/internal/ai/example_store.go:42.50,46.2 3 1
github.com/yourorg/md-spec-tool/internal/ai/example_store.go:49.86,54.9 4 1
github.com/yourorg/md-spec-tool/internal/ai/example_store.go:54.9,56.3 1 1
github.com/yourorg/md-spec-tool/internal/ai/example_store.go:58.2,59.25 2 1
github.com/yourorg/md-spec-tool/internal/ai/example_store.go:59.25,60.68 1 1
github.com/yourorg/md-spec-tool/internal/ai/example_store.go:60.68,61.12 1 1
github.com/yourorg/md-spec-tool/internal/ai/example_store.go:63.3,63.62 1 1
github.com/yourorg/md-spec-tool/internal/ai/example_store.go:63.62,64.12 1 1
github.com/yourorg/md-spec-tool/internal/ai/example_store.go:66.3,67.64 2 1
github.com/yourorg/md-spec-tool/internal/ai/example_store.go:67.64,68.9 1 1
github.com/yourorg/md-spec-tool/internal/ai/example_store.go:71.2,71.15 1 1
github.com/yourorg/md-spec-tool/internal/ai/example_store.go:75.57,76.24 1 1
github.com/yourorg/md-spec-tool/internal/ai/example_store.go:76.24,78.3 1 0
github.com/yourorg/md-spec-tool/internal/ai/example_store.go:80.2,82.30 3 1
github.com/yourorg/md-spec-tool/internal/ai/example_store.go:82.30,85.27 3 1
github.com/yourorg/md-spec-tool/internal/ai/example_store.go:85.27,87.34 2 1
github.com/yourorg/md-spec-tool/internal/ai/example_store.go:87.34,90.5 1 1
github.com/yourorg/md-spec-tool/internal/ai/example_store.go:93.2,93.19 1 1
github.com/yourorg/md-spec-tool/internal/ai/example_store.go:97.42,186.2 8 1
github.com/yourorg/md-spec-tool/internal/ai/example_store.go:199.89,204.26 4 1
github.com/yourorg/md-spec-tool/internal/ai/example_store.go:204.26,206.3 1 1
github.com/yourorg/md-spec-tool/internal/ai/example_store.go:208.2,209.21 2 1
github.com/yourorg/md-spec-tool/internal/ai/example_store.go:209.21,211.3 1 1
github.com/yourorg/md-spec-tool/internal/ai/example_store.go:214.2,219.25 3 1
github.com/yourorg/md-spec-tool/internal/ai/example_store.go:219.25,224.3 1 1
github.com/yourorg/md-spec-tool/internal/ai/example_store.go:227.2,227.43 1 1
github.com/yourorg/md-spec-tool/internal/ai/example_store.go:227.43,230.53 3 1
github.com/yourorg/md-spec-tool/internal/ai/example_store.go:230.53,233.4 2 1
github.com/yourorg/md-spec-tool/internal/ai/example_store.go:234.3,234.28 1 1
github.com/yourorg/md-spec-tool/internal/ai/example_store.go:238.2,238.38 1 1
github.com/yourorg/md-spec-tool/internal/ai/example_store.go:238.38,240.3 1 1
github.com/yourorg/md-spec-tool/internal/ai/example_store.go:242.2,243.36 2 1
github.com/yourorg/md-spec-tool/internal/ai/example_store.go:243.36,245.3 1 1
github.com/yourorg/md-spec-tool/internal/ai/example_store.go:246.2,246.15 1 1
github.com/yourorg/md-spec-tool/internal/ai/example_store.go:256.66,260.61 2 1
github.com/yourorg/md-spec-tool/internal/ai/example_store.go:260.61,262.3 1 1
github.com/yourorg/md-spec-tool/internal/ai/example_store.go:265.2,265.55 1 1
github.com/yourorg/md-spec-tool/internal/ai/example_store.go:265.55,267.3 1 1
github.com/yourorg/md-spec-tool/internal/ai/example_store.go:270.2,270.48 1 1
github.com/yourorg/md-spec-tool/internal/ai/example_store.go:270.48,272.15 2 1
github.com/yourorg/md-spec-tool/internal/ai/example_store.go:272.15,274.4 1 1
github.com/yourorg/md-spec-tool/internal/ai/example_store.go:275.3,276.22 2 1
github.com/yourorg/md-spec-tool/internal/ai/example_store.go:276.22,278.4 1 1
github.com/yourorg/md-spec-tool/internal/ai/example_store.go:279.3,279.23 1 1
github.com/yourorg/md-spec-tool/internal/ai/example_store.go:283.2,283.32 1 1
github.com/yourorg/md-spec-tool/internal/ai/example_store.go:283.32,285.3 1 1
github.com/yourorg/md-spec-tool/internal/ai/example_store.go:287.2,287.14 1 1
github.com/yourorg/md-spec-tool/internal/ai/mock_client.go:43.40,48.2 1 1
github.com/yourorg/md-spec-tool/internal/ai/mock_client.go:51.52,54.98 2 1
github.com/yourorg/md-spec-tool/internal/ai/mock_client.go:54.98,56.33 2 1
github.com/yourorg/md-spec-tool/internal/ai/mock_client.go:56.33,64.4 1 1
github.com/yourorg/md-spec-tool/internal/ai/mock_client.go:65.3,75.9 1 1
github.com/yourorg/md-spec-tool/internal/ai/mock_client.go:78.2,78.96 1 1
github.com/yourorg/md-spec-tool/internal/ai/mock_client.go:78.96,87.3 1 1
github.com/yourorg/md-spec-tool/internal/ai/mock_client.go:89.2,89.101 1 1
github.com/yourorg/md-spec-tool/internal/ai/mock_client.go:89.101,101.3 1 1
github.com/yourorg/md-spec-tool/internal/ai/mock_client.go:103.2,103.96 1 1
github.com/yourorg/md-spec-tool/internal/ai/mock_client.go:103.96,109.3 1 0
github.com/yourorg/md-spec-tool/internal/ai/mock_client.go:111.2,111.117 1 1
github.com/yourorg/md-spec-tool/internal/ai/mock_client.go:111.117,118.3 1 0
github.com/yourorg/md-spec-tool/internal/ai/mock_client.go:120.2,120.10 1 1
github.com/yourorg/md-spec-tool/internal/ai/mock_client.go:125.110,127.29 2 1
github.com/yourorg/md-spec-tool/internal/ai/mock_client.go:127.29,129.3 1 1
github.com/yourorg/md-spec-tool/internal/ai/mock_client.go:130.2,130.77 1 1
github.com/yourorg/md-spec-tool/internal/ai/mock_client.go:133.108,135.31 2 1
github.com/yourorg/md-spec-tool/internal/ai/mock_client.go:135.31,137.3 1 1
github.com/yourorg/md-spec-tool/internal/ai/mock_client.go:138.2,138.71 1 1
github.com/yourorg/md-spec-tool/internal/ai/mock_client.go:141.113,143.33 2 1
github.com/yourorg/md-spec-tool/internal/ai/mock_client.go:143.33,145.3 1 1
github.com/yourorg/md-spec-tool/internal/ai/mock_client.go:146.2,146.73 1 1
github.com/yourorg/md-spec-tool/internal/ai/mock_client.go:149.108,151.32 2 1
github.com/yourorg/md-spec-tool/internal/ai/mock_client.go:151.32,153.3 1 0
github.com/yourorg/md-spec-tool/internal/ai/mock_client.go:154.2,154.28 1 1
github.com/yourorg/md-spec-tool/internal/ai/mock_client.go:157.129,159.35 2 1
github.com/yourorg/md-spec-tool/internal/ai/mock_client.go:159.35,161.3 1 0
github.com/yourorg/md-spec-tool/internal/ai/mock_client.go:162.2,162.85 1 1
github.com/yourorg/md-spec-tool/internal/ai/mock_client.go:165.42,166.18 1 1
github.com/yourorg/md-spec-tool/internal/ai/mock_client.go:166.18,168.3 1 1
github.com/yourorg/md-spec-tool/internal/ai/mock_client.go:169.2,169.13 1 0
github.com/yourorg/md-spec-tool/internal/ai/mock_client.go:172.43,173.19 1 1
github.com/yourorg/md-spec-tool/internal/ai/mock_client.go:173.19,175.3 1 1
github.com/yourorg/md-spec-tool/internal/ai/mock_client.go:176.2,176.27 1 0
github.com/yourorg/md-spec-tool/internal/ai/mock_client.go:181.69,185.2 3 1
github.com/yourorg/md-spec-tool/internal/ai/mock_client.go:188.41,192.2 3 1
github.com/yourorg/md-spec-tool/internal/ai/mock_client.go:195.57,199.28 4 1
github.com/yourorg/md-spec-tool/internal/ai/mock_client.go:199.28,200.25 1 1
github.com/yourorg/md-spec-tool/internal/ai/mock_client.go:200.25,202.4 1 1
github.com/yourorg/md-spec-tool/internal/ai/mock_client.go:204.2,204.14 1 1
github.com/yourorg/md-spec-tool/internal/ai/mock_client.go:208.53,211.23 3 1
github.com/yourorg/md-spec-tool/internal/ai/mock_client.go:211.23,213.3 1 0
github.com/yourorg/md-spec-tool/internal/ai/mock_client.go:214.2,214.38 1 1
github.com/yourorg/md-spec-tool/internal/ai/mock_client.go:218.33,222.2 3 1
github.com/yourorg/md-spec-tool/internal/ai/mock_client.go:227.43,229.9 2 1
github.com/yourorg/md-spec-tool/internal/ai/mock_client.go:230.53,231.14 1 1
github.com/yourorg/md-spec-tool/internal/ai/mock_client.go:232.59,233.17 1 1
github.com/yourorg/md-spec-tool/internal/ai/mock_client.go:234.31,235.23 1 1
github.com/yourorg/md-spec-tool/internal/ai/mock_client.go:236.62,237.24 1 1
github.com/yourorg/md-spec-tool/internal/ai/mock_client.go:238.33,239.20 1 1
github.com/yourorg/md-spec-tool/internal/ai/mock_client.go:240.33,241.18 1 1
github.com/yourorg/md-spec-tool/internal/ai/mock_client.go:242.35,243.20 1 1
github.com/yourorg/md-spec-tool/internal/ai/mock_client.go:244.31,245.16 1 1
github.com/yourorg/md-spec-tool/internal/ai/mock_client.go:246.60,247.17 1 1
github.com/yourorg/md-spec-tool/internal/ai/mock_client.go:248.10,249.17 1 1
github.com/yourorg/md-spec-tool/internal/ai/mock_client.go:253.31,255.19 2 1
github.com/yourorg/md-spec-tool/internal/ai/mock_client.go:255.19,257.27 2 1
github.com/yourorg/md-spec-tool/internal/ai/mock_client.go:257.27,259.4 1 1
github.com/yourorg/md-spec-tool/internal/ai/mock_client.go:260.3,260.11 1 1
github.com/yourorg/md-spec-tool/internal/ai/mock_client.go:262.2,262.18 1 1
github.com/yourorg/md-spec-tool/internal/ai/mock_client.go:265.38,266.26 1 1
github.com/yourorg/md-spec-tool/internal/ai/mock_client.go:266.26,268.3 1 1
github.com/yourorg/md-spec-tool/internal/ai/mock_client.go:269.2,269.43 1 1
github.com/yourorg/md-spec-tool/internal/ai/mock_client.go:269.43,270.35 1 1
github.com/yourorg/md-spec-tool/internal/ai/mock_client.go:270.35,272.4 1 1
github.com/yourorg/md-spec-tool/internal/ai/mock_client.go:274.2,274.14 1 1
github.com/yourorg/md-spec-tool/internal/ai/paste_processor.go:17.124,24.2 1 0
github.com/yourorg/md-spec-tool/internal/ai/paste_processor.go:27.116,29.62 1 0
github.com/yourorg/md-spec-tool/internal/ai/paste_processor.go:29.62,31.3 1 0
github.com/yourorg/md-spec-tool/internal/ai/paste_processor.go:34.2,36.17 3 0
github.com/yourorg/md-spec-tool/internal/ai/paste_processor.go:36.17,38.3 1 0
github.com/yourorg/md-spec-tool/internal/ai/paste_processor.go:39.2,39.27 1 0
github.com/yourorg/md-spec-tool/internal/ai/paste_processor.go:39.27,41.3 1 0
github.com/yourorg/md-spec-tool/internal/ai/paste_processor.go:44.2,45.16 2 0
github.com/yourorg/md-spec-tool/internal/ai/paste_processor.go:45.16,46.46 1 0
github.com/yourorg/md-spec-tool/internal/ai/paste_processor.go:46.46,48.4 1 0
github.com/yourorg/md-spec-tool/internal/ai/paste_processor.go:52.2,56.16 2 0
github.com/yourorg/md-spec-tool/internal/ai/paste_processor.go:56.16,58.3 1 0
github.com/yourorg/md-spec-tool/internal/ai/paste_processor.go:61.2,61.66 1 0
github.com/yourorg/md-spec-tool/internal/ai/paste_processor.go:61.66,63.3 1 0
github.com/yourorg/md-spec-tool/internal/ai/paste_processor.go:66.2,66.32 1 0
github.com/yourorg/md-spec-tool/internal/ai/paste_processor.go:66.32,68.3 1 0
github.com/yourorg/md-spec-tool/internal/ai/paste_processor.go:71.2,71.20 1 0
github.com/yourorg/md-spec-tool/internal/ai/paste_processor.go:71.20,73.3 1 0
github.com/yourorg/md-spec-tool/internal/ai/paste_processor.go:75.2,75.20 1 0
github.com/yourorg/md-spec-tool/internal/ai/paste_processor.go:79.81,81.20 2 0
github.com/yourorg/md-spec-tool/internal/ai/paste_processor.go:81.20,83.3 1 0
github.com/yourorg/md-spec-tool/internal/ai/paste_processor.go:86.2,87.41 2 0
github.com/yourorg/md-spec-tool/internal/ai/paste_processor.go:87.41,90.34 3 0
github.com/yourorg/md-spec-tool/internal/ai/paste_processor.go:90.34,91.37 1 0
github.com/yourorg/md-spec-tool/internal/ai/paste_processor.go:91.37,92.13 1 0
github.com/yourorg/md-spec-tool/internal/ai/paste_processor.go:94.4,94.50 1 0
github.com/yourorg/md-spec-tool/internal/ai/paste_processor.go:96.3,104.4 1 0
github.com/yourorg/md-spec-tool/internal/ai/paste_processor.go:108.2,108.91 1 0
github.com/yourorg/md-spec-tool/internal/ai/paste_processor.go:108.91,110.20 2 0
github.com/yourorg/md-spec-tool/internal/ai/paste_processor.go:110.20,112.4 1 0
github.com/yourorg/md-spec-tool/internal/ai/paste_processor.go:116.2,116.60 1 0
github.com/yourorg/md-spec-tool/internal/ai/paste_processor.go:116.60,118.40 1 0
github.com/yourorg/md-spec-tool/internal/ai/paste_processor.go:118.40,121.35 3 0
github.com/yourorg/md-spec-tool/internal/ai/paste_processor.go:121.35,122.38 1 0
github.com/yourorg/md-spec-tool/internal/ai/paste_processor.go:122.38,123.14 1 0
github.com/yourorg/md-spec-tool/internal/ai/paste_processor.go:125.5,125.50 1 0
github.com/yourorg/md-spec-tool/internal/ai/paste_processor.go:127.4,135.5 1 0
github.com/yourorg/md-spec-tool/internal/ai/paste_processor.go:139.2,139.12 1 0
github.com/yourorg/md-spec-tool/internal/ai/paste_processor.go:143.83,144.20 1 0
github.com/yourorg/md-spec-tool/internal/ai/paste_processor.go:144.20,146.3 1 0
github.com/yourorg/md-spec-tool/internal/ai/paste_processor.go:149.2,150.40 2 0
github.com/yourorg/md-spec-tool/internal/ai/paste_processor.go:150.40,152.3 1 0
github.com/yourorg/md-spec-tool/internal/ai/paste_processor.go:154.2,155.23 2 0
github.com/yourorg/md-spec-tool/internal/ai/paste_processor.go:155.23,157.3 1 0
github.com/yourorg/md-spec-tool/internal/ai/paste_processor.go:160.2,163.34 2 0
github.com/yourorg/md-spec-tool/internal/ai/paste_processor.go:163.34,165.36 2 0
github.com/yourorg/md-spec-tool/internal/ai/paste_processor.go:165.36,166.12 1 0
github.com/yourorg/md-spec-tool/internal/ai/paste_processor.go:168.3,169.19 2 0
github.com/yourorg/md-spec-tool/internal/ai/paste_processor.go:169.19,171.4 1 0
github.com/yourorg/md-spec-tool/internal/ai/paste_processor.go:174.2,182.3 1 0
github.com/yourorg/md-spec-tool/internal/ai/paste_processor.go:186.45,195.29 6 0
github.com/yourorg/md-spec-tool/internal/ai/paste_processor.go:195.29,197.3 1 0
github.com/yourorg/md-spec-tool/internal/ai/paste_processor.go:198.2,198.14 1 0
github.com/yourorg/md-spec-tool/internal/ai/paste_processor.go:202.51,203.20 1 0
github.com/yourorg/md-spec-tool/internal/ai/paste_processor.go:203.20,205.3 1 0
github.com/yourorg/md-spec-tool/internal/ai/paste_processor.go:207.2,208.25 2 0
github.com/yourorg/md-spec-tool/internal/ai/paste_processor.go:208.25,210.3 1 0
github.com/yourorg/md-spec-tool/internal/ai/paste_processor.go:213.2,215.44 3 0
github.com/yourorg/md-spec-tool/internal/ai/paste_processor.go:215.44,217.17 2 0
github.com/yourorg/md-spec-tool/internal/ai/paste_processor.go:217.17,218.12 1 0
github.com/yourorg/md-spec-tool/internal/ai/paste_processor.go:220.3,223.32 3 0
github.com/yourorg/md-spec-tool/internal/ai/paste_processor.go:223.32,225.4 1 0
github.com/yourorg/md-spec-tool/internal/ai/paste_processor.go:228.2,228.24 1 0
github.com/yourorg/md-spec-tool/internal/ai/paste_processor.go:228.24,230.3 1 0
github.com/yourorg/md-spec-tool/internal/ai/paste_processor.go:233.2,233.56 1 0
github.com/yourorg/md-spec-tool/internal/ai/paste_processor.go:237.88,238.59 1 0
github.com/yourorg/md-spec-tool/internal/ai/paste_processor.go:238.59,240.3 1 0
github.com/yourorg/md-spec-tool/internal/ai/paste_processor.go:241.2,241.33 1 0
github.com/yourorg/md-spec-tool/internal/ai/paste_processor.go:245.78,246.21 1 0
github.com/yourorg/md-spec-tool/internal/ai/paste_processor.go:246.21,248.3 1 0
github.com/yourorg/md-spec-tool/internal/ai/paste_processor.go:249.2,249.39 1 0
github.com/yourorg/md-spec-tool/internal/ai/paste_processor.go:249.39,251.3 1 0
github.com/yourorg/md-spec-tool/internal/ai/paste_processor.go:252.2,252.33 1 0
github.com/yourorg/md-spec-tool/internal/ai/paste_processor.go:256.81,257.58 1 0
github.com/yourorg/md-spec-tool/internal/ai/paste_processor.go:257.58,259.3 1 0
github.com/yourorg/md-spec-tool/internal/ai/paste_processor.go:260.2,260.37 1 0
github.com/yourorg/md-spec-tool/internal/ai/prompt_builder.go:42.92,47.2 1 1
github.com/yourorg/md-spec-tool/internal/ai/prompt_builder.go:54.98,57.9 2 1
github.com/yourorg/md-spec-tool/internal/ai/prompt_builder.go:57.9,59.3 1 1
github.com/yourorg/md-spec-tool/internal/ai/prompt_builder.go:61.2,67.58 3 1
github.com/yourorg/md-spec-tool/internal/ai/prompt_builder.go:67.58,69.3 1 1
github.com/yourorg/md-spec-tool/internal/ai/prompt_builder.go:72.2,72.33 1 1
github.com/yourorg/md-spec-tool/internal/ai/prompt_builder.go:72.33,74.3 1 1
github.com/yourorg/md-spec-tool/internal/ai/prompt_builder.go:78.2,78.60 1 1
github.com/yourorg/md-spec-tool/internal/ai/prompt_builder.go:78.60,80.3 1 1
github.com/yourorg/md-spec-tool/internal/ai/prompt_builder.go:83.2,88.23 2 1
github.com/yourorg/md-spec-tool/internal/ai/prompt_builder.go:88.23,90.3 1 1
github.com/yourorg/md-spec-tool/internal/ai/prompt_builder.go:93.2,99.25 5 1
github.com/yourorg/md-spec-tool/internal/ai/prompt_builder.go:99.25,101.3 1 1
github.com/yourorg/md-spec-tool/internal/ai/prompt_builder.go:103.2,109.8 1 1
github.com/yourorg/md-spec-tool/internal/ai/prompt_builder.go:114.71,117.26 2 1
github.com/yourorg/md-spec-tool/internal/ai/prompt_builder.go:117.26,119.3 1 1
github.com/yourorg/md-spec-tool/internal/ai/prompt_builder.go:120.2,120.24 1 1
github.com/yourorg/md-spec-tool/internal/ai/prompt_builder.go:120.24,122.3 1 1
github.com/yourorg/md-spec-tool/internal/ai/prompt_builder.go:123.2,123.25 1 1
github.com/yourorg/md-spec-tool/internal/ai/prompt_builder.go:123.25,125.3 1 1
github.com/yourorg/md-spec-tool/internal/ai/prompt_builder.go:127.2,127.21 1 1
github.com/yourorg/md-spec-tool/internal/ai/prompt_builder.go:127.21,129.3 1 1
github.com/yourorg/md-spec-tool/internal/ai/prompt_builder.go:131.2,131.71 1 1
github.com/yourorg/md-spec-tool/internal/ai/prompt_builder.go:140.72,141.21 1 1
github.com/yourorg/md-spec-tool/internal/ai/prompt_builder.go:142.52,146.80 1 1
github.com/yourorg/md-spec-tool/internal/ai/prompt_builder.go:147.10,148.12 1 1
github.com/yourorg/md-spec-tool/internal/ai/prompt_profile.go:10.52,11.53 1 1
github.com/yourorg/md-spec-tool/internal/ai/prompt_profile.go:12.35,13.31 1 1
github.com/yourorg/md-spec-tool/internal/ai/prompt_profile.go:14.35,15.31 1 1
github.com/yourorg/md-spec-tool/internal/ai/prompt_profile.go:16.10,17.31 1 1
github.com/yourorg/md-spec-tool/internal/ai/prompt_profile.go:21.56,22.62 1 1
github.com/yourorg/md-spec-tool/internal/ai/prompt_profile.go:22.62,24.3 1 1
github.com/yourorg/md-spec-tool/internal/ai/prompt_profile.go:25.2,25.35 1 1
github.com/yourorg/md-spec-tool/internal/ai/prompt_profile.go:28.54,29.62 1 1
github.com/yourorg/md-spec-tool/internal/ai/prompt_profile.go:29.62,31.3 1 1
github.com/yourorg/md-spec-tool/internal/ai/prompt_profile.go:32.2,32.33 1 1
github.com/yourorg/md-spec-tool/internal/ai/prompt_registry.go:20.44,21.18 1 1
github.com/yourorg/md-spec-tool/internal/ai/prompt_registry.go:21.18,23.3 1 0
github.com/yourorg/md-spec-tool/internal/ai/prompt_registry.go:25.2,26.25 2 1
github.com/yourorg/md-spec-tool/internal/ai/prompt_registry.go:26.25,28.3 1 1
github.com/yourorg/md-spec-tool/internal/ai/prompt_registry.go:29.2,29.52 1 1
github.com/yourorg/md-spec-tool/internal/ai/prompt_registry.go:40.42,45.2 1 1
github.com/yourorg/md-spec-tool/internal/ai/prompt_registry.go:48.54,59.36 7 1
github.com/yourorg/md-spec-tool/internal/ai/prompt_registry.go:59.36,60.40 1 1
github.com/yourorg/md-spec-tool/internal/ai/prompt_registry.go:60.40,63.9 3 1
github.com/yourorg/md-spec-tool/internal/ai/prompt_registry.go:66.2,66.12 1 1
github.com/yourorg/md-spec-tool/internal/ai/prompt_registry.go:66.12,68.3 1 1
github.com/yourorg/md-spec-tool/internal/ai/prompt_registry.go:69.2,69.32 1 1
github.com/yourorg/md-spec-tool/internal/ai/prompt_registry.go:75.61,80.31 4 1
github.com/yourorg/md-spec-tool/internal/ai/prompt_registry.go:80.31,82.3 1 1
github.com/yourorg/md-spec-tool/internal/ai/prompt_registry.go:85.2,85.59 1 1
github.com/yourorg/md-spec-tool/internal/ai/prompt_registry.go:85.59,86.30 1 1
github.com/yourorg/md-spec-tool/internal/ai/prompt_registry.go:86.30,87.29 1 1
github.com/yourorg/md-spec-tool/internal/ai/prompt_registry.go:87.29,89.5 1 1
github.com/yourorg/md-spec-tool/internal/ai/prompt_registry.go:94.2,95.55 2 1
github.com/yourorg/md-spec-tool/internal/ai/prompt_registry.go:95.55,96.30 1 0
github.com/yourorg/md-spec-tool/internal/ai/prompt_registry.go:96.30,97.31 1 0
github.com/yourorg/md-spec-tool/internal/ai/prompt_registry.go:97.31,99.5 1 0
github.com/yourorg/md-spec-tool/internal/ai/prompt_registry.go:104.2,104.40 1 1
github.com/yourorg/md-spec-tool/internal/ai/prompt_registry.go:108.65,112.2 3 1
github.com/yourorg/md-spec-tool/internal/ai/prompt_registry.go:115.58,119.2 3 0
github.com/yourorg/md-spec-tool/internal/ai/prompt_registry.go:122.47,127.37 4 1
github.com/yourorg/md-spec-tool/internal/ai/prompt_registry.go:127.37,128.24 1 1
github.com/yourorg/md-spec-tool/internal/ai/prompt_registry.go:128.24,130.4 1 1
github.com/yourorg/md-spec-tool/internal/ai/prompt_registry.go:132.2,132.15 1 1
github.com/yourorg/md-spec-tool/internal/ai/prompt_registry.go:137.33,139.23 2 1
github.com/yourorg/md-spec-tool/internal/ai/prompt_registry.go:139.23,140.27 1 1
github.com/yourorg/md-spec-tool/internal/ai/prompt_registry.go:140.27,142.4 1 1
github.com/yourorg/md-spec-tool/internal/ai/prompt_registry.go:142.9,144.4 1 1
github.com/yourorg/md-spec-tool/internal/ai/prompt_registry.go:146.2,146.23 1 1
github.com/yourorg/md-spec-tool/internal/ai/prompt_registry.go:161.46,196.2 8 1
github.com/yourorg/md-spec-tool/internal/ai/schemas.go:107.38,115.2 1 0
github.com/yourorg/md-spec-tool/internal/ai/service.go:89.29,100.2 1 0
github.com/yourorg/md-spec-tool/internal/ai/service.go:128.54,130.16 2 0
github.com/yourorg/md-spec-tool/internal/ai/service.go:130.16,132.3 1 0
github.com/yourorg/md-spec-tool/internal/ai/service.go:135.2,137.21 3 0
github.com/yourorg/md-spec-tool/internal/ai/service.go:137.21,139.3 1 0
github.com/yourorg/md-spec-tool/internal/ai/service.go:142.2,143.52 2 0
github.com/yourorg/md-spec-tool/internal/ai/service.go:143.52,145.3 1 0
github.com/yourorg/md-spec-tool/internal/ai/service.go:148.2,168.8 6 0
github.com/yourorg/md-spec-tool/internal/ai/service.go:172.40,174.2 1 0
github.com/yourorg/md-spec-tool/internal/ai/service.go:176.41,178.2 1 0
github.com/yourorg/md-spec-tool/internal/ai/service.go:181.108,184.21 2 0
github.com/yourorg/md-spec-tool/internal/ai/service.go:184.21,187.17 3 0
github.com/yourorg/md-spec-tool/internal/ai/service.go:187.17,188.47 1 0
github.com/yourorg/md-spec-tool/internal/ai/service.go:188.47,191.5 2 0
github.com/yourorg/md-spec-tool/internal/ai/service.go:196.2,196.63 1 0
github.com/yourorg/md-spec-tool/internal/ai/service.go:196.63,198.3 1 0
github.com/yourorg/md-spec-tool/internal/ai/service.go:201.2,205.53 2 0
github.com/yourorg/md-spec-tool/internal/ai/service.go:205.53,207.21 2 0
github.com/yourorg/md-spec-tool/internal/ai/service.go:207.21,209.4 1 0
github.com/yourorg/md-spec-tool/internal/ai/service.go:210.3,215.9 2 0
github.com/yourorg/md-spec-tool/internal/ai/service.go:219.2,221.16 2 0
github.com/yourorg/md-spec-tool/internal/ai/service.go:221.16,223.3 1 0
github.com/yourorg/md-spec-tool/internal/ai/service.go:226.2,229.95 2 0
github.com/yourorg/md-spec-tool/internal/ai/service.go:229.95,232.3 2 0
github.com/yourorg/md-spec-tool/internal/ai/service.go:234.2,234.39 1 0
github.com/yourorg/md-spec-tool/internal/ai/service.go:234.39,236.3 1 0
github.com/yourorg/md-spec-tool/internal/ai/service.go:238.2,238.20 1 0
github.com/yourorg/md-spec-tool/internal/ai/service.go:242.106,244.21 2 0
github.com/yourorg/md-spec-tool/internal/ai/service.go:244.21,247.17 3 0
github.com/yourorg/md-spec-tool/internal/ai/service.go:247.17,248.47 1 0
github.com/yourorg/md-spec-tool/internal/ai/service.go:248.47,251.5 2 0
github.com/yourorg/md-spec-tool/internal/ai/service.go:255.2,255.65 1 0
github.com/yourorg/md-spec-tool/internal/ai/service.go:255.65,257.3 1 0
github.com/yourorg/md-spec-tool/internal/ai/service.go:259.2,263.53 2 0
github.com/yourorg/md-spec-tool/internal/ai/service.go:263.53,265.21 2 0
github.com/yourorg/md-spec-tool/internal/ai/service.go:265.21,267.4 1 0
github.com/yourorg/md-spec-tool/internal/ai/service.go:268.3,273.9 2 0
github.com/yourorg/md-spec-tool/internal/ai/service.go:275.2,276.16 2 0
github.com/yourorg/md-spec-tool/internal/ai/service.go:276.16,278.3 1 0
github.com/yourorg/md-spec-tool/internal/ai/service.go:279.2,281.66 2 0
github.com/yourorg/md-spec-tool/internal/ai/service.go:281.66,284.3 2 0
github.com/yourorg/md-spec-tool/internal/ai/service.go:286.2,286.39 1 0
github.com/yourorg/md-spec-tool/internal/ai/service.go:286.39,288.3 1 0
github.com/yourorg/md-spec-tool/internal/ai/service.go:290.2,290.20 1 0
github.com/yourorg/md-spec-tool/internal/ai/service.go:294.111,296.21 2 0
github.com/yourorg/md-spec-tool/internal/ai/service.go:296.21,299.17 3 0
github.com/yourorg/md-spec-tool/internal/ai/service.go:299.17,300.47 1 0
github.com/yourorg/md-spec-tool/internal/ai/service.go:300.47,303.5 2 0
github.com/yourorg/md-spec-tool/internal/ai/service.go:307.2,307.64 1 0
github.com/yourorg/md-spec-tool/internal/ai/service.go:307.64,309.3 1 0
github.com/yourorg/md-spec-tool/internal/ai/service.go:311.2,315.53 2 0
github.com/yourorg/md-spec-tool/internal/ai/service.go:315.53,317.21 2 0
github.com/yourorg/md-spec-tool/internal/ai/service.go:317.21,319.4 1 0
github.com/yourorg/md-spec-tool/internal/ai/service.go:320.3,324.9 2 0
github.com/yourorg/md-spec-tool/internal/ai/service.go:326.2,327.16 2 0
github.com/yourorg/md-spec-tool/internal/ai/service.go:327.16,329.3 1 0
github.com/yourorg/md-spec-tool/internal/ai/service.go:330.2,332.39 2 0
github.com/yourorg/md-spec-tool/internal/ai/service.go:332.39,334.3 1 0
github.com/yourorg/md-spec-tool/internal/ai/service.go:336.2,336.20 1 0
github.com/yourorg/md-spec-tool/internal/ai/service.go:340.106,342.21 2 0
github.com/yourorg/md-spec-tool/internal/ai/service.go:342.21,345.17 3 0
github.com/yourorg/md-spec-tool/internal/ai/service.go:345.17,346.47 1 0
github.com/yourorg/md-spec-tool/internal/ai/service.go:346.47,349.5 2 0
github.com/yourorg/md-spec-tool/internal/ai/service.go:353.2,353.66 1 0
github.com/yourorg/md-spec-tool/internal/ai/service.go:353.66,355.3 1 0
github.com/yourorg/md-spec-tool/internal/ai/service.go:357.2,361.53 2 0
github.com/yourorg/md-spec-tool/internal/ai/service.go:361.53,363.21 2 0
github.com/yourorg/md-spec-tool/internal/ai/service.go:363.21,365.4 1 0
github.com/yourorg/md-spec-tool/internal/ai/service.go:366.3,371.9 2 0
github.com/yourorg/md-spec-tool/internal/ai/service.go:373.2,374.16 2 0
github.com/yourorg/md-spec-tool/internal/ai/service.go:374.16,376.3 1 0
github.com/yourorg/md-spec-tool/internal/ai/service.go:377.2,379.39 2 0
github.com/yourorg/md-spec-tool/internal/ai/service.go:379.39,381.3 1 0
github.com/yourorg/md-spec-tool/internal/ai/service.go:383.2,383.20 1 0
github.com/yourorg/md-spec-tool/internal/ai/service.go:387.127,389.21 2 0
github.com/yourorg/md-spec-tool/internal/ai/service.go:389.21,392.17 3 0
github.com/yourorg/md-spec-tool/internal/ai/service.go:392.17,393.47 1 0
github.com/yourorg/md-spec-tool/internal/ai/service.go:393.47,396.5 2 0
github.com/yourorg/md-spec-tool/internal/ai/service.go:400.2,400.69 1 0
github.com/yourorg/md-spec-tool/internal/ai/service.go:400.69,402.3 1 0
github.com/yourorg/md-spec-tool/internal/ai/service.go:404.2,408.53 2 0
github.com/yourorg/md-spec-tool/internal/ai/service.go:408.53,410.21 2 0
github.com/yourorg/md-spec-tool/internal/ai/service.go:410.21,412.4 1 0
github.com/yourorg/md-spec-tool/internal/ai/service.go:413.3,418.9 2 0
github.com/yourorg/md-spec-tool/internal/ai/service.go:420.2,421.16 2 0
github.com/yourorg/md-spec-tool/internal/ai/service.go:421.16,423.3 1 0
github.com/yourorg/md-spec-tool/internal/ai/service.go:424.2,426.39 2 0
github.com/yourorg/md-spec-tool/internal/ai/service.go:426.39,428.3 1 0
github.com/yourorg/md-spec-tool/internal/ai/service.go:430.2,430.20 1 0
github.com/yourorg/md-spec-tool/internal/ai/service.go:437.120,440.16 2 0
github.com/yourorg/md-spec-tool/internal/ai/service.go:440.16,442.3 1 0
github.com/yourorg/md-spec-tool/internal/ai/service.go:445.2,445.37 1 0
github.com/yourorg/md-spec-tool/internal/ai/service.go:445.37,450.41 3 0
github.com/yourorg/md-spec-tool/internal/ai/service.go:450.41,453.4 1 0
github.com/yourorg/md-spec-tool/internal/ai/service.go:454.3,454.88 1 0
github.com/yourorg/md-spec-tool/internal/ai/service.go:458.2,458.47 1 0
github.com/yourorg/md-spec-tool/internal/ai/service.go:463.150,466.45 2 0
github.com/yourorg/md-spec-tool/internal/ai/service.go:466.45,467.25 1 0
github.com/yourorg/md-spec-tool/internal/ai/service.go:467.25,469.4 1 0
github.com/yourorg/md-spec-tool/internal/ai/service.go:472.2,472.31 1 0
github.com/yourorg/md-spec-tool/internal/ai/service.go:472.31,475.3 1 0
github.com/yourorg/md-spec-tool/internal/ai/service.go:478.2,479.22 2 0
github.com/yourorg/md-spec-tool/internal/ai/service.go:479.22,481.3 1 0
github.com/yourorg/md-spec-tool/internal/ai/service.go:482.2,494.16 3 0
github.com/yourorg/md-spec-tool/internal/ai/service.go:494.16,496.3 1 0
github.com/yourorg/md-spec-tool/internal/ai/service.go:499.2,499.104 1 0
github.com/yourorg/md-spec-tool/internal/ai/service.go:499.104,502.3 2 0
github.com/yourorg/md-spec-tool/internal/ai/service.go:504.2,504.21 1 0
github.com/yourorg/md-spec-tool/internal/ai/service.go:509.97,513.43 3 1
github.com/yourorg/md-spec-tool/internal/ai/service.go:513.43,514.25 1 1
github.com/yourorg/md-spec-tool/internal/ai/service.go:514.25,522.4 1 1
github.com/yourorg/md-spec-tool/internal/ai/service.go:522.9,524.4 1 1
github.com/yourorg/md-spec-tool/internal/ai/service.go:528.2,532.28 3 1
github.com/yourorg/md-spec-tool/internal/ai/service.go:532.28,534.35 2 1
github.com/yourorg/md-spec-tool/internal/ai/service.go:534.35,536.4 1 1
github.com/yourorg/md-spec-tool/internal/ai/service.go:537.3,537.64 1 1
github.com/yourorg/md-spec-tool/internal/ai/service.go:538.8,540.3 1 1
github.com/yourorg/md-spec-tool/internal/ai/service.go:541.2,544.15 3 1
github.com/yourorg/md-spec-tool/internal/ai/service.go:549.90,550.29 1 0
github.com/yourorg/md-spec-tool/internal/ai/service.go:550.29,551.54 1 0
github.com/yourorg/md-spec-tool/internal/ai/service.go:551.54,553.4 1 0
github.com/yourorg/md-spec-tool/internal/ai/service.go:555.2,555.24 1 0
github.com/yourorg/md-spec-tool/internal/ai/service.go:562.59,563.28 1 1
github.com/yourorg/md-spec-tool/internal/ai/service.go:563.28,565.3 1 1
github.com/yourorg/md-spec-tool/internal/ai/service.go:566.2,567.9 2 1
github.com/yourorg/md-spec-tool/internal/ai/service.go:567.9,570.3 2 1
github.com/yourorg/md-spec-tool/internal/ai/service.go:571.2,571.12 1 1
github.com/yourorg/md-spec-tool/internal/ai/service.go:575.49,576.40 1 0
github.com/yourorg/md-spec-tool/internal/ai/service.go:576.40,578.3 1 0
github.com/yourorg/md-spec-tool/internal/ai/service.go:582.56,583.21 1 0
github.com/yourorg/md-spec-tool/internal/ai/service.go:583.21,588.54 1 0
github.com/yourorg/md-spec-tool/internal/ai/service.go:588.54,590.4 1 0
github.com/yourorg/md-spec-tool/internal/ai/service.go:595.63,607.16 2 0
github.com/yourorg/md-spec-tool/internal/ai/service.go:607.16,610.3 2 0
github.com/yourorg/md-spec-tool/internal/ai/service.go:610.8,612.3 1 0
github.com/yourorg/md-spec-tool/internal/ai/service.go:616.56,617.24 1 1
github.com/yourorg/md-spec-tool/internal/ai/service.go:617.24,619.3 1 1
github.com/yourorg/md-spec-tool/internal/ai/service.go:620.2,620.34 1 1
github.com/yourorg/md-spec-tool/internal/ai/service.go:624.52,625.26 1 1
github.com/yourorg/md-spec-tool/internal/ai/service.go:625.26,627.3 1 1
github.com/yourorg/md-spec-tool/internal/ai/service.go:628.2,628.35 1 1
github.com/yourorg/md-spec-tool/internal/ai/service.go:632.54,633.28 1 1
github.com/yourorg/md-spec-tool/internal/ai/service.go:633.28,635.3 1 1
github.com/yourorg/md-spec-tool/internal/ai/service.go:636.2,636.36 1 1
github.com/yourorg/md-spec-tool/internal/ai/service.go:640.55,641.24 1 1
github.com/yourorg/md-spec-tool/internal/ai/service.go:641.24,643.3 1 1
github.com/yourorg/md-spec-tool/internal/ai/service.go:644.2,644.39 1 1
github.com/yourorg/md-spec-tool/internal/ai/service.go:656.52,657.29 1 1
github.com/yourorg/md-spec-tool/internal/ai/service.go:657.29,659.3 1 0
github.com/yourorg/md-spec-tool/internal/ai/service.go:660.2,662.28 3 1
github.com/yourorg/md-spec-tool/internal/ai/service.go:662.28,669.3 1 1
github.com/yourorg/md-spec-tool/internal/ai/service.go:670.2,670.13 1 1
github.com/yourorg/md-spec-tool/internal/ai/service.go:674.62,675.27 1 1
github.com/yourorg/md-spec-tool/internal/ai/service.go:675.27,677.3 1 0
github.com/yourorg/md-spec-tool/internal/ai/service.go:678.2,678.34 1 1
github.com/yourorg/md-spec-tool/internal/ai/service.go:683.37,684.27 1 0
github.com/yourorg/md-spec-tool/internal/ai/service.go:684.27,686.3 1 0
github.com/yourorg/md-spec-tool/internal/ai/service.go:687.2,687.12 1 0
github.com/yourorg/md-spec-tool/internal/ai/test_exports.go:4.69,6.2 1 0
github.com/yourorg/md-spec-tool/internal/ai/test_exports.go:9.47,11.2 1 1
github.com/yourorg/md-spec-tool/internal/ai/test_exports.go:14.81,16.2 1 0
github.com/yourorg/md-spec-tool/internal/ai/test_exports.go:19.45,21.2 1 0
github.com/yourorg/md-spec-tool/internal/ai/test_exports.go:24.51,26.2 1 0
github.com/yourorg/md-spec-tool/internal/ai/test_exports.go:29.97,31.2 1 1
github.com/yourorg/md-spec-tool/internal/ai/test_exports.go:34.56,36.2 1 0
github.com/yourorg/md-spec-tool/internal/ai/tracing.go:46.100,52.2 1 1
github.com/yourorg/md-spec-tool/internal/ai/tracing.go:56.142,71.19 5 1
github.com/yourorg/md-spec-tool/internal/ai/tracing.go:71.19,75.3 3 1
github.com/yourorg/md-spec-tool/internal/ai/tracing.go:78.2,79.16 2 1
github.com/yourorg/md-spec-tool/internal/ai/tracing.go:79.16,82.3 2 1
github.com/yourorg/md-spec-tool/internal/ai/tracing.go:85.2,85.76 1 1
github.com/yourorg/md-spec-tool/internal/ai/tracing.go:85.76,87.3 1 1
github.com/yourorg/md-spec-tool/internal/ai/tracing.go:90.2,90.22 1 1
github.com/yourorg/md-spec-tool/internal/ai/tracing.go:90.22,102.3 1 1
github.com/yourorg/md-spec-tool/internal/ai/tracing.go:105.2,105.54 1 1
github.com/yourorg/md-spec-tool/internal/ai/tracing.go:105.54,107.3 1 1
github.com/yourorg/md-spec-tool/internal/ai/tracing.go:109.2,109.19 1 1
github.com/yourorg/md-spec-tool/internal/ai/tracing.go:113.42,114.16 1 1
github.com/yourorg/md-spec-tool/internal/ai/tracing.go:114.16,116.3 1 0
github.com/yourorg/md-spec-tool/internal/ai/tracing.go:118.2,119.33 2 1
github.com/yourorg/md-spec-tool/internal/ai/tracing.go:119.33,121.3 1 1
github.com/yourorg/md-spec-tool/internal/ai/tracing.go:124.2,124.9 1 1
github.com/yourorg/md-spec-tool/internal/ai/tracing.go:125.36,126.38 1 0
github.com/yourorg/md-spec-tool/internal/ai/tracing.go:127.38,128.38 1 0
github.com/yourorg/md-spec-tool/internal/ai/tracing.go:129.44,130.38 1 0
github.com/yourorg/md-spec-tool/internal/ai/tracing.go:131.40,132.40 1 0
github.com/yourorg/md-spec-tool/internal/ai/tracing.go:133.40,134.40 1 0
github.com/yourorg/md-spec-tool/internal/ai/tracing.go:135.10,136.19 1 1
github.com/yourorg/md-spec-tool/internal/ai/validator.go:11.32,13.36 2 1
github.com/yourorg/md-spec-tool/internal/ai/validator.go:13.36,15.3 1 1
github.com/yourorg/md-spec-tool/internal/ai/validator.go:16.2,16.44 1 1
github.com/yourorg/md-spec-tool/internal/ai/validator.go:21.78,23.2 1 0
github.com/yourorg/md-spec-tool/internal/ai/validator.go:27.106,28.19 1 0
github.com/yourorg/md-spec-tool/internal/ai/validator.go:28.19,30.3 1 0
github.com/yourorg/md-spec-tool/internal/ai/validator.go:33.2,33.56 1 0
github.com/yourorg/md-spec-tool/internal/ai/validator.go:33.56,35.3 1 0
github.com/yourorg/md-spec-tool/internal/ai/validator.go:38.2,40.43 3 0
github.com/yourorg/md-spec-tool/internal/ai/validator.go:40.43,41.28 1 0
github.com/yourorg/md-spec-tool/internal/ai/validator.go:41.28,42.12 1 0
github.com/yourorg/md-spec-tool/internal/ai/validator.go:44.3,45.43 2 0
github.com/yourorg/md-spec-tool/internal/ai/validator.go:47.2,51.34 3 0
github.com/yourorg/md-spec-tool/internal/ai/validator.go:51.34,53.19 2 0
github.com/yourorg/md-spec-tool/internal/ai/validator.go:53.19,55.4 1 0
github.com/yourorg/md-spec-tool/internal/ai/validator.go:56.3,56.41 1 0
github.com/yourorg/md-spec-tool/internal/ai/validator.go:57.8,57.41 1 0
github.com/yourorg/md-spec-tool/internal/ai/validator.go:57.41,59.3 1 0
github.com/yourorg/md-spec-tool/internal/ai/validator.go:60.2,60.37 1 0
github.com/yourorg/md-spec-tool/internal/ai/validator.go:60.37,62.44 2 0
github.com/yourorg/md-spec-tool/internal/ai/validator.go:62.44,64.4 1 0
github.com/yourorg/md-spec-tool/internal/ai/validator.go:65.3,65.73 1 0
github.com/yourorg/md-spec-tool/internal/ai/validator.go:66.8,68.3 1 0
github.com/yourorg/md-spec-tool/internal/ai/validator.go:71.2,71.43 1 0
github.com/yourorg/md-spec-tool/internal/ai/validator.go:71.43,73.55 1 0
github.com/yourorg/md-spec-tool/internal/ai/validator.go:73.55,75.4 1 0
github.com/yourorg/md-spec-tool/internal/ai/validator.go:78.3,78.43 1 0
github.com/yourorg/md-spec-tool/internal/ai/validator.go:78.43,80.4 1 0
github.com/yourorg/md-spec-tool/internal/ai/validator.go:83.3,83.24 1 0
github.com/yourorg/md-spec-tool/internal/ai/validator.go:83.24,85.4 1 0
github.com/yourorg/md-spec-tool/internal/ai/validator.go:86.3,86.55 1 0
github.com/yourorg/md-spec-tool/internal/ai/validator.go:86.55,88.4 1 0
github.com/yourorg/md-spec-tool/internal/ai/validator.go:91.3,91.29 1 0
github.com/yourorg/md-spec-tool/internal/ai/validator.go:91.29,93.4 1 0
github.com/yourorg/md-spec-tool/internal/ai/validator.go:96.3,96.38 1 0
github.com/yourorg/md-spec-tool/internal/ai/validator.go:96.38,97.48 1 0
github.com/yourorg/md-spec-tool/internal/ai/validator.go:97.48,99.5 1 0
github.com/yourorg/md-spec-tool/internal/ai/validator.go:100.4,100.27 1 0
github.com/yourorg/md-spec-tool/internal/ai/validator.go:100.27,102.5 1 0
github.com/yourorg/md-spec-tool/internal/ai/validator.go:107.2,107.44 1 0
github.com/yourorg/md-spec-tool/internal/ai/validator.go:107.44,108.51 1 0
github.com/yourorg/md-spec-tool/internal/ai/validator.go:108.51,110.4 1 0
github.com/yourorg/md-spec-tool/internal/ai/validator.go:111.3,111.28 1 0
github.com/yourorg/md-spec-tool/internal/ai/validator.go:111.28,113.4 1 0
github.com/yourorg/md-spec-tool/internal/ai/validator.go:114.3,114.59 1 0
github.com/yourorg/md-spec-tool/internal/ai/validator.go:114.59,116.4 1 0
github.com/yourorg/md-spec-tool/internal/ai/validator.go:120.2,120.102 1 0
github.com/yourorg/md-spec-tool/internal/ai/validator.go:120.102,122.3 1 0
github.com/yourorg/md-spec-tool/internal/ai/validator.go:124.2,124.68 1 0
github.com/yourorg/md-spec-tool/internal/ai/validator.go:124.68,126.3 1 0
github.com/yourorg/md-spec-tool/internal/ai/validator.go:128.2,128.12 1 0
github.com/yourorg/md-spec-tool/internal/ai/validator.go:132.72,133.19 1 0
github.com/yourorg/md-spec-tool/internal/ai/validator.go:133.19,135.3 1 0
github.com/yourorg/md-spec-tool/internal/ai/validator.go:138.2,138.56 1 0
github.com/yourorg/md-spec-tool/internal/ai/validator.go:138.56,140.3 1 0
github.com/yourorg/md-spec-tool/internal/ai/validator.go:143.2,155.40 2 0
github.com/yourorg/md-spec-tool/internal/ai/validator.go:155.40,157.3 1 0
github.com/yourorg/md-spec-tool/internal/ai/validator.go:160.2,167.42 2 0
github.com/yourorg/md-spec-tool/internal/ai/validator.go:167.42,169.3 1 0
github.com/yourorg/md-spec-tool/internal/ai/validator.go:172.2,176.43 2 0
github.com/yourorg/md-spec-tool/internal/ai/validator.go:176.43,178.3 1 0
github.com/yourorg/md-spec-tool/internal/ai/validator.go:181.2,181.52 1 0
github.com/yourorg/md-spec-tool/internal/ai/validator.go:181.52,183.3 1 0
github.com/yourorg/md-spec-tool/internal/ai/validator.go:186.2,186.37 1 0
github.com/yourorg/md-spec-tool/internal/ai/validator.go:186.37,188.50 2 0
github.com/yourorg/md-spec-tool/internal/ai/validator.go:188.50,189.31 1 0
github.com/yourorg/md-spec-tool/internal/ai/validator.go:189.31,191.5 1 0
github.com/yourorg/md-spec-tool/internal/ai/validator.go:195.2,195.12 1 0
github.com/yourorg/md-spec-tool/internal/ai/validator.go:200.124,205.25 3 0
github.com/yourorg/md-spec-tool/internal/ai/validator.go:205.25,212.3 1 0
github.com/yourorg/md-spec-tool/internal/ai/validator.go:215.2,216.43 2 0
github.com/yourorg/md-spec-tool/internal/ai/validator.go:216.43,217.92 1 0
github.com/yourorg/md-spec-tool/internal/ai/validator.go:217.92,224.4 1 0
github.com/yourorg/md-spec-tool/internal/ai/validator.go:225.3,225.47 1 0
github.com/yourorg/md-spec-tool/internal/ai/validator.go:229.2,229.43 1 0
github.com/yourorg/md-spec-tool/internal/ai/validator.go:229.43,230.45 1 0
github.com/yourorg/md-spec-tool/internal/ai/validator.go:230.45,237.4 1 0
github.com/yourorg/md-spec-tool/internal/ai/validator.go:240.3,240.30 1 0
github.com/yourorg/md-spec-tool/internal/ai/validator.go:240.30,241.39 1 0
github.com/yourorg/md-spec-tool/internal/ai/validator.go:241.39,242.38 1 0
github.com/yourorg/md-spec-tool/internal/ai/validator.go:242.38,249.11 2 0
github.com/yourorg/md-spec-tool/internal/ai/validator.go:256.2,258.43 3 0
github.com/yourorg/md-spec-tool/internal/ai/validator.go:258.43,260.3 1 0
github.com/yourorg/md-spec-tool/internal/ai/validator.go:262.2,262.44 1 0
github.com/yourorg/md-spec-tool/internal/ai/validator.go:262.44,263.30 1 0
github.com/yourorg/md-spec-tool/internal/ai/validator.go:263.30,270.4 1 0
github.com/yourorg/md-spec-tool/internal/ai/validator.go:274.2,275.21 2 0
github.com/yourorg/md-spec-tool/internal/ai/validator.go:275.21,277.32 2 0
github.com/yourorg/md-spec-tool/internal/ai/validator.go:277.32,278.33 1 0
github.com/yourorg/md-spec-tool/internal/ai/validator.go:278.33,280.10 2 0
github.com/yourorg/md-spec-tool/internal/ai/validator.go:286.2,287.20 2 0
github.com/yourorg/md-spec-tool/internal/ai/validator.go:287.20,289.3 1 0
github.com/yourorg/md-spec-tool/internal/ai/validator.go:290.2,290.20 1 0
github.com/yourorg/md-spec-tool/internal/ai/validator.go:290.20,292.3 1 0
github.com/yourorg/md-spec-tool/internal/ai/validator.go:294.2,299.3 1 0
github.com/yourorg/md-spec-tool/internal/ai/validator.go:303.56,312.42 2 0
github.com/yourorg/md-spec-tool/internal/ai/validator.go:312.42,314.3 1 0
github.com/yourorg/md-spec-tool/internal/ai/validator.go:315.2,315.34 1 0
github.com/yourorg/md-spec-tool/internal/ai/validator.go:319.41,320.13 1 0
github.com/yourorg/md-spec-tool/internal/ai/validator.go:320.13,322.3 1 0
github.com/yourorg/md-spec-tool/internal/ai/validator.go:323.2,323.13 1 0
github.com/yourorg/md-spec-tool/internal/ai/validator.go:323.13,325.3 1 0
github.com/yourorg/md-spec-tool/internal/ai/validator.go:326.2,326.10 1 0
github.com/yourorg/md-spec-tool/internal/ai/validator.go:332.76,333.19 1 1
github.com/yourorg/md-spec-tool/internal/ai/validator.go:333.19,335.3 1 1
github.com/yourorg/md-spec-tool/internal/ai/validator.go:337.2,338.47 2 1
github.com/yourorg/md-spec-tool/internal/ai/validator.go:338.47,340.32 1 1
github.com/yourorg/md-spec-tool/internal/ai/validator.go:340.32,342.4 1 1
github.com/yourorg/md-spec-tool/internal/ai/validator.go:343.3,346.53 2 1
github.com/yourorg/md-spec-tool/internal/ai/validator.go:346.53,348.4 1 1
github.com/yourorg/md-spec-tool/internal/ai/validator.go:351.3,351.28 1 1
github.com/yourorg/md-spec-tool/internal/ai/validator.go:351.28,353.4 1 1
github.com/yourorg/md-spec-tool/internal/ai/validator.go:356.3,356.57 1 1
github.com/yourorg/md-spec-tool/internal/ai/validator.go:356.57,358.4 1 1
github.com/yourorg/md-spec-tool/internal/ai/validator.go:360.2,360.12 1 1
